13:58:45.232 java.sql.SQLSyntaxErrorException: ORA-00942: table or view does not exist

	at oracle.jdbc.driver.T4CTTIoer.processError(T4CTTIoer.java:445)
	at oracle.jdbc.driver.T4CTTIoer.processError(T4CTTIoer.java:396)
	at oracle.jdbc.driver.T4C8Oall.processError(T4C8Oall.java:879)
	at oracle.jdbc.driver.T4CTTIfun.receive(T4CTTIfun.java:450)
	at oracle.jdbc.driver.T4CTTIfun.doRPC(T4CTTIfun.java:192)
	at oracle.jdbc.driver.T4C8Oall.doOALL(T4C8Oall.java:531)
	at oracle.jdbc.driver.T4CPreparedStatement.doOall8(T4CPreparedStatement.java:207)
	at oracle.jdbc.driver.T4CPreparedStatement.executeForRows(T4CPreparedStatement.java:1044)
	at oracle.jdbc.driver.OracleStatement.doExecuteWithTimeout(OracleStatement.java:1329)
	at oracle.jdbc.driver.OraclePreparedStatement.executeInternal(OraclePreparedStatement.java:3584)
	at oracle.jdbc.driver.OraclePreparedStatement.executeUpdate(OraclePreparedStatement.java:3665)
	at oracle.jdbc.driver.OraclePreparedStatementWrapper.executeUpdate(OraclePreparedStatementWrapper.java:1352)
	at com.tlc.common.DbWrapper.QueryUpdate(DbWrapper.java:271)
	at com.tlc.common.SystemInfo.addAuditTrail(SystemInfo.java:150)
	at com.tlc.common.SystemInfo.<clinit>(SystemInfo.java:86)
	at com.psi.reports.m.EwalletPaymentsCollection.hasRows(EwalletPaymentsCollection.java:18)
	at com.psi.reports.c.EwalletPaymentsAdminColCommand.execute(EwalletPaymentsAdminColCommand.java:38)
	at com.psi.remittance.test.Tester.RegisteredProduct(Tester.java:37)
	at com.psi.remittance.test.Tester.main(Tester.java:29)
~SU5TRVJUIElOVE8gVEJMWkFVRElUVFJBSUwgKFVTRVJOQU1FLFVTRVJJRCxMT0csSVApIFZBTFVFUyg/LD8sPyw/KQ==
13:58:46.575 java.sql.SQLSyntaxErrorException: ORA-00942: table or view does not exist

	at oracle.jdbc.driver.T4CTTIoer.processError(T4CTTIoer.java:445)
	at oracle.jdbc.driver.T4CTTIoer.processError(T4CTTIoer.java:396)
	at oracle.jdbc.driver.T4C8Oall.processError(T4C8Oall.java:879)
	at oracle.jdbc.driver.T4CTTIfun.receive(T4CTTIfun.java:450)
	at oracle.jdbc.driver.T4CTTIfun.doRPC(T4CTTIfun.java:192)
	at oracle.jdbc.driver.T4C8Oall.doOALL(T4C8Oall.java:531)
	at oracle.jdbc.driver.T4CPreparedStatement.doOall8(T4CPreparedStatement.java:207)
	at oracle.jdbc.driver.T4CPreparedStatement.executeForDescribe(T4CPreparedStatement.java:884)
	at oracle.jdbc.driver.OracleStatement.executeMaybeDescribe(OracleStatement.java:1167)
	at oracle.jdbc.driver.OracleStatement.doExecuteWithTimeout(OracleStatement.java:1289)
	at oracle.jdbc.driver.OraclePreparedStatement.executeInternal(OraclePreparedStatement.java:3584)
	at oracle.jdbc.driver.OraclePreparedStatement.executeQuery(OraclePreparedStatement.java:3628)
	at oracle.jdbc.driver.OraclePreparedStatementWrapper.executeQuery(OraclePreparedStatementWrapper.java:1493)
	at com.tlc.common.DbWrapper.QueryDataRows(DbWrapper.java:369)
	at com.tlc.common.SystemInfo.<clinit>(SystemInfo.java:107)
	at com.psi.reports.m.EwalletPaymentsCollection.hasRows(EwalletPaymentsCollection.java:18)
	at com.psi.reports.c.EwalletPaymentsAdminColCommand.execute(EwalletPaymentsAdminColCommand.java:38)
	at com.psi.remittance.test.Tester.RegisteredProduct(Tester.java:37)
	at com.psi.remittance.test.Tester.main(Tester.java:29)
~U0VMRUNUIExBTkdVQUdFLCBERVNDUklQVElPTiBGUk9NIFRCTExBTkdVQUdF
13:58:47.470 java.sql.SQLSyntaxErrorException: ORA-00942: table or view does not exist

	at oracle.jdbc.driver.T4CTTIoer.processError(T4CTTIoer.java:445)
	at oracle.jdbc.driver.T4CTTIoer.processError(T4CTTIoer.java:396)
	at oracle.jdbc.driver.T4C8Oall.processError(T4C8Oall.java:879)
	at oracle.jdbc.driver.T4CTTIfun.receive(T4CTTIfun.java:450)
	at oracle.jdbc.driver.T4CTTIfun.doRPC(T4CTTIfun.java:192)
	at oracle.jdbc.driver.T4C8Oall.doOALL(T4C8Oall.java:531)
	at oracle.jdbc.driver.T4CPreparedStatement.doOall8(T4CPreparedStatement.java:207)
	at oracle.jdbc.driver.T4CPreparedStatement.executeForDescribe(T4CPreparedStatement.java:884)
	at oracle.jdbc.driver.OracleStatement.executeMaybeDescribe(OracleStatement.java:1167)
	at oracle.jdbc.driver.OracleStatement.doExecuteWithTimeout(OracleStatement.java:1289)
	at oracle.jdbc.driver.OraclePreparedStatement.executeInternal(OraclePreparedStatement.java:3584)
	at oracle.jdbc.driver.OraclePreparedStatement.executeQuery(OraclePreparedStatement.java:3628)
	at oracle.jdbc.driver.OraclePreparedStatementWrapper.executeQuery(OraclePreparedStatementWrapper.java:1493)
	at com.tlc.common.DbWrapper.QueryDataRows(DbWrapper.java:369)
	at com.tlc.common.SystemInfo.<clinit>(SystemInfo.java:124)
	at com.psi.reports.m.EwalletPaymentsCollection.hasRows(EwalletPaymentsCollection.java:18)
	at com.psi.reports.c.EwalletPaymentsAdminColCommand.execute(EwalletPaymentsAdminColCommand.java:38)
	at com.psi.remittance.test.Tester.RegisteredProduct(Tester.java:37)
	at com.psi.remittance.test.Tester.main(Tester.java:29)
~U0VMRUNUIEFDQ09VTlRUWVBFLCBERVNDUklQVElPTiBGUk9NIFRCTEFDQ09VTlRUWVBF
13:59:27.839 java.sql.SQLSyntaxErrorException: ORA-00942: table or view does not exist

	at oracle.jdbc.driver.T4CTTIoer.processError(T4CTTIoer.java:445)
	at oracle.jdbc.driver.T4CTTIoer.processError(T4CTTIoer.java:396)
	at oracle.jdbc.driver.T4C8Oall.processError(T4C8Oall.java:879)
	at oracle.jdbc.driver.T4CTTIfun.receive(T4CTTIfun.java:450)
	at oracle.jdbc.driver.T4CTTIfun.doRPC(T4CTTIfun.java:192)
	at oracle.jdbc.driver.T4C8Oall.doOALL(T4C8Oall.java:531)
	at oracle.jdbc.driver.T4CPreparedStatement.doOall8(T4CPreparedStatement.java:207)
	at oracle.jdbc.driver.T4CPreparedStatement.executeForRows(T4CPreparedStatement.java:1044)
	at oracle.jdbc.driver.OracleStatement.doExecuteWithTimeout(OracleStatement.java:1329)
	at oracle.jdbc.driver.OraclePreparedStatement.executeInternal(OraclePreparedStatement.java:3584)
	at oracle.jdbc.driver.OraclePreparedStatement.executeUpdate(OraclePreparedStatement.java:3665)
	at oracle.jdbc.driver.OraclePreparedStatementWrapper.executeUpdate(OraclePreparedStatementWrapper.java:1352)
	at com.tlc.common.DbWrapper.QueryUpdate(DbWrapper.java:271)
	at com.tlc.common.SystemInfo.addAuditTrail(SystemInfo.java:150)
	at com.tlc.common.SystemInfo.<clinit>(SystemInfo.java:86)
	at com.psi.reports.m.EwalletPaymentsCollection.hasRows(EwalletPaymentsCollection.java:18)
	at com.psi.reports.c.EwalletPaymentsAdminColCommand.execute(EwalletPaymentsAdminColCommand.java:38)
	at com.psi.remittance.test.Tester.RegisteredProduct(Tester.java:37)
	at com.psi.remittance.test.Tester.main(Tester.java:29)
~SU5TRVJUIElOVE8gVEJMWkFVRElUVFJBSUwgKFVTRVJOQU1FLFVTRVJJRCxMT0csSVApIFZBTFVFUyg/LD8sPyw/KQ==
13:59:29.174 java.sql.SQLSyntaxErrorException: ORA-00942: table or view does not exist

	at oracle.jdbc.driver.T4CTTIoer.processError(T4CTTIoer.java:445)
	at oracle.jdbc.driver.T4CTTIoer.processError(T4CTTIoer.java:396)
	at oracle.jdbc.driver.T4C8Oall.processError(T4C8Oall.java:879)
	at oracle.jdbc.driver.T4CTTIfun.receive(T4CTTIfun.java:450)
	at oracle.jdbc.driver.T4CTTIfun.doRPC(T4CTTIfun.java:192)
	at oracle.jdbc.driver.T4C8Oall.doOALL(T4C8Oall.java:531)
	at oracle.jdbc.driver.T4CPreparedStatement.doOall8(T4CPreparedStatement.java:207)
	at oracle.jdbc.driver.T4CPreparedStatement.executeForDescribe(T4CPreparedStatement.java:884)
	at oracle.jdbc.driver.OracleStatement.executeMaybeDescribe(OracleStatement.java:1167)
	at oracle.jdbc.driver.OracleStatement.doExecuteWithTimeout(OracleStatement.java:1289)
	at oracle.jdbc.driver.OraclePreparedStatement.executeInternal(OraclePreparedStatement.java:3584)
	at oracle.jdbc.driver.OraclePreparedStatement.executeQuery(OraclePreparedStatement.java:3628)
	at oracle.jdbc.driver.OraclePreparedStatementWrapper.executeQuery(OraclePreparedStatementWrapper.java:1493)
	at com.tlc.common.DbWrapper.QueryDataRows(DbWrapper.java:369)
	at com.tlc.common.SystemInfo.<clinit>(SystemInfo.java:107)
	at com.psi.reports.m.EwalletPaymentsCollection.hasRows(EwalletPaymentsCollection.java:18)
	at com.psi.reports.c.EwalletPaymentsAdminColCommand.execute(EwalletPaymentsAdminColCommand.java:38)
	at com.psi.remittance.test.Tester.RegisteredProduct(Tester.java:37)
	at com.psi.remittance.test.Tester.main(Tester.java:29)
~U0VMRUNUIExBTkdVQUdFLCBERVNDUklQVElPTiBGUk9NIFRCTExBTkdVQUdF
13:59:30.031 java.sql.SQLSyntaxErrorException: ORA-00942: table or view does not exist

	at oracle.jdbc.driver.T4CTTIoer.processError(T4CTTIoer.java:445)
	at oracle.jdbc.driver.T4CTTIoer.processError(T4CTTIoer.java:396)
	at oracle.jdbc.driver.T4C8Oall.processError(T4C8Oall.java:879)
	at oracle.jdbc.driver.T4CTTIfun.receive(T4CTTIfun.java:450)
	at oracle.jdbc.driver.T4CTTIfun.doRPC(T4CTTIfun.java:192)
	at oracle.jdbc.driver.T4C8Oall.doOALL(T4C8Oall.java:531)
	at oracle.jdbc.driver.T4CPreparedStatement.doOall8(T4CPreparedStatement.java:207)
	at oracle.jdbc.driver.T4CPreparedStatement.executeForDescribe(T4CPreparedStatement.java:884)
	at oracle.jdbc.driver.OracleStatement.executeMaybeDescribe(OracleStatement.java:1167)
	at oracle.jdbc.driver.OracleStatement.doExecuteWithTimeout(OracleStatement.java:1289)
	at oracle.jdbc.driver.OraclePreparedStatement.executeInternal(OraclePreparedStatement.java:3584)
	at oracle.jdbc.driver.OraclePreparedStatement.executeQuery(OraclePreparedStatement.java:3628)
	at oracle.jdbc.driver.OraclePreparedStatementWrapper.executeQuery(OraclePreparedStatementWrapper.java:1493)
	at com.tlc.common.DbWrapper.QueryDataRows(DbWrapper.java:369)
	at com.tlc.common.SystemInfo.<clinit>(SystemInfo.java:124)
	at com.psi.reports.m.EwalletPaymentsCollection.hasRows(EwalletPaymentsCollection.java:18)
	at com.psi.reports.c.EwalletPaymentsAdminColCommand.execute(EwalletPaymentsAdminColCommand.java:38)
	at com.psi.remittance.test.Tester.RegisteredProduct(Tester.java:37)
	at com.psi.remittance.test.Tester.main(Tester.java:29)
~U0VMRUNUIEFDQ09VTlRUWVBFLCBERVNDUklQVElPTiBGUk9NIFRCTEFDQ09VTlRUWVBF
