17:18:23.315 TBLLANGUAGE not configured!
17:18:58.860 TBLLANGUAGE not configured!
17:20:07.499 TBLLANGUAGE not configured!
17:22:41.405 DBConnection unavailable!
17:22:41.422 java.sql.SQLRecoverableException: IO Error: Connection reset
	at oracle.jdbc.driver.T4CConnection.logon(T4CConnection.java:467)
	at oracle.jdbc.driver.PhysicalConnection.<init>(PhysicalConnection.java:546)
	at oracle.jdbc.driver.T4CConnection.<init>(T4CConnection.java:236)
	at oracle.jdbc.driver.T4CDriverExtension.getConnection(T4CDriverExtension.java:32)
	at oracle.jdbc.driver.OracleDriver.connect(OracleDriver.java:521)
	at oracle.jdbc.pool.OracleDataSource.getPhysicalConnection(OracleDataSource.java:280)
	at oracle.jdbc.pool.OracleDataSource.getConnection(OracleDataSource.java:207)
	at oracle.jdbc.pool.OracleConnectionPoolDataSource.getPhysicalConnection(OracleConnectionPoolDataSource.java:139)
	at oracle.jdbc.pool.OracleConnectionPoolDataSource.getPooledConnection(OracleConnectionPoolDataSource.java:88)
	at oracle.jdbc.pool.OracleImplicitConnectionCache.makeCacheConnection(OracleImplicitConnectionCache.java:1598)
	at oracle.jdbc.pool.OracleImplicitConnectionCache.makeOneConnection(OracleImplicitConnectionCache.java:515)
	at oracle.jdbc.pool.OracleImplicitConnectionCache.getCacheConnection(OracleImplicitConnectionCache.java:475)
	at oracle.jdbc.pool.OracleImplicitConnectionCache.getConnection(OracleImplicitConnectionCache.java:357)
	at oracle.jdbc.pool.OracleDataSource.getConnection(OracleDataSource.java:395)
	at oracle.jdbc.pool.OracleDataSource.getConnection(OracleDataSource.java:179)
	at oracle.jdbc.pool.OracleDataSource.getConnection(OracleDataSource.java:157)
	at com.tlc.common.DbWrapper.GetConnection(DbWrapper.java:357)
	at com.tlc.common.DbWrapper.QueryUpdate(DbWrapper.java:226)
	at com.tlc.common.SystemInfo.addAuditTrail(SystemInfo.java:150)
	at com.tlc.common.SystemInfo.<clinit>(SystemInfo.java:86)
	at com.tlc.gui.modules.common.Model.<init>(Model.java:25)
	at com.tlc.gui.modules.session.UISession.<init>(UISession.java:37)
	at com.tlc.absmobile.bp.session.AbstractExistingSession.<init>(AbstractExistingSession.java:11)
	at com.tlc.gui.absmobile.modules.session.m.ExistingSession.<init>(ExistingSession.java:33)
	at com.tlc.gui.absmobile.modules.session.m.ExistingSession.parse(ExistingSession.java:23)
	at com.tlc.gui.absmobile.modules.session.c.MonitorCommand.execute(MonitorCommand.java:19)
	at com.tlc.gui.absmobile.modules.session.unit.Test.monitor(Test.java:36)
	at com.tlc.gui.absmobile.modules.session.unit.Test.main(Test.java:16)
Caused by: java.net.SocketException: Connection reset
	at java.net.SocketInputStream.read(Unknown Source)
	at java.net.SocketInputStream.read(Unknown Source)
	at oracle.net.ns.Packet.receive(Packet.java:300)
	at oracle.net.ns.NSProtocol.connect(NSProtocol.java:296)
	at oracle.jdbc.driver.T4CConnection.connect(T4CConnection.java:1102)
	at oracle.jdbc.driver.T4CConnection.logon(T4CConnection.java:320)
	... 27 more

17:23:47.250 TBLLANGUAGE not configured!
17:35:08.969 TBLLANGUAGE not configured!
17:37:04.039 TBLLANGUAGE not configured!
17:47:07.309 TBLLANGUAGE not configured!
17:49:59.421 TBLLANGUAGE not configured!
17:52:20.512 TBLLANGUAGE not configured!
17:53:57.295 TBLLANGUAGE not configured!
