12:00:00.036 java.sql.SQLSyntaxErrorException: ORA-00942: table or view does not exist

	at oracle.jdbc.driver.T4CTTIoer.processError(T4CTTIoer.java:445)
	at oracle.jdbc.driver.T4CTTIoer.processError(T4CTTIoer.java:396)
	at oracle.jdbc.driver.T4C8Oall.processError(T4C8Oall.java:879)
	at oracle.jdbc.driver.T4CTTIfun.receive(T4CTTIfun.java:450)
	at oracle.jdbc.driver.T4CTTIfun.doRPC(T4CTTIfun.java:192)
	at oracle.jdbc.driver.T4C8Oall.doOALL(T4C8Oall.java:531)
	at oracle.jdbc.driver.T4CPreparedStatement.doOall8(T4CPreparedStatement.java:207)
	at oracle.jdbc.driver.T4CPreparedStatement.executeForDescribe(T4CPreparedStatement.java:884)
	at oracle.jdbc.driver.OracleStatement.executeMaybeDescribe(OracleStatement.java:1167)
	at oracle.jdbc.driver.OracleStatement.doExecuteWithTimeout(OracleStatement.java:1289)
	at oracle.jdbc.driver.OraclePreparedStatement.executeInternal(OraclePreparedStatement.java:3584)
	at oracle.jdbc.driver.OraclePreparedStatement.executeQuery(OraclePreparedStatement.java:3628)
	at oracle.jdbc.driver.OraclePreparedStatementWrapper.executeQuery(OraclePreparedStatementWrapper.java:1493)
	at com.tlc.common.DbWrapper.QueryDataRows(DbWrapper.java:369)
	at com.tlc.common.SystemInfo.<clinit>(SystemInfo.java:124)
	at com.psi.recon.management.m.ProviderPercentage.hasRows(ProviderPercentage.java:15)
	at com.psi.recon.management.c.ProviderPercentageCommand.execute(ProviderPercentageCommand.java:17)
	at test.main.test(main.java:25)
	at test.main.main(main.java:11)
~U0VMRUNUIEFDQ09VTlRUWVBFLCBERVNDUklQVElPTiBGUk9NIFRCTEFDQ09VTlRUWVBF
12:00:46.259 java.sql.SQLSyntaxErrorException: ORA-00942: table or view does not exist

	at oracle.jdbc.driver.T4CTTIoer.processError(T4CTTIoer.java:445)
	at oracle.jdbc.driver.T4CTTIoer.processError(T4CTTIoer.java:396)
	at oracle.jdbc.driver.T4C8Oall.processError(T4C8Oall.java:879)
	at oracle.jdbc.driver.T4CTTIfun.receive(T4CTTIfun.java:450)
	at oracle.jdbc.driver.T4CTTIfun.doRPC(T4CTTIfun.java:192)
	at oracle.jdbc.driver.T4C8Oall.doOALL(T4C8Oall.java:531)
	at oracle.jdbc.driver.T4CPreparedStatement.doOall8(T4CPreparedStatement.java:207)
	at oracle.jdbc.driver.T4CPreparedStatement.executeForRows(T4CPreparedStatement.java:1044)
	at oracle.jdbc.driver.OracleStatement.doExecuteWithTimeout(OracleStatement.java:1329)
	at oracle.jdbc.driver.OraclePreparedStatement.executeInternal(OraclePreparedStatement.java:3584)
	at oracle.jdbc.driver.OraclePreparedStatement.executeUpdate(OraclePreparedStatement.java:3665)
	at oracle.jdbc.driver.OraclePreparedStatementWrapper.executeUpdate(OraclePreparedStatementWrapper.java:1352)
	at com.tlc.common.DbWrapper.QueryUpdate(DbWrapper.java:271)
	at com.tlc.common.SystemInfo.addAuditTrail(SystemInfo.java:150)
	at com.tlc.common.SystemInfo.<clinit>(SystemInfo.java:86)
	at com.psi.recon.management.m.MonthlyPercentage.hasRows(MonthlyPercentage.java:15)
	at com.psi.recon.management.c.MonthlyPercentageCommand.execute(MonthlyPercentageCommand.java:18)
	at test.main.test(main.java:24)
	at test.main.main(main.java:10)
~SU5TRVJUIElOVE8gVEJMWkFVRElUVFJBSUwgKFVTRVJOQU1FLFVTRVJJRCxMT0csSVApIFZBTFVFUyg/LD8sPyw/KQ==
12:00:46.959 java.sql.SQLSyntaxErrorException: ORA-00942: table or view does not exist

	at oracle.jdbc.driver.T4CTTIoer.processError(T4CTTIoer.java:445)
	at oracle.jdbc.driver.T4CTTIoer.processError(T4CTTIoer.java:396)
	at oracle.jdbc.driver.T4C8Oall.processError(T4C8Oall.java:879)
	at oracle.jdbc.driver.T4CTTIfun.receive(T4CTTIfun.java:450)
	at oracle.jdbc.driver.T4CTTIfun.doRPC(T4CTTIfun.java:192)
	at oracle.jdbc.driver.T4C8Oall.doOALL(T4C8Oall.java:531)
	at oracle.jdbc.driver.T4CPreparedStatement.doOall8(T4CPreparedStatement.java:207)
	at oracle.jdbc.driver.T4CPreparedStatement.executeForDescribe(T4CPreparedStatement.java:884)
	at oracle.jdbc.driver.OracleStatement.executeMaybeDescribe(OracleStatement.java:1167)
	at oracle.jdbc.driver.OracleStatement.doExecuteWithTimeout(OracleStatement.java:1289)
	at oracle.jdbc.driver.OraclePreparedStatement.executeInternal(OraclePreparedStatement.java:3584)
	at oracle.jdbc.driver.OraclePreparedStatement.executeQuery(OraclePreparedStatement.java:3628)
	at oracle.jdbc.driver.OraclePreparedStatementWrapper.executeQuery(OraclePreparedStatementWrapper.java:1493)
	at com.tlc.common.DbWrapper.QueryDataRows(DbWrapper.java:369)
	at com.tlc.common.SystemInfo.<clinit>(SystemInfo.java:107)
	at com.psi.recon.management.m.MonthlyPercentage.hasRows(MonthlyPercentage.java:15)
	at com.psi.recon.management.c.MonthlyPercentageCommand.execute(MonthlyPercentageCommand.java:18)
	at test.main.test(main.java:24)
	at test.main.main(main.java:10)
~U0VMRUNUIExBTkdVQUdFLCBERVNDUklQVElPTiBGUk9NIFRCTExBTkdVQUdF
12:00:47.336 java.sql.SQLSyntaxErrorException: ORA-00942: table or view does not exist

	at oracle.jdbc.driver.T4CTTIoer.processError(T4CTTIoer.java:445)
	at oracle.jdbc.driver.T4CTTIoer.processError(T4CTTIoer.java:396)
	at oracle.jdbc.driver.T4C8Oall.processError(T4C8Oall.java:879)
	at oracle.jdbc.driver.T4CTTIfun.receive(T4CTTIfun.java:450)
	at oracle.jdbc.driver.T4CTTIfun.doRPC(T4CTTIfun.java:192)
	at oracle.jdbc.driver.T4C8Oall.doOALL(T4C8Oall.java:531)
	at oracle.jdbc.driver.T4CPreparedStatement.doOall8(T4CPreparedStatement.java:207)
	at oracle.jdbc.driver.T4CPreparedStatement.executeForDescribe(T4CPreparedStatement.java:884)
	at oracle.jdbc.driver.OracleStatement.executeMaybeDescribe(OracleStatement.java:1167)
	at oracle.jdbc.driver.OracleStatement.doExecuteWithTimeout(OracleStatement.java:1289)
	at oracle.jdbc.driver.OraclePreparedStatement.executeInternal(OraclePreparedStatement.java:3584)
	at oracle.jdbc.driver.OraclePreparedStatement.executeQuery(OraclePreparedStatement.java:3628)
	at oracle.jdbc.driver.OraclePreparedStatementWrapper.executeQuery(OraclePreparedStatementWrapper.java:1493)
	at com.tlc.common.DbWrapper.QueryDataRows(DbWrapper.java:369)
	at com.tlc.common.SystemInfo.<clinit>(SystemInfo.java:124)
	at com.psi.recon.management.m.MonthlyPercentage.hasRows(MonthlyPercentage.java:15)
	at com.psi.recon.management.c.MonthlyPercentageCommand.execute(MonthlyPercentageCommand.java:18)
	at test.main.test(main.java:24)
	at test.main.main(main.java:10)
~U0VMRUNUIEFDQ09VTlRUWVBFLCBERVNDUklQVElPTiBGUk9NIFRCTEFDQ09VTlRUWVBF
12:01:04.032 java.sql.SQLSyntaxErrorException: ORA-00942: table or view does not exist

	at oracle.jdbc.driver.T4CTTIoer.processError(T4CTTIoer.java:445)
	at oracle.jdbc.driver.T4CTTIoer.processError(T4CTTIoer.java:396)
	at oracle.jdbc.driver.T4C8Oall.processError(T4C8Oall.java:879)
	at oracle.jdbc.driver.T4CTTIfun.receive(T4CTTIfun.java:450)
	at oracle.jdbc.driver.T4CTTIfun.doRPC(T4CTTIfun.java:192)
	at oracle.jdbc.driver.T4C8Oall.doOALL(T4C8Oall.java:531)
	at oracle.jdbc.driver.T4CPreparedStatement.doOall8(T4CPreparedStatement.java:207)
	at oracle.jdbc.driver.T4CPreparedStatement.executeForRows(T4CPreparedStatement.java:1044)
	at oracle.jdbc.driver.OracleStatement.doExecuteWithTimeout(OracleStatement.java:1329)
	at oracle.jdbc.driver.OraclePreparedStatement.executeInternal(OraclePreparedStatement.java:3584)
	at oracle.jdbc.driver.OraclePreparedStatement.executeUpdate(OraclePreparedStatement.java:3665)
	at oracle.jdbc.driver.OraclePreparedStatementWrapper.executeUpdate(OraclePreparedStatementWrapper.java:1352)
	at com.tlc.common.DbWrapper.QueryUpdate(DbWrapper.java:271)
	at com.tlc.common.SystemInfo.addAuditTrail(SystemInfo.java:150)
	at com.tlc.common.SystemInfo.<clinit>(SystemInfo.java:86)
	at com.psi.recon.management.m.ProviderPercentage.hasRows(ProviderPercentage.java:15)
	at com.psi.recon.management.c.ProviderPercentageCommand.execute(ProviderPercentageCommand.java:17)
	at test.main.test(main.java:25)
	at test.main.main(main.java:11)
~SU5TRVJUIElOVE8gVEJMWkFVRElUVFJBSUwgKFVTRVJOQU1FLFVTRVJJRCxMT0csSVApIFZBTFVFUyg/LD8sPyw/KQ==
12:01:04.623 java.sql.SQLSyntaxErrorException: ORA-00942: table or view does not exist

	at oracle.jdbc.driver.T4CTTIoer.processError(T4CTTIoer.java:445)
	at oracle.jdbc.driver.T4CTTIoer.processError(T4CTTIoer.java:396)
	at oracle.jdbc.driver.T4C8Oall.processError(T4C8Oall.java:879)
	at oracle.jdbc.driver.T4CTTIfun.receive(T4CTTIfun.java:450)
	at oracle.jdbc.driver.T4CTTIfun.doRPC(T4CTTIfun.java:192)
	at oracle.jdbc.driver.T4C8Oall.doOALL(T4C8Oall.java:531)
	at oracle.jdbc.driver.T4CPreparedStatement.doOall8(T4CPreparedStatement.java:207)
	at oracle.jdbc.driver.T4CPreparedStatement.executeForDescribe(T4CPreparedStatement.java:884)
	at oracle.jdbc.driver.OracleStatement.executeMaybeDescribe(OracleStatement.java:1167)
	at oracle.jdbc.driver.OracleStatement.doExecuteWithTimeout(OracleStatement.java:1289)
	at oracle.jdbc.driver.OraclePreparedStatement.executeInternal(OraclePreparedStatement.java:3584)
	at oracle.jdbc.driver.OraclePreparedStatement.executeQuery(OraclePreparedStatement.java:3628)
	at oracle.jdbc.driver.OraclePreparedStatementWrapper.executeQuery(OraclePreparedStatementWrapper.java:1493)
	at com.tlc.common.DbWrapper.QueryDataRows(DbWrapper.java:369)
	at com.tlc.common.SystemInfo.<clinit>(SystemInfo.java:107)
	at com.psi.recon.management.m.ProviderPercentage.hasRows(ProviderPercentage.java:15)
	at com.psi.recon.management.c.ProviderPercentageCommand.execute(ProviderPercentageCommand.java:17)
	at test.main.test(main.java:25)
	at test.main.main(main.java:11)
~U0VMRUNUIExBTkdVQUdFLCBERVNDUklQVElPTiBGUk9NIFRCTExBTkdVQUdF
12:01:05.000 java.sql.SQLSyntaxErrorException: ORA-00942: table or view does not exist

	at oracle.jdbc.driver.T4CTTIoer.processError(T4CTTIoer.java:445)
	at oracle.jdbc.driver.T4CTTIoer.processError(T4CTTIoer.java:396)
	at oracle.jdbc.driver.T4C8Oall.processError(T4C8Oall.java:879)
	at oracle.jdbc.driver.T4CTTIfun.receive(T4CTTIfun.java:450)
	at oracle.jdbc.driver.T4CTTIfun.doRPC(T4CTTIfun.java:192)
	at oracle.jdbc.driver.T4C8Oall.doOALL(T4C8Oall.java:531)
	at oracle.jdbc.driver.T4CPreparedStatement.doOall8(T4CPreparedStatement.java:207)
	at oracle.jdbc.driver.T4CPreparedStatement.executeForDescribe(T4CPreparedStatement.java:884)
	at oracle.jdbc.driver.OracleStatement.executeMaybeDescribe(OracleStatement.java:1167)
	at oracle.jdbc.driver.OracleStatement.doExecuteWithTimeout(OracleStatement.java:1289)
	at oracle.jdbc.driver.OraclePreparedStatement.executeInternal(OraclePreparedStatement.java:3584)
	at oracle.jdbc.driver.OraclePreparedStatement.executeQuery(OraclePreparedStatement.java:3628)
	at oracle.jdbc.driver.OraclePreparedStatementWrapper.executeQuery(OraclePreparedStatementWrapper.java:1493)
	at com.tlc.common.DbWrapper.QueryDataRows(DbWrapper.java:369)
	at com.tlc.common.SystemInfo.<clinit>(SystemInfo.java:124)
	at com.psi.recon.management.m.ProviderPercentage.hasRows(ProviderPercentage.java:15)
	at com.psi.recon.management.c.ProviderPercentageCommand.execute(ProviderPercentageCommand.java:17)
	at test.main.test(main.java:25)
	at test.main.main(main.java:11)
~U0VMRUNUIEFDQ09VTlRUWVBFLCBERVNDUklQVElPTiBGUk9NIFRCTEFDQ09VTlRUWVBF
12:03:25.095 java.sql.SQLSyntaxErrorException: ORA-00942: table or view does not exist

	at oracle.jdbc.driver.T4CTTIoer.processError(T4CTTIoer.java:445)
	at oracle.jdbc.driver.T4CTTIoer.processError(T4CTTIoer.java:396)
	at oracle.jdbc.driver.T4C8Oall.processError(T4C8Oall.java:879)
	at oracle.jdbc.driver.T4CTTIfun.receive(T4CTTIfun.java:450)
	at oracle.jdbc.driver.T4CTTIfun.doRPC(T4CTTIfun.java:192)
	at oracle.jdbc.driver.T4C8Oall.doOALL(T4C8Oall.java:531)
	at oracle.jdbc.driver.T4CPreparedStatement.doOall8(T4CPreparedStatement.java:207)
	at oracle.jdbc.driver.T4CPreparedStatement.executeForRows(T4CPreparedStatement.java:1044)
	at oracle.jdbc.driver.OracleStatement.doExecuteWithTimeout(OracleStatement.java:1329)
	at oracle.jdbc.driver.OraclePreparedStatement.executeInternal(OraclePreparedStatement.java:3584)
	at oracle.jdbc.driver.OraclePreparedStatement.executeUpdate(OraclePreparedStatement.java:3665)
	at oracle.jdbc.driver.OraclePreparedStatementWrapper.executeUpdate(OraclePreparedStatementWrapper.java:1352)
	at com.tlc.common.DbWrapper.QueryUpdate(DbWrapper.java:271)
	at com.tlc.common.SystemInfo.addAuditTrail(SystemInfo.java:150)
	at com.tlc.common.SystemInfo.<clinit>(SystemInfo.java:86)
	at com.psi.recon.management.m.ProviderPercentage.hasRows(ProviderPercentage.java:15)
	at com.psi.recon.management.c.ProviderPercentageCommand.execute(ProviderPercentageCommand.java:17)
	at test.main.test(main.java:25)
	at test.main.main(main.java:11)
~SU5TRVJUIElOVE8gVEJMWkFVRElUVFJBSUwgKFVTRVJOQU1FLFVTRVJJRCxMT0csSVApIFZBTFVFUyg/LD8sPyw/KQ==
12:03:25.672 java.sql.SQLSyntaxErrorException: ORA-00942: table or view does not exist

	at oracle.jdbc.driver.T4CTTIoer.processError(T4CTTIoer.java:445)
	at oracle.jdbc.driver.T4CTTIoer.processError(T4CTTIoer.java:396)
	at oracle.jdbc.driver.T4C8Oall.processError(T4C8Oall.java:879)
	at oracle.jdbc.driver.T4CTTIfun.receive(T4CTTIfun.java:450)
	at oracle.jdbc.driver.T4CTTIfun.doRPC(T4CTTIfun.java:192)
	at oracle.jdbc.driver.T4C8Oall.doOALL(T4C8Oall.java:531)
	at oracle.jdbc.driver.T4CPreparedStatement.doOall8(T4CPreparedStatement.java:207)
	at oracle.jdbc.driver.T4CPreparedStatement.executeForDescribe(T4CPreparedStatement.java:884)
	at oracle.jdbc.driver.OracleStatement.executeMaybeDescribe(OracleStatement.java:1167)
	at oracle.jdbc.driver.OracleStatement.doExecuteWithTimeout(OracleStatement.java:1289)
	at oracle.jdbc.driver.OraclePreparedStatement.executeInternal(OraclePreparedStatement.java:3584)
	at oracle.jdbc.driver.OraclePreparedStatement.executeQuery(OraclePreparedStatement.java:3628)
	at oracle.jdbc.driver.OraclePreparedStatementWrapper.executeQuery(OraclePreparedStatementWrapper.java:1493)
	at com.tlc.common.DbWrapper.QueryDataRows(DbWrapper.java:369)
	at com.tlc.common.SystemInfo.<clinit>(SystemInfo.java:107)
	at com.psi.recon.management.m.ProviderPercentage.hasRows(ProviderPercentage.java:15)
	at com.psi.recon.management.c.ProviderPercentageCommand.execute(ProviderPercentageCommand.java:17)
	at test.main.test(main.java:25)
	at test.main.main(main.java:11)
~U0VMRUNUIExBTkdVQUdFLCBERVNDUklQVElPTiBGUk9NIFRCTExBTkdVQUdF
12:03:26.056 java.sql.SQLSyntaxErrorException: ORA-00942: table or view does not exist

	at oracle.jdbc.driver.T4CTTIoer.processError(T4CTTIoer.java:445)
	at oracle.jdbc.driver.T4CTTIoer.processError(T4CTTIoer.java:396)
	at oracle.jdbc.driver.T4C8Oall.processError(T4C8Oall.java:879)
	at oracle.jdbc.driver.T4CTTIfun.receive(T4CTTIfun.java:450)
	at oracle.jdbc.driver.T4CTTIfun.doRPC(T4CTTIfun.java:192)
	at oracle.jdbc.driver.T4C8Oall.doOALL(T4C8Oall.java:531)
	at oracle.jdbc.driver.T4CPreparedStatement.doOall8(T4CPreparedStatement.java:207)
	at oracle.jdbc.driver.T4CPreparedStatement.executeForDescribe(T4CPreparedStatement.java:884)
	at oracle.jdbc.driver.OracleStatement.executeMaybeDescribe(OracleStatement.java:1167)
	at oracle.jdbc.driver.OracleStatement.doExecuteWithTimeout(OracleStatement.java:1289)
	at oracle.jdbc.driver.OraclePreparedStatement.executeInternal(OraclePreparedStatement.java:3584)
	at oracle.jdbc.driver.OraclePreparedStatement.executeQuery(OraclePreparedStatement.java:3628)
	at oracle.jdbc.driver.OraclePreparedStatementWrapper.executeQuery(OraclePreparedStatementWrapper.java:1493)
	at com.tlc.common.DbWrapper.QueryDataRows(DbWrapper.java:369)
	at com.tlc.common.SystemInfo.<clinit>(SystemInfo.java:124)
	at com.psi.recon.management.m.ProviderPercentage.hasRows(ProviderPercentage.java:15)
	at com.psi.recon.management.c.ProviderPercentageCommand.execute(ProviderPercentageCommand.java:17)
	at test.main.test(main.java:25)
	at test.main.main(main.java:11)
~U0VMRUNUIEFDQ09VTlRUWVBFLCBERVNDUklQVElPTiBGUk9NIFRCTEFDQ09VTlRUWVBF
12:09:27.635 java.sql.SQLSyntaxErrorException: ORA-00942: table or view does not exist

	at oracle.jdbc.driver.T4CTTIoer.processError(T4CTTIoer.java:445)
	at oracle.jdbc.driver.T4CTTIoer.processError(T4CTTIoer.java:396)
	at oracle.jdbc.driver.T4C8Oall.processError(T4C8Oall.java:879)
	at oracle.jdbc.driver.T4CTTIfun.receive(T4CTTIfun.java:450)
	at oracle.jdbc.driver.T4CTTIfun.doRPC(T4CTTIfun.java:192)
	at oracle.jdbc.driver.T4C8Oall.doOALL(T4C8Oall.java:531)
	at oracle.jdbc.driver.T4CPreparedStatement.doOall8(T4CPreparedStatement.java:207)
	at oracle.jdbc.driver.T4CPreparedStatement.executeForRows(T4CPreparedStatement.java:1044)
	at oracle.jdbc.driver.OracleStatement.doExecuteWithTimeout(OracleStatement.java:1329)
	at oracle.jdbc.driver.OraclePreparedStatement.executeInternal(OraclePreparedStatement.java:3584)
	at oracle.jdbc.driver.OraclePreparedStatement.executeUpdate(OraclePreparedStatement.java:3665)
	at oracle.jdbc.driver.OraclePreparedStatementWrapper.executeUpdate(OraclePreparedStatementWrapper.java:1352)
	at com.tlc.common.DbWrapper.QueryUpdate(DbWrapper.java:271)
	at com.tlc.common.SystemInfo.addAuditTrail(SystemInfo.java:150)
	at com.tlc.common.SystemInfo.<clinit>(SystemInfo.java:86)
	at com.psi.recon.management.m.Compare.hasRows(Compare.java:16)
	at com.psi.recon.management.c.CompareCommand.execute(CompareCommand.java:19)
	at test.main.test(main.java:24)
	at test.main.main(main.java:10)
~SU5TRVJUIElOVE8gVEJMWkFVRElUVFJBSUwgKFVTRVJOQU1FLFVTRVJJRCxMT0csSVApIFZBTFVFUyg/LD8sPyw/KQ==
12:09:28.208 java.sql.SQLSyntaxErrorException: ORA-00942: table or view does not exist

	at oracle.jdbc.driver.T4CTTIoer.processError(T4CTTIoer.java:445)
	at oracle.jdbc.driver.T4CTTIoer.processError(T4CTTIoer.java:396)
	at oracle.jdbc.driver.T4C8Oall.processError(T4C8Oall.java:879)
	at oracle.jdbc.driver.T4CTTIfun.receive(T4CTTIfun.java:450)
	at oracle.jdbc.driver.T4CTTIfun.doRPC(T4CTTIfun.java:192)
	at oracle.jdbc.driver.T4C8Oall.doOALL(T4C8Oall.java:531)
	at oracle.jdbc.driver.T4CPreparedStatement.doOall8(T4CPreparedStatement.java:207)
	at oracle.jdbc.driver.T4CPreparedStatement.executeForDescribe(T4CPreparedStatement.java:884)
	at oracle.jdbc.driver.OracleStatement.executeMaybeDescribe(OracleStatement.java:1167)
	at oracle.jdbc.driver.OracleStatement.doExecuteWithTimeout(OracleStatement.java:1289)
	at oracle.jdbc.driver.OraclePreparedStatement.executeInternal(OraclePreparedStatement.java:3584)
	at oracle.jdbc.driver.OraclePreparedStatement.executeQuery(OraclePreparedStatement.java:3628)
	at oracle.jdbc.driver.OraclePreparedStatementWrapper.executeQuery(OraclePreparedStatementWrapper.java:1493)
	at com.tlc.common.DbWrapper.QueryDataRows(DbWrapper.java:369)
	at com.tlc.common.SystemInfo.<clinit>(SystemInfo.java:107)
	at com.psi.recon.management.m.Compare.hasRows(Compare.java:16)
	at com.psi.recon.management.c.CompareCommand.execute(CompareCommand.java:19)
	at test.main.test(main.java:24)
	at test.main.main(main.java:10)
~U0VMRUNUIExBTkdVQUdFLCBERVNDUklQVElPTiBGUk9NIFRCTExBTkdVQUdF
12:09:28.589 java.sql.SQLSyntaxErrorException: ORA-00942: table or view does not exist

	at oracle.jdbc.driver.T4CTTIoer.processError(T4CTTIoer.java:445)
	at oracle.jdbc.driver.T4CTTIoer.processError(T4CTTIoer.java:396)
	at oracle.jdbc.driver.T4C8Oall.processError(T4C8Oall.java:879)
	at oracle.jdbc.driver.T4CTTIfun.receive(T4CTTIfun.java:450)
	at oracle.jdbc.driver.T4CTTIfun.doRPC(T4CTTIfun.java:192)
	at oracle.jdbc.driver.T4C8Oall.doOALL(T4C8Oall.java:531)
	at oracle.jdbc.driver.T4CPreparedStatement.doOall8(T4CPreparedStatement.java:207)
	at oracle.jdbc.driver.T4CPreparedStatement.executeForDescribe(T4CPreparedStatement.java:884)
	at oracle.jdbc.driver.OracleStatement.executeMaybeDescribe(OracleStatement.java:1167)
	at oracle.jdbc.driver.OracleStatement.doExecuteWithTimeout(OracleStatement.java:1289)
	at oracle.jdbc.driver.OraclePreparedStatement.executeInternal(OraclePreparedStatement.java:3584)
	at oracle.jdbc.driver.OraclePreparedStatement.executeQuery(OraclePreparedStatement.java:3628)
	at oracle.jdbc.driver.OraclePreparedStatementWrapper.executeQuery(OraclePreparedStatementWrapper.java:1493)
	at com.tlc.common.DbWrapper.QueryDataRows(DbWrapper.java:369)
	at com.tlc.common.SystemInfo.<clinit>(SystemInfo.java:124)
	at com.psi.recon.management.m.Compare.hasRows(Compare.java:16)
	at com.psi.recon.management.c.CompareCommand.execute(CompareCommand.java:19)
	at test.main.test(main.java:24)
	at test.main.main(main.java:10)
~U0VMRUNUIEFDQ09VTlRUWVBFLCBERVNDUklQVElPTiBGUk9NIFRCTEFDQ09VTlRUWVBF
12:12:08.200 java.sql.SQLSyntaxErrorException: ORA-00942: table or view does not exist

	at oracle.jdbc.driver.T4CTTIoer.processError(T4CTTIoer.java:445)
	at oracle.jdbc.driver.T4CTTIoer.processError(T4CTTIoer.java:396)
	at oracle.jdbc.driver.T4C8Oall.processError(T4C8Oall.java:879)
	at oracle.jdbc.driver.T4CTTIfun.receive(T4CTTIfun.java:450)
	at oracle.jdbc.driver.T4CTTIfun.doRPC(T4CTTIfun.java:192)
	at oracle.jdbc.driver.T4C8Oall.doOALL(T4C8Oall.java:531)
	at oracle.jdbc.driver.T4CPreparedStatement.doOall8(T4CPreparedStatement.java:207)
	at oracle.jdbc.driver.T4CPreparedStatement.executeForRows(T4CPreparedStatement.java:1044)
	at oracle.jdbc.driver.OracleStatement.doExecuteWithTimeout(OracleStatement.java:1329)
	at oracle.jdbc.driver.OraclePreparedStatement.executeInternal(OraclePreparedStatement.java:3584)
	at oracle.jdbc.driver.OraclePreparedStatement.executeUpdate(OraclePreparedStatement.java:3665)
	at oracle.jdbc.driver.OraclePreparedStatementWrapper.executeUpdate(OraclePreparedStatementWrapper.java:1352)
	at com.tlc.common.DbWrapper.QueryUpdate(DbWrapper.java:271)
	at com.tlc.common.SystemInfo.addAuditTrail(SystemInfo.java:150)
	at com.tlc.common.SystemInfo.<clinit>(SystemInfo.java:86)
	at com.psi.recon.management.m.Compare.hasRows(Compare.java:16)
	at com.psi.recon.management.c.CompareCommand.execute(CompareCommand.java:19)
	at test.main.test(main.java:24)
	at test.main.main(main.java:10)
~SU5TRVJUIElOVE8gVEJMWkFVRElUVFJBSUwgKFVTRVJOQU1FLFVTRVJJRCxMT0csSVApIFZBTFVFUyg/LD8sPyw/KQ==
12:12:08.854 java.sql.SQLSyntaxErrorException: ORA-00942: table or view does not exist

	at oracle.jdbc.driver.T4CTTIoer.processError(T4CTTIoer.java:445)
	at oracle.jdbc.driver.T4CTTIoer.processError(T4CTTIoer.java:396)
	at oracle.jdbc.driver.T4C8Oall.processError(T4C8Oall.java:879)
	at oracle.jdbc.driver.T4CTTIfun.receive(T4CTTIfun.java:450)
	at oracle.jdbc.driver.T4CTTIfun.doRPC(T4CTTIfun.java:192)
	at oracle.jdbc.driver.T4C8Oall.doOALL(T4C8Oall.java:531)
	at oracle.jdbc.driver.T4CPreparedStatement.doOall8(T4CPreparedStatement.java:207)
	at oracle.jdbc.driver.T4CPreparedStatement.executeForDescribe(T4CPreparedStatement.java:884)
	at oracle.jdbc.driver.OracleStatement.executeMaybeDescribe(OracleStatement.java:1167)
	at oracle.jdbc.driver.OracleStatement.doExecuteWithTimeout(OracleStatement.java:1289)
	at oracle.jdbc.driver.OraclePreparedStatement.executeInternal(OraclePreparedStatement.java:3584)
	at oracle.jdbc.driver.OraclePreparedStatement.executeQuery(OraclePreparedStatement.java:3628)
	at oracle.jdbc.driver.OraclePreparedStatementWrapper.executeQuery(OraclePreparedStatementWrapper.java:1493)
	at com.tlc.common.DbWrapper.QueryDataRows(DbWrapper.java:369)
	at com.tlc.common.SystemInfo.<clinit>(SystemInfo.java:107)
	at com.psi.recon.management.m.Compare.hasRows(Compare.java:16)
	at com.psi.recon.management.c.CompareCommand.execute(CompareCommand.java:19)
	at test.main.test(main.java:24)
	at test.main.main(main.java:10)
~U0VMRUNUIExBTkdVQUdFLCBERVNDUklQVElPTiBGUk9NIFRCTExBTkdVQUdF
12:12:09.231 java.sql.SQLSyntaxErrorException: ORA-00942: table or view does not exist

	at oracle.jdbc.driver.T4CTTIoer.processError(T4CTTIoer.java:445)
	at oracle.jdbc.driver.T4CTTIoer.processError(T4CTTIoer.java:396)
	at oracle.jdbc.driver.T4C8Oall.processError(T4C8Oall.java:879)
	at oracle.jdbc.driver.T4CTTIfun.receive(T4CTTIfun.java:450)
	at oracle.jdbc.driver.T4CTTIfun.doRPC(T4CTTIfun.java:192)
	at oracle.jdbc.driver.T4C8Oall.doOALL(T4C8Oall.java:531)
	at oracle.jdbc.driver.T4CPreparedStatement.doOall8(T4CPreparedStatement.java:207)
	at oracle.jdbc.driver.T4CPreparedStatement.executeForDescribe(T4CPreparedStatement.java:884)
	at oracle.jdbc.driver.OracleStatement.executeMaybeDescribe(OracleStatement.java:1167)
	at oracle.jdbc.driver.OracleStatement.doExecuteWithTimeout(OracleStatement.java:1289)
	at oracle.jdbc.driver.OraclePreparedStatement.executeInternal(OraclePreparedStatement.java:3584)
	at oracle.jdbc.driver.OraclePreparedStatement.executeQuery(OraclePreparedStatement.java:3628)
	at oracle.jdbc.driver.OraclePreparedStatementWrapper.executeQuery(OraclePreparedStatementWrapper.java:1493)
	at com.tlc.common.DbWrapper.QueryDataRows(DbWrapper.java:369)
	at com.tlc.common.SystemInfo.<clinit>(SystemInfo.java:124)
	at com.psi.recon.management.m.Compare.hasRows(Compare.java:16)
	at com.psi.recon.management.c.CompareCommand.execute(CompareCommand.java:19)
	at test.main.test(main.java:24)
	at test.main.main(main.java:10)
~U0VMRUNUIEFDQ09VTlRUWVBFLCBERVNDUklQVElPTiBGUk9NIFRCTEFDQ09VTlRUWVBF
12:13:29.284 java.sql.SQLSyntaxErrorException: ORA-00942: table or view does not exist

	at oracle.jdbc.driver.T4CTTIoer.processError(T4CTTIoer.java:445)
	at oracle.jdbc.driver.T4CTTIoer.processError(T4CTTIoer.java:396)
	at oracle.jdbc.driver.T4C8Oall.processError(T4C8Oall.java:879)
	at oracle.jdbc.driver.T4CTTIfun.receive(T4CTTIfun.java:450)
	at oracle.jdbc.driver.T4CTTIfun.doRPC(T4CTTIfun.java:192)
	at oracle.jdbc.driver.T4C8Oall.doOALL(T4C8Oall.java:531)
	at oracle.jdbc.driver.T4CPreparedStatement.doOall8(T4CPreparedStatement.java:207)
	at oracle.jdbc.driver.T4CPreparedStatement.executeForRows(T4CPreparedStatement.java:1044)
	at oracle.jdbc.driver.OracleStatement.doExecuteWithTimeout(OracleStatement.java:1329)
	at oracle.jdbc.driver.OraclePreparedStatement.executeInternal(OraclePreparedStatement.java:3584)
	at oracle.jdbc.driver.OraclePreparedStatement.executeUpdate(OraclePreparedStatement.java:3665)
	at oracle.jdbc.driver.OraclePreparedStatementWrapper.executeUpdate(OraclePreparedStatementWrapper.java:1352)
	at com.tlc.common.DbWrapper.QueryUpdate(DbWrapper.java:271)
	at com.tlc.common.SystemInfo.addAuditTrail(SystemInfo.java:150)
	at com.tlc.common.SystemInfo.<clinit>(SystemInfo.java:86)
	at com.psi.recon.management.m.Generate.hasRows(Generate.java:17)
	at com.psi.recon.management.c.GenerateCommand.execute(GenerateCommand.java:22)
	at test.main.test(main.java:25)
	at test.main.main(main.java:11)
~SU5TRVJUIElOVE8gVEJMWkFVRElUVFJBSUwgKFVTRVJOQU1FLFVTRVJJRCxMT0csSVApIFZBTFVFUyg/LD8sPyw/KQ==
12:13:29.958 java.sql.SQLSyntaxErrorException: ORA-00942: table or view does not exist

	at oracle.jdbc.driver.T4CTTIoer.processError(T4CTTIoer.java:445)
	at oracle.jdbc.driver.T4CTTIoer.processError(T4CTTIoer.java:396)
	at oracle.jdbc.driver.T4C8Oall.processError(T4C8Oall.java:879)
	at oracle.jdbc.driver.T4CTTIfun.receive(T4CTTIfun.java:450)
	at oracle.jdbc.driver.T4CTTIfun.doRPC(T4CTTIfun.java:192)
	at oracle.jdbc.driver.T4C8Oall.doOALL(T4C8Oall.java:531)
	at oracle.jdbc.driver.T4CPreparedStatement.doOall8(T4CPreparedStatement.java:207)
	at oracle.jdbc.driver.T4CPreparedStatement.executeForDescribe(T4CPreparedStatement.java:884)
	at oracle.jdbc.driver.OracleStatement.executeMaybeDescribe(OracleStatement.java:1167)
	at oracle.jdbc.driver.OracleStatement.doExecuteWithTimeout(OracleStatement.java:1289)
	at oracle.jdbc.driver.OraclePreparedStatement.executeInternal(OraclePreparedStatement.java:3584)
	at oracle.jdbc.driver.OraclePreparedStatement.executeQuery(OraclePreparedStatement.java:3628)
	at oracle.jdbc.driver.OraclePreparedStatementWrapper.executeQuery(OraclePreparedStatementWrapper.java:1493)
	at com.tlc.common.DbWrapper.QueryDataRows(DbWrapper.java:369)
	at com.tlc.common.SystemInfo.<clinit>(SystemInfo.java:107)
	at com.psi.recon.management.m.Generate.hasRows(Generate.java:17)
	at com.psi.recon.management.c.GenerateCommand.execute(GenerateCommand.java:22)
	at test.main.test(main.java:25)
	at test.main.main(main.java:11)
~U0VMRUNUIExBTkdVQUdFLCBERVNDUklQVElPTiBGUk9NIFRCTExBTkdVQUdF
12:13:30.457 java.sql.SQLSyntaxErrorException: ORA-00942: table or view does not exist

	at oracle.jdbc.driver.T4CTTIoer.processError(T4CTTIoer.java:445)
	at oracle.jdbc.driver.T4CTTIoer.processError(T4CTTIoer.java:396)
	at oracle.jdbc.driver.T4C8Oall.processError(T4C8Oall.java:879)
	at oracle.jdbc.driver.T4CTTIfun.receive(T4CTTIfun.java:450)
	at oracle.jdbc.driver.T4CTTIfun.doRPC(T4CTTIfun.java:192)
	at oracle.jdbc.driver.T4C8Oall.doOALL(T4C8Oall.java:531)
	at oracle.jdbc.driver.T4CPreparedStatement.doOall8(T4CPreparedStatement.java:207)
	at oracle.jdbc.driver.T4CPreparedStatement.executeForDescribe(T4CPreparedStatement.java:884)
	at oracle.jdbc.driver.OracleStatement.executeMaybeDescribe(OracleStatement.java:1167)
	at oracle.jdbc.driver.OracleStatement.doExecuteWithTimeout(OracleStatement.java:1289)
	at oracle.jdbc.driver.OraclePreparedStatement.executeInternal(OraclePreparedStatement.java:3584)
	at oracle.jdbc.driver.OraclePreparedStatement.executeQuery(OraclePreparedStatement.java:3628)
	at oracle.jdbc.driver.OraclePreparedStatementWrapper.executeQuery(OraclePreparedStatementWrapper.java:1493)
	at com.tlc.common.DbWrapper.QueryDataRows(DbWrapper.java:369)
	at com.tlc.common.SystemInfo.<clinit>(SystemInfo.java:124)
	at com.psi.recon.management.m.Generate.hasRows(Generate.java:17)
	at com.psi.recon.management.c.GenerateCommand.execute(GenerateCommand.java:22)
	at test.main.test(main.java:25)
	at test.main.main(main.java:11)
~U0VMRUNUIEFDQ09VTlRUWVBFLCBERVNDUklQVElPTiBGUk9NIFRCTEFDQ09VTlRUWVBF
