11:57:41.597 java.sql.SQLSyntaxErrorException: ORA-00942: table or view does not exist

	at oracle.jdbc.driver.T4CTTIoer.processError(T4CTTIoer.java:445)
	at oracle.jdbc.driver.T4CTTIoer.processError(T4CTTIoer.java:396)
	at oracle.jdbc.driver.T4C8Oall.processError(T4C8Oall.java:879)
	at oracle.jdbc.driver.T4CTTIfun.receive(T4CTTIfun.java:450)
	at oracle.jdbc.driver.T4CTTIfun.doRPC(T4CTTIfun.java:192)
	at oracle.jdbc.driver.T4C8Oall.doOALL(T4C8Oall.java:531)
	at oracle.jdbc.driver.T4CPreparedStatement.doOall8(T4CPreparedStatement.java:207)
	at oracle.jdbc.driver.T4CPreparedStatement.executeForRows(T4CPreparedStatement.java:1044)
	at oracle.jdbc.driver.OracleStatement.doExecuteWithTimeout(OracleStatement.java:1329)
	at oracle.jdbc.driver.OraclePreparedStatement.executeInternal(OraclePreparedStatement.java:3584)
	at oracle.jdbc.driver.OraclePreparedStatement.executeUpdate(OraclePreparedStatement.java:3665)
	at oracle.jdbc.driver.OraclePreparedStatementWrapper.executeUpdate(OraclePreparedStatementWrapper.java:1352)
	at com.tlc.common.DbWrapper.QueryUpdate(DbWrapper.java:271)
	at com.tlc.common.SystemInfo.addAuditTrail(SystemInfo.java:150)
	at com.tlc.common.SystemInfo.<clinit>(SystemInfo.java:86)
	at com.psi.recon.management.m.MonthlyPercentage.hasRows(MonthlyPercentage.java:15)
	at com.psi.recon.management.c.MonthlyPercentageCommand.execute(MonthlyPercentageCommand.java:18)
	at test.main.test(main.java:24)
	at test.main.main(main.java:10)
~SU5TRVJUIElOVE8gVEJMWkFVRElUVFJBSUwgKFVTRVJOQU1FLFVTRVJJRCxMT0csSVApIFZBTFVFUyg/LD8sPyw/KQ==
11:57:42.163 java.sql.SQLSyntaxErrorException: ORA-00942: table or view does not exist

	at oracle.jdbc.driver.T4CTTIoer.processError(T4CTTIoer.java:445)
	at oracle.jdbc.driver.T4CTTIoer.processError(T4CTTIoer.java:396)
	at oracle.jdbc.driver.T4C8Oall.processError(T4C8Oall.java:879)
	at oracle.jdbc.driver.T4CTTIfun.receive(T4CTTIfun.java:450)
	at oracle.jdbc.driver.T4CTTIfun.doRPC(T4CTTIfun.java:192)
	at oracle.jdbc.driver.T4C8Oall.doOALL(T4C8Oall.java:531)
	at oracle.jdbc.driver.T4CPreparedStatement.doOall8(T4CPreparedStatement.java:207)
	at oracle.jdbc.driver.T4CPreparedStatement.executeForDescribe(T4CPreparedStatement.java:884)
	at oracle.jdbc.driver.OracleStatement.executeMaybeDescribe(OracleStatement.java:1167)
	at oracle.jdbc.driver.OracleStatement.doExecuteWithTimeout(OracleStatement.java:1289)
	at oracle.jdbc.driver.OraclePreparedStatement.executeInternal(OraclePreparedStatement.java:3584)
	at oracle.jdbc.driver.OraclePreparedStatement.executeQuery(OraclePreparedStatement.java:3628)
	at oracle.jdbc.driver.OraclePreparedStatementWrapper.executeQuery(OraclePreparedStatementWrapper.java:1493)
	at com.tlc.common.DbWrapper.QueryDataRows(DbWrapper.java:369)
	at com.tlc.common.SystemInfo.<clinit>(SystemInfo.java:107)
	at com.psi.recon.management.m.MonthlyPercentage.hasRows(MonthlyPercentage.java:15)
	at com.psi.recon.management.c.MonthlyPercentageCommand.execute(MonthlyPercentageCommand.java:18)
	at test.main.test(main.java:24)
	at test.main.main(main.java:10)
~U0VMRUNUIExBTkdVQUdFLCBERVNDUklQVElPTiBGUk9NIFRCTExBTkdVQUdF
11:57:42.571 java.sql.SQLSyntaxErrorException: ORA-00942: table or view does not exist

	at oracle.jdbc.driver.T4CTTIoer.processError(T4CTTIoer.java:445)
	at oracle.jdbc.driver.T4CTTIoer.processError(T4CTTIoer.java:396)
	at oracle.jdbc.driver.T4C8Oall.processError(T4C8Oall.java:879)
	at oracle.jdbc.driver.T4CTTIfun.receive(T4CTTIfun.java:450)
	at oracle.jdbc.driver.T4CTTIfun.doRPC(T4CTTIfun.java:192)
	at oracle.jdbc.driver.T4C8Oall.doOALL(T4C8Oall.java:531)
	at oracle.jdbc.driver.T4CPreparedStatement.doOall8(T4CPreparedStatement.java:207)
	at oracle.jdbc.driver.T4CPreparedStatement.executeForDescribe(T4CPreparedStatement.java:884)
	at oracle.jdbc.driver.OracleStatement.executeMaybeDescribe(OracleStatement.java:1167)
	at oracle.jdbc.driver.OracleStatement.doExecuteWithTimeout(OracleStatement.java:1289)
	at oracle.jdbc.driver.OraclePreparedStatement.executeInternal(OraclePreparedStatement.java:3584)
	at oracle.jdbc.driver.OraclePreparedStatement.executeQuery(OraclePreparedStatement.java:3628)
	at oracle.jdbc.driver.OraclePreparedStatementWrapper.executeQuery(OraclePreparedStatementWrapper.java:1493)
	at com.tlc.common.DbWrapper.QueryDataRows(DbWrapper.java:369)
	at com.tlc.common.SystemInfo.<clinit>(SystemInfo.java:124)
	at com.psi.recon.management.m.MonthlyPercentage.hasRows(MonthlyPercentage.java:15)
	at com.psi.recon.management.c.MonthlyPercentageCommand.execute(MonthlyPercentageCommand.java:18)
	at test.main.test(main.java:24)
	at test.main.main(main.java:10)
~U0VMRUNUIEFDQ09VTlRUWVBFLCBERVNDUklQVElPTiBGUk9NIFRCTEFDQ09VTlRUWVBF
11:59:09.465 java.sql.SQLSyntaxErrorException: ORA-00942: table or view does not exist

	at oracle.jdbc.driver.T4CTTIoer.processError(T4CTTIoer.java:445)
	at oracle.jdbc.driver.T4CTTIoer.processError(T4CTTIoer.java:396)
	at oracle.jdbc.driver.T4C8Oall.processError(T4C8Oall.java:879)
	at oracle.jdbc.driver.T4CTTIfun.receive(T4CTTIfun.java:450)
	at oracle.jdbc.driver.T4CTTIfun.doRPC(T4CTTIfun.java:192)
	at oracle.jdbc.driver.T4C8Oall.doOALL(T4C8Oall.java:531)
	at oracle.jdbc.driver.T4CPreparedStatement.doOall8(T4CPreparedStatement.java:207)
	at oracle.jdbc.driver.T4CPreparedStatement.executeForRows(T4CPreparedStatement.java:1044)
	at oracle.jdbc.driver.OracleStatement.doExecuteWithTimeout(OracleStatement.java:1329)
	at oracle.jdbc.driver.OraclePreparedStatement.executeInternal(OraclePreparedStatement.java:3584)
	at oracle.jdbc.driver.OraclePreparedStatement.executeUpdate(OraclePreparedStatement.java:3665)
	at oracle.jdbc.driver.OraclePreparedStatementWrapper.executeUpdate(OraclePreparedStatementWrapper.java:1352)
	at com.tlc.common.DbWrapper.QueryUpdate(DbWrapper.java:271)
	at com.tlc.common.SystemInfo.addAuditTrail(SystemInfo.java:150)
	at com.tlc.common.SystemInfo.<clinit>(SystemInfo.java:86)
	at com.psi.recon.management.m.MonthlyPercentage.hasRows(MonthlyPercentage.java:15)
	at com.psi.recon.management.c.MonthlyPercentageCommand.execute(MonthlyPercentageCommand.java:18)
	at test.main.test(main.java:24)
	at test.main.main(main.java:10)
~SU5TRVJUIElOVE8gVEJMWkFVRElUVFJBSUwgKFVTRVJOQU1FLFVTRVJJRCxMT0csSVApIFZBTFVFUyg/LD8sPyw/KQ==
11:59:10.032 java.sql.SQLSyntaxErrorException: ORA-00942: table or view does not exist

	at oracle.jdbc.driver.T4CTTIoer.processError(T4CTTIoer.java:445)
	at oracle.jdbc.driver.T4CTTIoer.processError(T4CTTIoer.java:396)
	at oracle.jdbc.driver.T4C8Oall.processError(T4C8Oall.java:879)
	at oracle.jdbc.driver.T4CTTIfun.receive(T4CTTIfun.java:450)
	at oracle.jdbc.driver.T4CTTIfun.doRPC(T4CTTIfun.java:192)
	at oracle.jdbc.driver.T4C8Oall.doOALL(T4C8Oall.java:531)
	at oracle.jdbc.driver.T4CPreparedStatement.doOall8(T4CPreparedStatement.java:207)
	at oracle.jdbc.driver.T4CPreparedStatement.executeForDescribe(T4CPreparedStatement.java:884)
	at oracle.jdbc.driver.OracleStatement.executeMaybeDescribe(OracleStatement.java:1167)
	at oracle.jdbc.driver.OracleStatement.doExecuteWithTimeout(OracleStatement.java:1289)
	at oracle.jdbc.driver.OraclePreparedStatement.executeInternal(OraclePreparedStatement.java:3584)
	at oracle.jdbc.driver.OraclePreparedStatement.executeQuery(OraclePreparedStatement.java:3628)
	at oracle.jdbc.driver.OraclePreparedStatementWrapper.executeQuery(OraclePreparedStatementWrapper.java:1493)
	at com.tlc.common.DbWrapper.QueryDataRows(DbWrapper.java:369)
	at com.tlc.common.SystemInfo.<clinit>(SystemInfo.java:107)
	at com.psi.recon.management.m.MonthlyPercentage.hasRows(MonthlyPercentage.java:15)
	at com.psi.recon.management.c.MonthlyPercentageCommand.execute(MonthlyPercentageCommand.java:18)
	at test.main.test(main.java:24)
	at test.main.main(main.java:10)
~U0VMRUNUIExBTkdVQUdFLCBERVNDUklQVElPTiBGUk9NIFRCTExBTkdVQUdF
11:59:10.408 java.sql.SQLSyntaxErrorException: ORA-00942: table or view does not exist

	at oracle.jdbc.driver.T4CTTIoer.processError(T4CTTIoer.java:445)
	at oracle.jdbc.driver.T4CTTIoer.processError(T4CTTIoer.java:396)
	at oracle.jdbc.driver.T4C8Oall.processError(T4C8Oall.java:879)
	at oracle.jdbc.driver.T4CTTIfun.receive(T4CTTIfun.java:450)
	at oracle.jdbc.driver.T4CTTIfun.doRPC(T4CTTIfun.java:192)
	at oracle.jdbc.driver.T4C8Oall.doOALL(T4C8Oall.java:531)
	at oracle.jdbc.driver.T4CPreparedStatement.doOall8(T4CPreparedStatement.java:207)
	at oracle.jdbc.driver.T4CPreparedStatement.executeForDescribe(T4CPreparedStatement.java:884)
	at oracle.jdbc.driver.OracleStatement.executeMaybeDescribe(OracleStatement.java:1167)
	at oracle.jdbc.driver.OracleStatement.doExecuteWithTimeout(OracleStatement.java:1289)
	at oracle.jdbc.driver.OraclePreparedStatement.executeInternal(OraclePreparedStatement.java:3584)
	at oracle.jdbc.driver.OraclePreparedStatement.executeQuery(OraclePreparedStatement.java:3628)
	at oracle.jdbc.driver.OraclePreparedStatementWrapper.executeQuery(OraclePreparedStatementWrapper.java:1493)
	at com.tlc.common.DbWrapper.QueryDataRows(DbWrapper.java:369)
	at com.tlc.common.SystemInfo.<clinit>(SystemInfo.java:124)
	at com.psi.recon.management.m.MonthlyPercentage.hasRows(MonthlyPercentage.java:15)
	at com.psi.recon.management.c.MonthlyPercentageCommand.execute(MonthlyPercentageCommand.java:18)
	at test.main.test(main.java:24)
	at test.main.main(main.java:10)
~U0VMRUNUIEFDQ09VTlRUWVBFLCBERVNDUklQVElPTiBGUk9NIFRCTEFDQ09VTlRUWVBF
11:59:59.084 java.sql.SQLSyntaxErrorException: ORA-00942: table or view does not exist

	at oracle.jdbc.driver.T4CTTIoer.processError(T4CTTIoer.java:445)
	at oracle.jdbc.driver.T4CTTIoer.processError(T4CTTIoer.java:396)
	at oracle.jdbc.driver.T4C8Oall.processError(T4C8Oall.java:879)
	at oracle.jdbc.driver.T4CTTIfun.receive(T4CTTIfun.java:450)
	at oracle.jdbc.driver.T4CTTIfun.doRPC(T4CTTIfun.java:192)
	at oracle.jdbc.driver.T4C8Oall.doOALL(T4C8Oall.java:531)
	at oracle.jdbc.driver.T4CPreparedStatement.doOall8(T4CPreparedStatement.java:207)
	at oracle.jdbc.driver.T4CPreparedStatement.executeForRows(T4CPreparedStatement.java:1044)
	at oracle.jdbc.driver.OracleStatement.doExecuteWithTimeout(OracleStatement.java:1329)
	at oracle.jdbc.driver.OraclePreparedStatement.executeInternal(OraclePreparedStatement.java:3584)
	at oracle.jdbc.driver.OraclePreparedStatement.executeUpdate(OraclePreparedStatement.java:3665)
	at oracle.jdbc.driver.OraclePreparedStatementWrapper.executeUpdate(OraclePreparedStatementWrapper.java:1352)
	at com.tlc.common.DbWrapper.QueryUpdate(DbWrapper.java:271)
	at com.tlc.common.SystemInfo.addAuditTrail(SystemInfo.java:150)
	at com.tlc.common.SystemInfo.<clinit>(SystemInfo.java:86)
	at com.psi.recon.management.m.ProviderPercentage.hasRows(ProviderPercentage.java:15)
	at com.psi.recon.management.c.ProviderPercentageCommand.execute(ProviderPercentageCommand.java:17)
	at test.main.test(main.java:25)
	at test.main.main(main.java:11)
~SU5TRVJUIElOVE8gVEJMWkFVRElUVFJBSUwgKFVTRVJOQU1FLFVTRVJJRCxMT0csSVApIFZBTFVFUyg/LD8sPyw/KQ==
11:59:59.655 java.sql.SQLSyntaxErrorException: ORA-00942: table or view does not exist

	at oracle.jdbc.driver.T4CTTIoer.processError(T4CTTIoer.java:445)
	at oracle.jdbc.driver.T4CTTIoer.processError(T4CTTIoer.java:396)
	at oracle.jdbc.driver.T4C8Oall.processError(T4C8Oall.java:879)
	at oracle.jdbc.driver.T4CTTIfun.receive(T4CTTIfun.java:450)
	at oracle.jdbc.driver.T4CTTIfun.doRPC(T4CTTIfun.java:192)
	at oracle.jdbc.driver.T4C8Oall.doOALL(T4C8Oall.java:531)
	at oracle.jdbc.driver.T4CPreparedStatement.doOall8(T4CPreparedStatement.java:207)
	at oracle.jdbc.driver.T4CPreparedStatement.executeForDescribe(T4CPreparedStatement.java:884)
	at oracle.jdbc.driver.OracleStatement.executeMaybeDescribe(OracleStatement.java:1167)
	at oracle.jdbc.driver.OracleStatement.doExecuteWithTimeout(OracleStatement.java:1289)
	at oracle.jdbc.driver.OraclePreparedStatement.executeInternal(OraclePreparedStatement.java:3584)
	at oracle.jdbc.driver.OraclePreparedStatement.executeQuery(OraclePreparedStatement.java:3628)
	at oracle.jdbc.driver.OraclePreparedStatementWrapper.executeQuery(OraclePreparedStatementWrapper.java:1493)
	at com.tlc.common.DbWrapper.QueryDataRows(DbWrapper.java:369)
	at com.tlc.common.SystemInfo.<clinit>(SystemInfo.java:107)
	at com.psi.recon.management.m.ProviderPercentage.hasRows(ProviderPercentage.java:15)
	at com.psi.recon.management.c.ProviderPercentageCommand.execute(ProviderPercentageCommand.java:17)
	at test.main.test(main.java:25)
	at test.main.main(main.java:11)
~U0VMRUNUIExBTkdVQUdFLCBERVNDUklQVElPTiBGUk9NIFRCTExBTkdVQUdF
