11:47:07.773 java.sql.SQLSyntaxErrorException: ORA-00942: table or view does not exist

	at oracle.jdbc.driver.T4CTTIoer.processError(T4CTTIoer.java:445)
	at oracle.jdbc.driver.T4CTTIoer.processError(T4CTTIoer.java:396)
	at oracle.jdbc.driver.T4C8Oall.processError(T4C8Oall.java:879)
	at oracle.jdbc.driver.T4CTTIfun.receive(T4CTTIfun.java:450)
	at oracle.jdbc.driver.T4CTTIfun.doRPC(T4CTTIfun.java:192)
	at oracle.jdbc.driver.T4C8Oall.doOALL(T4C8Oall.java:531)
	at oracle.jdbc.driver.T4CPreparedStatement.doOall8(T4CPreparedStatement.java:207)
	at oracle.jdbc.driver.T4CPreparedStatement.executeForRows(T4CPreparedStatement.java:1044)
	at oracle.jdbc.driver.OracleStatement.doExecuteWithTimeout(OracleStatement.java:1329)
	at oracle.jdbc.driver.OraclePreparedStatement.executeInternal(OraclePreparedStatement.java:3584)
	at oracle.jdbc.driver.OraclePreparedStatement.executeUpdate(OraclePreparedStatement.java:3665)
	at oracle.jdbc.driver.OraclePreparedStatementWrapper.executeUpdate(OraclePreparedStatementWrapper.java:1352)
	at com.tlc.common.DbWrapper.QueryUpdate(DbWrapper.java:271)
	at com.tlc.common.SystemInfo.addAuditTrail(SystemInfo.java:150)
	at com.tlc.common.SystemInfo.<clinit>(SystemInfo.java:86)
	at com.tlc.gui.modules.common.Model.<init>(Model.java:29)
	at com.psi.tariff.config.util.Tariffs.<init>(Tariffs.java:5)
	at com.psi.tariff.config.m.TariffPlansGroupCollection.hasRows(TariffPlansGroupCollection.java:17)
	at com.psi.tariff.config.c.TariffPlansGroupColCommand.execute(TariffPlansGroupColCommand.java:32)
	at com.psi.tariff.config.test.main.regUser(main.java:35)
	at com.psi.tariff.config.test.main.main(main.java:14)
~SU5TRVJUIElOVE8gVEJMWkFVRElUVFJBSUwgKFVTRVJOQU1FLFVTRVJJRCxMT0csSVApIFZBTFVFUyg/LD8sPyw/KQ==
11:47:08.843 java.sql.SQLSyntaxErrorException: ORA-00942: table or view does not exist

	at oracle.jdbc.driver.T4CTTIoer.processError(T4CTTIoer.java:445)
	at oracle.jdbc.driver.T4CTTIoer.processError(T4CTTIoer.java:396)
	at oracle.jdbc.driver.T4C8Oall.processError(T4C8Oall.java:879)
	at oracle.jdbc.driver.T4CTTIfun.receive(T4CTTIfun.java:450)
	at oracle.jdbc.driver.T4CTTIfun.doRPC(T4CTTIfun.java:192)
	at oracle.jdbc.driver.T4C8Oall.doOALL(T4C8Oall.java:531)
	at oracle.jdbc.driver.T4CPreparedStatement.doOall8(T4CPreparedStatement.java:207)
	at oracle.jdbc.driver.T4CPreparedStatement.executeForDescribe(T4CPreparedStatement.java:884)
	at oracle.jdbc.driver.OracleStatement.executeMaybeDescribe(OracleStatement.java:1167)
	at oracle.jdbc.driver.OracleStatement.doExecuteWithTimeout(OracleStatement.java:1289)
	at oracle.jdbc.driver.OraclePreparedStatement.executeInternal(OraclePreparedStatement.java:3584)
	at oracle.jdbc.driver.OraclePreparedStatement.executeQuery(OraclePreparedStatement.java:3628)
	at oracle.jdbc.driver.OraclePreparedStatementWrapper.executeQuery(OraclePreparedStatementWrapper.java:1493)
	at com.tlc.common.DbWrapper.QueryDataRows(DbWrapper.java:369)
	at com.tlc.common.SystemInfo.<clinit>(SystemInfo.java:107)
	at com.tlc.gui.modules.common.Model.<init>(Model.java:29)
	at com.psi.tariff.config.util.Tariffs.<init>(Tariffs.java:5)
	at com.psi.tariff.config.m.TariffPlansGroupCollection.hasRows(TariffPlansGroupCollection.java:17)
	at com.psi.tariff.config.c.TariffPlansGroupColCommand.execute(TariffPlansGroupColCommand.java:32)
	at com.psi.tariff.config.test.main.regUser(main.java:35)
	at com.psi.tariff.config.test.main.main(main.java:14)
~U0VMRUNUIExBTkdVQUdFLCBERVNDUklQVElPTiBGUk9NIFRCTExBTkdVQUdF
11:47:09.465 java.sql.SQLSyntaxErrorException: ORA-00942: table or view does not exist

	at oracle.jdbc.driver.T4CTTIoer.processError(T4CTTIoer.java:445)
	at oracle.jdbc.driver.T4CTTIoer.processError(T4CTTIoer.java:396)
	at oracle.jdbc.driver.T4C8Oall.processError(T4C8Oall.java:879)
	at oracle.jdbc.driver.T4CTTIfun.receive(T4CTTIfun.java:450)
	at oracle.jdbc.driver.T4CTTIfun.doRPC(T4CTTIfun.java:192)
	at oracle.jdbc.driver.T4C8Oall.doOALL(T4C8Oall.java:531)
	at oracle.jdbc.driver.T4CPreparedStatement.doOall8(T4CPreparedStatement.java:207)
	at oracle.jdbc.driver.T4CPreparedStatement.executeForDescribe(T4CPreparedStatement.java:884)
	at oracle.jdbc.driver.OracleStatement.executeMaybeDescribe(OracleStatement.java:1167)
	at oracle.jdbc.driver.OracleStatement.doExecuteWithTimeout(OracleStatement.java:1289)
	at oracle.jdbc.driver.OraclePreparedStatement.executeInternal(OraclePreparedStatement.java:3584)
	at oracle.jdbc.driver.OraclePreparedStatement.executeQuery(OraclePreparedStatement.java:3628)
	at oracle.jdbc.driver.OraclePreparedStatementWrapper.executeQuery(OraclePreparedStatementWrapper.java:1493)
	at com.tlc.common.DbWrapper.QueryDataRows(DbWrapper.java:369)
	at com.tlc.common.SystemInfo.<clinit>(SystemInfo.java:124)
	at com.tlc.gui.modules.common.Model.<init>(Model.java:29)
	at com.psi.tariff.config.util.Tariffs.<init>(Tariffs.java:5)
	at com.psi.tariff.config.m.TariffPlansGroupCollection.hasRows(TariffPlansGroupCollection.java:17)
	at com.psi.tariff.config.c.TariffPlansGroupColCommand.execute(TariffPlansGroupColCommand.java:32)
	at com.psi.tariff.config.test.main.regUser(main.java:35)
	at com.psi.tariff.config.test.main.main(main.java:14)
~U0VMRUNUIEFDQ09VTlRUWVBFLCBERVNDUklQVElPTiBGUk9NIFRCTEFDQ09VTlRUWVBF
11:47:38.674 java.sql.SQLSyntaxErrorException: ORA-00942: table or view does not exist

	at oracle.jdbc.driver.T4CTTIoer.processError(T4CTTIoer.java:445)
	at oracle.jdbc.driver.T4CTTIoer.processError(T4CTTIoer.java:396)
	at oracle.jdbc.driver.T4C8Oall.processError(T4C8Oall.java:879)
	at oracle.jdbc.driver.T4CTTIfun.receive(T4CTTIfun.java:450)
	at oracle.jdbc.driver.T4CTTIfun.doRPC(T4CTTIfun.java:192)
	at oracle.jdbc.driver.T4C8Oall.doOALL(T4C8Oall.java:531)
	at oracle.jdbc.driver.T4CPreparedStatement.doOall8(T4CPreparedStatement.java:207)
	at oracle.jdbc.driver.T4CPreparedStatement.executeForRows(T4CPreparedStatement.java:1044)
	at oracle.jdbc.driver.OracleStatement.doExecuteWithTimeout(OracleStatement.java:1329)
	at oracle.jdbc.driver.OraclePreparedStatement.executeInternal(OraclePreparedStatement.java:3584)
	at oracle.jdbc.driver.OraclePreparedStatement.executeUpdate(OraclePreparedStatement.java:3665)
	at oracle.jdbc.driver.OraclePreparedStatementWrapper.executeUpdate(OraclePreparedStatementWrapper.java:1352)
	at com.tlc.common.DbWrapper.QueryUpdate(DbWrapper.java:271)
	at com.tlc.common.SystemInfo.addAuditTrail(SystemInfo.java:150)
	at com.tlc.common.SystemInfo.<clinit>(SystemInfo.java:86)
	at com.tlc.gui.modules.common.Model.<init>(Model.java:29)
	at com.psi.tariff.config.util.Tariffs.<init>(Tariffs.java:5)
	at com.psi.tariff.config.m.TariffPlansGroupCollection.hasRows(TariffPlansGroupCollection.java:17)
	at com.psi.tariff.config.c.TariffPlansGroupColCommand.execute(TariffPlansGroupColCommand.java:32)
	at com.psi.tariff.config.test.main.regUser(main.java:35)
	at com.psi.tariff.config.test.main.main(main.java:14)
~SU5TRVJUIElOVE8gVEJMWkFVRElUVFJBSUwgKFVTRVJOQU1FLFVTRVJJRCxMT0csSVApIFZBTFVFUyg/LD8sPyw/KQ==
11:47:39.620 java.sql.SQLSyntaxErrorException: ORA-00942: table or view does not exist

	at oracle.jdbc.driver.T4CTTIoer.processError(T4CTTIoer.java:445)
	at oracle.jdbc.driver.T4CTTIoer.processError(T4CTTIoer.java:396)
	at oracle.jdbc.driver.T4C8Oall.processError(T4C8Oall.java:879)
	at oracle.jdbc.driver.T4CTTIfun.receive(T4CTTIfun.java:450)
	at oracle.jdbc.driver.T4CTTIfun.doRPC(T4CTTIfun.java:192)
	at oracle.jdbc.driver.T4C8Oall.doOALL(T4C8Oall.java:531)
	at oracle.jdbc.driver.T4CPreparedStatement.doOall8(T4CPreparedStatement.java:207)
	at oracle.jdbc.driver.T4CPreparedStatement.executeForDescribe(T4CPreparedStatement.java:884)
	at oracle.jdbc.driver.OracleStatement.executeMaybeDescribe(OracleStatement.java:1167)
	at oracle.jdbc.driver.OracleStatement.doExecuteWithTimeout(OracleStatement.java:1289)
	at oracle.jdbc.driver.OraclePreparedStatement.executeInternal(OraclePreparedStatement.java:3584)
	at oracle.jdbc.driver.OraclePreparedStatement.executeQuery(OraclePreparedStatement.java:3628)
	at oracle.jdbc.driver.OraclePreparedStatementWrapper.executeQuery(OraclePreparedStatementWrapper.java:1493)
	at com.tlc.common.DbWrapper.QueryDataRows(DbWrapper.java:369)
	at com.tlc.common.SystemInfo.<clinit>(SystemInfo.java:107)
	at com.tlc.gui.modules.common.Model.<init>(Model.java:29)
	at com.psi.tariff.config.util.Tariffs.<init>(Tariffs.java:5)
	at com.psi.tariff.config.m.TariffPlansGroupCollection.hasRows(TariffPlansGroupCollection.java:17)
	at com.psi.tariff.config.c.TariffPlansGroupColCommand.execute(TariffPlansGroupColCommand.java:32)
	at com.psi.tariff.config.test.main.regUser(main.java:35)
	at com.psi.tariff.config.test.main.main(main.java:14)
~U0VMRUNUIExBTkdVQUdFLCBERVNDUklQVElPTiBGUk9NIFRCTExBTkdVQUdF
11:47:40.832 java.sql.SQLSyntaxErrorException: ORA-00942: table or view does not exist

	at oracle.jdbc.driver.T4CTTIoer.processError(T4CTTIoer.java:445)
	at oracle.jdbc.driver.T4CTTIoer.processError(T4CTTIoer.java:396)
	at oracle.jdbc.driver.T4C8Oall.processError(T4C8Oall.java:879)
	at oracle.jdbc.driver.T4CTTIfun.receive(T4CTTIfun.java:450)
	at oracle.jdbc.driver.T4CTTIfun.doRPC(T4CTTIfun.java:192)
	at oracle.jdbc.driver.T4C8Oall.doOALL(T4C8Oall.java:531)
	at oracle.jdbc.driver.T4CPreparedStatement.doOall8(T4CPreparedStatement.java:207)
	at oracle.jdbc.driver.T4CPreparedStatement.executeForDescribe(T4CPreparedStatement.java:884)
	at oracle.jdbc.driver.OracleStatement.executeMaybeDescribe(OracleStatement.java:1167)
	at oracle.jdbc.driver.OracleStatement.doExecuteWithTimeout(OracleStatement.java:1289)
	at oracle.jdbc.driver.OraclePreparedStatement.executeInternal(OraclePreparedStatement.java:3584)
	at oracle.jdbc.driver.OraclePreparedStatement.executeQuery(OraclePreparedStatement.java:3628)
	at oracle.jdbc.driver.OraclePreparedStatementWrapper.executeQuery(OraclePreparedStatementWrapper.java:1493)
	at com.tlc.common.DbWrapper.QueryDataRows(DbWrapper.java:369)
	at com.tlc.common.SystemInfo.<clinit>(SystemInfo.java:124)
	at com.tlc.gui.modules.common.Model.<init>(Model.java:29)
	at com.psi.tariff.config.util.Tariffs.<init>(Tariffs.java:5)
	at com.psi.tariff.config.m.TariffPlansGroupCollection.hasRows(TariffPlansGroupCollection.java:17)
	at com.psi.tariff.config.c.TariffPlansGroupColCommand.execute(TariffPlansGroupColCommand.java:32)
	at com.psi.tariff.config.test.main.regUser(main.java:35)
	at com.psi.tariff.config.test.main.main(main.java:14)
~U0VMRUNUIEFDQ09VTlRUWVBFLCBERVNDUklQVElPTiBGUk9NIFRCTEFDQ09VTlRUWVBF
11:49:32.934 java.sql.SQLSyntaxErrorException: ORA-00942: table or view does not exist

	at oracle.jdbc.driver.T4CTTIoer.processError(T4CTTIoer.java:445)
	at oracle.jdbc.driver.T4CTTIoer.processError(T4CTTIoer.java:396)
	at oracle.jdbc.driver.T4C8Oall.processError(T4C8Oall.java:879)
	at oracle.jdbc.driver.T4CTTIfun.receive(T4CTTIfun.java:450)
	at oracle.jdbc.driver.T4CTTIfun.doRPC(T4CTTIfun.java:192)
	at oracle.jdbc.driver.T4C8Oall.doOALL(T4C8Oall.java:531)
	at oracle.jdbc.driver.T4CPreparedStatement.doOall8(T4CPreparedStatement.java:207)
	at oracle.jdbc.driver.T4CPreparedStatement.executeForRows(T4CPreparedStatement.java:1044)
	at oracle.jdbc.driver.OracleStatement.doExecuteWithTimeout(OracleStatement.java:1329)
	at oracle.jdbc.driver.OraclePreparedStatement.executeInternal(OraclePreparedStatement.java:3584)
	at oracle.jdbc.driver.OraclePreparedStatement.executeUpdate(OraclePreparedStatement.java:3665)
	at oracle.jdbc.driver.OraclePreparedStatementWrapper.executeUpdate(OraclePreparedStatementWrapper.java:1352)
	at com.tlc.common.DbWrapper.QueryUpdate(DbWrapper.java:271)
	at com.tlc.common.SystemInfo.addAuditTrail(SystemInfo.java:150)
	at com.tlc.common.SystemInfo.<clinit>(SystemInfo.java:86)
	at com.tlc.gui.modules.common.Model.<init>(Model.java:29)
	at com.psi.tariff.config.util.Tariffs.<init>(Tariffs.java:5)
	at com.psi.tariff.config.m.TariffPlansGroupCollection.hasRows(TariffPlansGroupCollection.java:17)
	at com.psi.tariff.config.c.TariffPlansGroupColCommand.execute(TariffPlansGroupColCommand.java:32)
	at com.psi.tariff.config.test.main.regUser(main.java:35)
	at com.psi.tariff.config.test.main.main(main.java:14)
~SU5TRVJUIElOVE8gVEJMWkFVRElUVFJBSUwgKFVTRVJOQU1FLFVTRVJJRCxMT0csSVApIFZBTFVFUyg/LD8sPyw/KQ==
11:49:34.346 java.sql.SQLSyntaxErrorException: ORA-00942: table or view does not exist

	at oracle.jdbc.driver.T4CTTIoer.processError(T4CTTIoer.java:445)
	at oracle.jdbc.driver.T4CTTIoer.processError(T4CTTIoer.java:396)
	at oracle.jdbc.driver.T4C8Oall.processError(T4C8Oall.java:879)
	at oracle.jdbc.driver.T4CTTIfun.receive(T4CTTIfun.java:450)
	at oracle.jdbc.driver.T4CTTIfun.doRPC(T4CTTIfun.java:192)
	at oracle.jdbc.driver.T4C8Oall.doOALL(T4C8Oall.java:531)
	at oracle.jdbc.driver.T4CPreparedStatement.doOall8(T4CPreparedStatement.java:207)
	at oracle.jdbc.driver.T4CPreparedStatement.executeForDescribe(T4CPreparedStatement.java:884)
	at oracle.jdbc.driver.OracleStatement.executeMaybeDescribe(OracleStatement.java:1167)
	at oracle.jdbc.driver.OracleStatement.doExecuteWithTimeout(OracleStatement.java:1289)
	at oracle.jdbc.driver.OraclePreparedStatement.executeInternal(OraclePreparedStatement.java:3584)
	at oracle.jdbc.driver.OraclePreparedStatement.executeQuery(OraclePreparedStatement.java:3628)
	at oracle.jdbc.driver.OraclePreparedStatementWrapper.executeQuery(OraclePreparedStatementWrapper.java:1493)
	at com.tlc.common.DbWrapper.QueryDataRows(DbWrapper.java:369)
	at com.tlc.common.SystemInfo.<clinit>(SystemInfo.java:107)
	at com.tlc.gui.modules.common.Model.<init>(Model.java:29)
	at com.psi.tariff.config.util.Tariffs.<init>(Tariffs.java:5)
	at com.psi.tariff.config.m.TariffPlansGroupCollection.hasRows(TariffPlansGroupCollection.java:17)
	at com.psi.tariff.config.c.TariffPlansGroupColCommand.execute(TariffPlansGroupColCommand.java:32)
	at com.psi.tariff.config.test.main.regUser(main.java:35)
	at com.psi.tariff.config.test.main.main(main.java:14)
~U0VMRUNUIExBTkdVQUdFLCBERVNDUklQVElPTiBGUk9NIFRCTExBTkdVQUdF
11:49:34.994 java.sql.SQLSyntaxErrorException: ORA-00942: table or view does not exist

	at oracle.jdbc.driver.T4CTTIoer.processError(T4CTTIoer.java:445)
	at oracle.jdbc.driver.T4CTTIoer.processError(T4CTTIoer.java:396)
	at oracle.jdbc.driver.T4C8Oall.processError(T4C8Oall.java:879)
	at oracle.jdbc.driver.T4CTTIfun.receive(T4CTTIfun.java:450)
	at oracle.jdbc.driver.T4CTTIfun.doRPC(T4CTTIfun.java:192)
	at oracle.jdbc.driver.T4C8Oall.doOALL(T4C8Oall.java:531)
	at oracle.jdbc.driver.T4CPreparedStatement.doOall8(T4CPreparedStatement.java:207)
	at oracle.jdbc.driver.T4CPreparedStatement.executeForDescribe(T4CPreparedStatement.java:884)
	at oracle.jdbc.driver.OracleStatement.executeMaybeDescribe(OracleStatement.java:1167)
	at oracle.jdbc.driver.OracleStatement.doExecuteWithTimeout(OracleStatement.java:1289)
	at oracle.jdbc.driver.OraclePreparedStatement.executeInternal(OraclePreparedStatement.java:3584)
	at oracle.jdbc.driver.OraclePreparedStatement.executeQuery(OraclePreparedStatement.java:3628)
	at oracle.jdbc.driver.OraclePreparedStatementWrapper.executeQuery(OraclePreparedStatementWrapper.java:1493)
	at com.tlc.common.DbWrapper.QueryDataRows(DbWrapper.java:369)
	at com.tlc.common.SystemInfo.<clinit>(SystemInfo.java:124)
	at com.tlc.gui.modules.common.Model.<init>(Model.java:29)
	at com.psi.tariff.config.util.Tariffs.<init>(Tariffs.java:5)
	at com.psi.tariff.config.m.TariffPlansGroupCollection.hasRows(TariffPlansGroupCollection.java:17)
	at com.psi.tariff.config.c.TariffPlansGroupColCommand.execute(TariffPlansGroupColCommand.java:32)
	at com.psi.tariff.config.test.main.regUser(main.java:35)
	at com.psi.tariff.config.test.main.main(main.java:14)
~U0VMRUNUIEFDQ09VTlRUWVBFLCBERVNDUklQVElPTiBGUk9NIFRCTEFDQ09VTlRUWVBF
11:51:21.161 java.sql.SQLSyntaxErrorException: ORA-00942: table or view does not exist

	at oracle.jdbc.driver.T4CTTIoer.processError(T4CTTIoer.java:445)
	at oracle.jdbc.driver.T4CTTIoer.processError(T4CTTIoer.java:396)
	at oracle.jdbc.driver.T4C8Oall.processError(T4C8Oall.java:879)
	at oracle.jdbc.driver.T4CTTIfun.receive(T4CTTIfun.java:450)
	at oracle.jdbc.driver.T4CTTIfun.doRPC(T4CTTIfun.java:192)
	at oracle.jdbc.driver.T4C8Oall.doOALL(T4C8Oall.java:531)
	at oracle.jdbc.driver.T4CPreparedStatement.doOall8(T4CPreparedStatement.java:207)
	at oracle.jdbc.driver.T4CPreparedStatement.executeForRows(T4CPreparedStatement.java:1044)
	at oracle.jdbc.driver.OracleStatement.doExecuteWithTimeout(OracleStatement.java:1329)
	at oracle.jdbc.driver.OraclePreparedStatement.executeInternal(OraclePreparedStatement.java:3584)
	at oracle.jdbc.driver.OraclePreparedStatement.executeUpdate(OraclePreparedStatement.java:3665)
	at oracle.jdbc.driver.OraclePreparedStatementWrapper.executeUpdate(OraclePreparedStatementWrapper.java:1352)
	at com.tlc.common.DbWrapper.QueryUpdate(DbWrapper.java:271)
	at com.tlc.common.SystemInfo.addAuditTrail(SystemInfo.java:150)
	at com.tlc.common.SystemInfo.<clinit>(SystemInfo.java:86)
	at com.tlc.gui.modules.common.Model.<init>(Model.java:29)
	at com.psi.tariff.config.util.Tariffs.<init>(Tariffs.java:5)
	at com.psi.tariff.config.m.TariffPlansGroupCollection.hasRows(TariffPlansGroupCollection.java:17)
	at com.psi.tariff.config.c.TariffPlansGroupColCommand.execute(TariffPlansGroupColCommand.java:32)
	at com.psi.tariff.config.test.main.regUser(main.java:35)
	at com.psi.tariff.config.test.main.main(main.java:14)
~SU5TRVJUIElOVE8gVEJMWkFVRElUVFJBSUwgKFVTRVJOQU1FLFVTRVJJRCxMT0csSVApIFZBTFVFUyg/LD8sPyw/KQ==
11:51:22.183 java.sql.SQLSyntaxErrorException: ORA-00942: table or view does not exist

	at oracle.jdbc.driver.T4CTTIoer.processError(T4CTTIoer.java:445)
	at oracle.jdbc.driver.T4CTTIoer.processError(T4CTTIoer.java:396)
	at oracle.jdbc.driver.T4C8Oall.processError(T4C8Oall.java:879)
	at oracle.jdbc.driver.T4CTTIfun.receive(T4CTTIfun.java:450)
	at oracle.jdbc.driver.T4CTTIfun.doRPC(T4CTTIfun.java:192)
	at oracle.jdbc.driver.T4C8Oall.doOALL(T4C8Oall.java:531)
	at oracle.jdbc.driver.T4CPreparedStatement.doOall8(T4CPreparedStatement.java:207)
	at oracle.jdbc.driver.T4CPreparedStatement.executeForDescribe(T4CPreparedStatement.java:884)
	at oracle.jdbc.driver.OracleStatement.executeMaybeDescribe(OracleStatement.java:1167)
	at oracle.jdbc.driver.OracleStatement.doExecuteWithTimeout(OracleStatement.java:1289)
	at oracle.jdbc.driver.OraclePreparedStatement.executeInternal(OraclePreparedStatement.java:3584)
	at oracle.jdbc.driver.OraclePreparedStatement.executeQuery(OraclePreparedStatement.java:3628)
	at oracle.jdbc.driver.OraclePreparedStatementWrapper.executeQuery(OraclePreparedStatementWrapper.java:1493)
	at com.tlc.common.DbWrapper.QueryDataRows(DbWrapper.java:369)
	at com.tlc.common.SystemInfo.<clinit>(SystemInfo.java:107)
	at com.tlc.gui.modules.common.Model.<init>(Model.java:29)
	at com.psi.tariff.config.util.Tariffs.<init>(Tariffs.java:5)
	at com.psi.tariff.config.m.TariffPlansGroupCollection.hasRows(TariffPlansGroupCollection.java:17)
	at com.psi.tariff.config.c.TariffPlansGroupColCommand.execute(TariffPlansGroupColCommand.java:32)
	at com.psi.tariff.config.test.main.regUser(main.java:35)
	at com.psi.tariff.config.test.main.main(main.java:14)
~U0VMRUNUIExBTkdVQUdFLCBERVNDUklQVElPTiBGUk9NIFRCTExBTkdVQUdF
11:51:22.846 java.sql.SQLSyntaxErrorException: ORA-00942: table or view does not exist

	at oracle.jdbc.driver.T4CTTIoer.processError(T4CTTIoer.java:445)
	at oracle.jdbc.driver.T4CTTIoer.processError(T4CTTIoer.java:396)
	at oracle.jdbc.driver.T4C8Oall.processError(T4C8Oall.java:879)
	at oracle.jdbc.driver.T4CTTIfun.receive(T4CTTIfun.java:450)
	at oracle.jdbc.driver.T4CTTIfun.doRPC(T4CTTIfun.java:192)
	at oracle.jdbc.driver.T4C8Oall.doOALL(T4C8Oall.java:531)
	at oracle.jdbc.driver.T4CPreparedStatement.doOall8(T4CPreparedStatement.java:207)
	at oracle.jdbc.driver.T4CPreparedStatement.executeForDescribe(T4CPreparedStatement.java:884)
	at oracle.jdbc.driver.OracleStatement.executeMaybeDescribe(OracleStatement.java:1167)
	at oracle.jdbc.driver.OracleStatement.doExecuteWithTimeout(OracleStatement.java:1289)
	at oracle.jdbc.driver.OraclePreparedStatement.executeInternal(OraclePreparedStatement.java:3584)
	at oracle.jdbc.driver.OraclePreparedStatement.executeQuery(OraclePreparedStatement.java:3628)
	at oracle.jdbc.driver.OraclePreparedStatementWrapper.executeQuery(OraclePreparedStatementWrapper.java:1493)
	at com.tlc.common.DbWrapper.QueryDataRows(DbWrapper.java:369)
	at com.tlc.common.SystemInfo.<clinit>(SystemInfo.java:124)
	at com.tlc.gui.modules.common.Model.<init>(Model.java:29)
	at com.psi.tariff.config.util.Tariffs.<init>(Tariffs.java:5)
	at com.psi.tariff.config.m.TariffPlansGroupCollection.hasRows(TariffPlansGroupCollection.java:17)
	at com.psi.tariff.config.c.TariffPlansGroupColCommand.execute(TariffPlansGroupColCommand.java:32)
	at com.psi.tariff.config.test.main.regUser(main.java:35)
	at com.psi.tariff.config.test.main.main(main.java:14)
~U0VMRUNUIEFDQ09VTlRUWVBFLCBERVNDUklQVElPTiBGUk9NIFRCTEFDQ09VTlRUWVBF
11:54:46.378 java.sql.SQLSyntaxErrorException: ORA-00942: table or view does not exist

	at oracle.jdbc.driver.T4CTTIoer.processError(T4CTTIoer.java:445)
	at oracle.jdbc.driver.T4CTTIoer.processError(T4CTTIoer.java:396)
	at oracle.jdbc.driver.T4C8Oall.processError(T4C8Oall.java:879)
	at oracle.jdbc.driver.T4CTTIfun.receive(T4CTTIfun.java:450)
	at oracle.jdbc.driver.T4CTTIfun.doRPC(T4CTTIfun.java:192)
	at oracle.jdbc.driver.T4C8Oall.doOALL(T4C8Oall.java:531)
	at oracle.jdbc.driver.T4CPreparedStatement.doOall8(T4CPreparedStatement.java:207)
	at oracle.jdbc.driver.T4CPreparedStatement.executeForRows(T4CPreparedStatement.java:1044)
	at oracle.jdbc.driver.OracleStatement.doExecuteWithTimeout(OracleStatement.java:1329)
	at oracle.jdbc.driver.OraclePreparedStatement.executeInternal(OraclePreparedStatement.java:3584)
	at oracle.jdbc.driver.OraclePreparedStatement.executeUpdate(OraclePreparedStatement.java:3665)
	at oracle.jdbc.driver.OraclePreparedStatementWrapper.executeUpdate(OraclePreparedStatementWrapper.java:1352)
	at com.tlc.common.DbWrapper.QueryUpdate(DbWrapper.java:271)
	at com.tlc.common.SystemInfo.addAuditTrail(SystemInfo.java:150)
	at com.tlc.common.SystemInfo.<clinit>(SystemInfo.java:86)
	at com.tlc.gui.modules.common.Model.<init>(Model.java:29)
	at com.psi.tariff.config.util.Tariffs.<init>(Tariffs.java:5)
	at com.psi.tariff.config.m.TariffPlansGroupCollection.hasRows(TariffPlansGroupCollection.java:17)
	at com.psi.tariff.config.c.TariffPlansGroupColCommand.execute(TariffPlansGroupColCommand.java:32)
	at com.psi.tariff.config.test.main.regUser(main.java:35)
	at com.psi.tariff.config.test.main.main(main.java:14)
~SU5TRVJUIElOVE8gVEJMWkFVRElUVFJBSUwgKFVTRVJOQU1FLFVTRVJJRCxMT0csSVApIFZBTFVFUyg/LD8sPyw/KQ==
11:54:47.325 java.sql.SQLSyntaxErrorException: ORA-00942: table or view does not exist

	at oracle.jdbc.driver.T4CTTIoer.processError(T4CTTIoer.java:445)
	at oracle.jdbc.driver.T4CTTIoer.processError(T4CTTIoer.java:396)
	at oracle.jdbc.driver.T4C8Oall.processError(T4C8Oall.java:879)
	at oracle.jdbc.driver.T4CTTIfun.receive(T4CTTIfun.java:450)
	at oracle.jdbc.driver.T4CTTIfun.doRPC(T4CTTIfun.java:192)
	at oracle.jdbc.driver.T4C8Oall.doOALL(T4C8Oall.java:531)
	at oracle.jdbc.driver.T4CPreparedStatement.doOall8(T4CPreparedStatement.java:207)
	at oracle.jdbc.driver.T4CPreparedStatement.executeForDescribe(T4CPreparedStatement.java:884)
	at oracle.jdbc.driver.OracleStatement.executeMaybeDescribe(OracleStatement.java:1167)
	at oracle.jdbc.driver.OracleStatement.doExecuteWithTimeout(OracleStatement.java:1289)
	at oracle.jdbc.driver.OraclePreparedStatement.executeInternal(OraclePreparedStatement.java:3584)
	at oracle.jdbc.driver.OraclePreparedStatement.executeQuery(OraclePreparedStatement.java:3628)
	at oracle.jdbc.driver.OraclePreparedStatementWrapper.executeQuery(OraclePreparedStatementWrapper.java:1493)
	at com.tlc.common.DbWrapper.QueryDataRows(DbWrapper.java:369)
	at com.tlc.common.SystemInfo.<clinit>(SystemInfo.java:107)
	at com.tlc.gui.modules.common.Model.<init>(Model.java:29)
	at com.psi.tariff.config.util.Tariffs.<init>(Tariffs.java:5)
	at com.psi.tariff.config.m.TariffPlansGroupCollection.hasRows(TariffPlansGroupCollection.java:17)
	at com.psi.tariff.config.c.TariffPlansGroupColCommand.execute(TariffPlansGroupColCommand.java:32)
	at com.psi.tariff.config.test.main.regUser(main.java:35)
	at com.psi.tariff.config.test.main.main(main.java:14)
~U0VMRUNUIExBTkdVQUdFLCBERVNDUklQVElPTiBGUk9NIFRCTExBTkdVQUdF
11:54:47.979 java.sql.SQLSyntaxErrorException: ORA-00942: table or view does not exist

	at oracle.jdbc.driver.T4CTTIoer.processError(T4CTTIoer.java:445)
	at oracle.jdbc.driver.T4CTTIoer.processError(T4CTTIoer.java:396)
	at oracle.jdbc.driver.T4C8Oall.processError(T4C8Oall.java:879)
	at oracle.jdbc.driver.T4CTTIfun.receive(T4CTTIfun.java:450)
	at oracle.jdbc.driver.T4CTTIfun.doRPC(T4CTTIfun.java:192)
	at oracle.jdbc.driver.T4C8Oall.doOALL(T4C8Oall.java:531)
	at oracle.jdbc.driver.T4CPreparedStatement.doOall8(T4CPreparedStatement.java:207)
	at oracle.jdbc.driver.T4CPreparedStatement.executeForDescribe(T4CPreparedStatement.java:884)
	at oracle.jdbc.driver.OracleStatement.executeMaybeDescribe(OracleStatement.java:1167)
	at oracle.jdbc.driver.OracleStatement.doExecuteWithTimeout(OracleStatement.java:1289)
	at oracle.jdbc.driver.OraclePreparedStatement.executeInternal(OraclePreparedStatement.java:3584)
	at oracle.jdbc.driver.OraclePreparedStatement.executeQuery(OraclePreparedStatement.java:3628)
	at oracle.jdbc.driver.OraclePreparedStatementWrapper.executeQuery(OraclePreparedStatementWrapper.java:1493)
	at com.tlc.common.DbWrapper.QueryDataRows(DbWrapper.java:369)
	at com.tlc.common.SystemInfo.<clinit>(SystemInfo.java:124)
	at com.tlc.gui.modules.common.Model.<init>(Model.java:29)
	at com.psi.tariff.config.util.Tariffs.<init>(Tariffs.java:5)
	at com.psi.tariff.config.m.TariffPlansGroupCollection.hasRows(TariffPlansGroupCollection.java:17)
	at com.psi.tariff.config.c.TariffPlansGroupColCommand.execute(TariffPlansGroupColCommand.java:32)
	at com.psi.tariff.config.test.main.regUser(main.java:35)
	at com.psi.tariff.config.test.main.main(main.java:14)
~U0VMRUNUIEFDQ09VTlRUWVBFLCBERVNDUklQVElPTiBGUk9NIFRCTEFDQ09VTlRUWVBF
11:56:38.630 java.sql.SQLSyntaxErrorException: ORA-00942: table or view does not exist

	at oracle.jdbc.driver.T4CTTIoer.processError(T4CTTIoer.java:445)
	at oracle.jdbc.driver.T4CTTIoer.processError(T4CTTIoer.java:396)
	at oracle.jdbc.driver.T4C8Oall.processError(T4C8Oall.java:879)
	at oracle.jdbc.driver.T4CTTIfun.receive(T4CTTIfun.java:450)
	at oracle.jdbc.driver.T4CTTIfun.doRPC(T4CTTIfun.java:192)
	at oracle.jdbc.driver.T4C8Oall.doOALL(T4C8Oall.java:531)
	at oracle.jdbc.driver.T4CPreparedStatement.doOall8(T4CPreparedStatement.java:207)
	at oracle.jdbc.driver.T4CPreparedStatement.executeForRows(T4CPreparedStatement.java:1044)
	at oracle.jdbc.driver.OracleStatement.doExecuteWithTimeout(OracleStatement.java:1329)
	at oracle.jdbc.driver.OraclePreparedStatement.executeInternal(OraclePreparedStatement.java:3584)
	at oracle.jdbc.driver.OraclePreparedStatement.executeUpdate(OraclePreparedStatement.java:3665)
	at oracle.jdbc.driver.OraclePreparedStatementWrapper.executeUpdate(OraclePreparedStatementWrapper.java:1352)
	at com.tlc.common.DbWrapper.QueryUpdate(DbWrapper.java:271)
	at com.tlc.common.SystemInfo.addAuditTrail(SystemInfo.java:150)
	at com.tlc.common.SystemInfo.<clinit>(SystemInfo.java:86)
	at com.tlc.gui.modules.common.Model.<init>(Model.java:29)
	at com.psi.tariff.config.util.Tariffs.<init>(Tariffs.java:5)
	at com.psi.tariff.config.m.TariffPlansGroupCollection.hasRows(TariffPlansGroupCollection.java:17)
	at com.psi.tariff.config.c.TariffPlansGroupColCommand.execute(TariffPlansGroupColCommand.java:32)
	at com.psi.tariff.config.test.main.regUser(main.java:35)
	at com.psi.tariff.config.test.main.main(main.java:14)
~SU5TRVJUIElOVE8gVEJMWkFVRElUVFJBSUwgKFVTRVJOQU1FLFVTRVJJRCxMT0csSVApIFZBTFVFUyg/LD8sPyw/KQ==
11:56:39.593 java.sql.SQLSyntaxErrorException: ORA-00942: table or view does not exist

	at oracle.jdbc.driver.T4CTTIoer.processError(T4CTTIoer.java:445)
	at oracle.jdbc.driver.T4CTTIoer.processError(T4CTTIoer.java:396)
	at oracle.jdbc.driver.T4C8Oall.processError(T4C8Oall.java:879)
	at oracle.jdbc.driver.T4CTTIfun.receive(T4CTTIfun.java:450)
	at oracle.jdbc.driver.T4CTTIfun.doRPC(T4CTTIfun.java:192)
	at oracle.jdbc.driver.T4C8Oall.doOALL(T4C8Oall.java:531)
	at oracle.jdbc.driver.T4CPreparedStatement.doOall8(T4CPreparedStatement.java:207)
	at oracle.jdbc.driver.T4CPreparedStatement.executeForDescribe(T4CPreparedStatement.java:884)
	at oracle.jdbc.driver.OracleStatement.executeMaybeDescribe(OracleStatement.java:1167)
	at oracle.jdbc.driver.OracleStatement.doExecuteWithTimeout(OracleStatement.java:1289)
	at oracle.jdbc.driver.OraclePreparedStatement.executeInternal(OraclePreparedStatement.java:3584)
	at oracle.jdbc.driver.OraclePreparedStatement.executeQuery(OraclePreparedStatement.java:3628)
	at oracle.jdbc.driver.OraclePreparedStatementWrapper.executeQuery(OraclePreparedStatementWrapper.java:1493)
	at com.tlc.common.DbWrapper.QueryDataRows(DbWrapper.java:369)
	at com.tlc.common.SystemInfo.<clinit>(SystemInfo.java:107)
	at com.tlc.gui.modules.common.Model.<init>(Model.java:29)
	at com.psi.tariff.config.util.Tariffs.<init>(Tariffs.java:5)
	at com.psi.tariff.config.m.TariffPlansGroupCollection.hasRows(TariffPlansGroupCollection.java:17)
	at com.psi.tariff.config.c.TariffPlansGroupColCommand.execute(TariffPlansGroupColCommand.java:32)
	at com.psi.tariff.config.test.main.regUser(main.java:35)
	at com.psi.tariff.config.test.main.main(main.java:14)
~U0VMRUNUIExBTkdVQUdFLCBERVNDUklQVElPTiBGUk9NIFRCTExBTkdVQUdF
11:56:40.243 java.sql.SQLSyntaxErrorException: ORA-00942: table or view does not exist

	at oracle.jdbc.driver.T4CTTIoer.processError(T4CTTIoer.java:445)
	at oracle.jdbc.driver.T4CTTIoer.processError(T4CTTIoer.java:396)
	at oracle.jdbc.driver.T4C8Oall.processError(T4C8Oall.java:879)
	at oracle.jdbc.driver.T4CTTIfun.receive(T4CTTIfun.java:450)
	at oracle.jdbc.driver.T4CTTIfun.doRPC(T4CTTIfun.java:192)
	at oracle.jdbc.driver.T4C8Oall.doOALL(T4C8Oall.java:531)
	at oracle.jdbc.driver.T4CPreparedStatement.doOall8(T4CPreparedStatement.java:207)
	at oracle.jdbc.driver.T4CPreparedStatement.executeForDescribe(T4CPreparedStatement.java:884)
	at oracle.jdbc.driver.OracleStatement.executeMaybeDescribe(OracleStatement.java:1167)
	at oracle.jdbc.driver.OracleStatement.doExecuteWithTimeout(OracleStatement.java:1289)
	at oracle.jdbc.driver.OraclePreparedStatement.executeInternal(OraclePreparedStatement.java:3584)
	at oracle.jdbc.driver.OraclePreparedStatement.executeQuery(OraclePreparedStatement.java:3628)
	at oracle.jdbc.driver.OraclePreparedStatementWrapper.executeQuery(OraclePreparedStatementWrapper.java:1493)
	at com.tlc.common.DbWrapper.QueryDataRows(DbWrapper.java:369)
	at com.tlc.common.SystemInfo.<clinit>(SystemInfo.java:124)
	at com.tlc.gui.modules.common.Model.<init>(Model.java:29)
	at com.psi.tariff.config.util.Tariffs.<init>(Tariffs.java:5)
	at com.psi.tariff.config.m.TariffPlansGroupCollection.hasRows(TariffPlansGroupCollection.java:17)
	at com.psi.tariff.config.c.TariffPlansGroupColCommand.execute(TariffPlansGroupColCommand.java:32)
	at com.psi.tariff.config.test.main.regUser(main.java:35)
	at com.psi.tariff.config.test.main.main(main.java:14)
~U0VMRUNUIEFDQ09VTlRUWVBFLCBERVNDUklQVElPTiBGUk9NIFRCTEFDQ09VTlRUWVBF
11:57:31.857 java.sql.SQLSyntaxErrorException: ORA-00942: table or view does not exist

	at oracle.jdbc.driver.T4CTTIoer.processError(T4CTTIoer.java:445)
	at oracle.jdbc.driver.T4CTTIoer.processError(T4CTTIoer.java:396)
	at oracle.jdbc.driver.T4C8Oall.processError(T4C8Oall.java:879)
	at oracle.jdbc.driver.T4CTTIfun.receive(T4CTTIfun.java:450)
	at oracle.jdbc.driver.T4CTTIfun.doRPC(T4CTTIfun.java:192)
	at oracle.jdbc.driver.T4C8Oall.doOALL(T4C8Oall.java:531)
	at oracle.jdbc.driver.T4CPreparedStatement.doOall8(T4CPreparedStatement.java:207)
	at oracle.jdbc.driver.T4CPreparedStatement.executeForRows(T4CPreparedStatement.java:1044)
	at oracle.jdbc.driver.OracleStatement.doExecuteWithTimeout(OracleStatement.java:1329)
	at oracle.jdbc.driver.OraclePreparedStatement.executeInternal(OraclePreparedStatement.java:3584)
	at oracle.jdbc.driver.OraclePreparedStatement.executeUpdate(OraclePreparedStatement.java:3665)
	at oracle.jdbc.driver.OraclePreparedStatementWrapper.executeUpdate(OraclePreparedStatementWrapper.java:1352)
	at com.tlc.common.DbWrapper.QueryUpdate(DbWrapper.java:271)
	at com.tlc.common.SystemInfo.addAuditTrail(SystemInfo.java:150)
	at com.tlc.common.SystemInfo.<clinit>(SystemInfo.java:86)
	at com.tlc.gui.modules.common.Model.<init>(Model.java:29)
	at com.psi.tariff.config.util.Tariffs.<init>(Tariffs.java:5)
	at com.psi.tariff.config.m.TariffPlansGroupCollection.hasRows(TariffPlansGroupCollection.java:17)
	at com.psi.tariff.config.c.TariffPlansGroupColCommand.execute(TariffPlansGroupColCommand.java:32)
	at com.psi.tariff.config.test.main.regUser(main.java:35)
	at com.psi.tariff.config.test.main.main(main.java:14)
~SU5TRVJUIElOVE8gVEJMWkFVRElUVFJBSUwgKFVTRVJOQU1FLFVTRVJJRCxMT0csSVApIFZBTFVFUyg/LD8sPyw/KQ==
11:57:32.830 java.sql.SQLSyntaxErrorException: ORA-00942: table or view does not exist

	at oracle.jdbc.driver.T4CTTIoer.processError(T4CTTIoer.java:445)
	at oracle.jdbc.driver.T4CTTIoer.processError(T4CTTIoer.java:396)
	at oracle.jdbc.driver.T4C8Oall.processError(T4C8Oall.java:879)
	at oracle.jdbc.driver.T4CTTIfun.receive(T4CTTIfun.java:450)
	at oracle.jdbc.driver.T4CTTIfun.doRPC(T4CTTIfun.java:192)
	at oracle.jdbc.driver.T4C8Oall.doOALL(T4C8Oall.java:531)
	at oracle.jdbc.driver.T4CPreparedStatement.doOall8(T4CPreparedStatement.java:207)
	at oracle.jdbc.driver.T4CPreparedStatement.executeForDescribe(T4CPreparedStatement.java:884)
	at oracle.jdbc.driver.OracleStatement.executeMaybeDescribe(OracleStatement.java:1167)
	at oracle.jdbc.driver.OracleStatement.doExecuteWithTimeout(OracleStatement.java:1289)
	at oracle.jdbc.driver.OraclePreparedStatement.executeInternal(OraclePreparedStatement.java:3584)
	at oracle.jdbc.driver.OraclePreparedStatement.executeQuery(OraclePreparedStatement.java:3628)
	at oracle.jdbc.driver.OraclePreparedStatementWrapper.executeQuery(OraclePreparedStatementWrapper.java:1493)
	at com.tlc.common.DbWrapper.QueryDataRows(DbWrapper.java:369)
	at com.tlc.common.SystemInfo.<clinit>(SystemInfo.java:107)
	at com.tlc.gui.modules.common.Model.<init>(Model.java:29)
	at com.psi.tariff.config.util.Tariffs.<init>(Tariffs.java:5)
	at com.psi.tariff.config.m.TariffPlansGroupCollection.hasRows(TariffPlansGroupCollection.java:17)
	at com.psi.tariff.config.c.TariffPlansGroupColCommand.execute(TariffPlansGroupColCommand.java:32)
	at com.psi.tariff.config.test.main.regUser(main.java:35)
	at com.psi.tariff.config.test.main.main(main.java:14)
~U0VMRUNUIExBTkdVQUdFLCBERVNDUklQVElPTiBGUk9NIFRCTExBTkdVQUdF
11:57:33.490 java.sql.SQLSyntaxErrorException: ORA-00942: table or view does not exist

	at oracle.jdbc.driver.T4CTTIoer.processError(T4CTTIoer.java:445)
	at oracle.jdbc.driver.T4CTTIoer.processError(T4CTTIoer.java:396)
	at oracle.jdbc.driver.T4C8Oall.processError(T4C8Oall.java:879)
	at oracle.jdbc.driver.T4CTTIfun.receive(T4CTTIfun.java:450)
	at oracle.jdbc.driver.T4CTTIfun.doRPC(T4CTTIfun.java:192)
	at oracle.jdbc.driver.T4C8Oall.doOALL(T4C8Oall.java:531)
	at oracle.jdbc.driver.T4CPreparedStatement.doOall8(T4CPreparedStatement.java:207)
	at oracle.jdbc.driver.T4CPreparedStatement.executeForDescribe(T4CPreparedStatement.java:884)
	at oracle.jdbc.driver.OracleStatement.executeMaybeDescribe(OracleStatement.java:1167)
	at oracle.jdbc.driver.OracleStatement.doExecuteWithTimeout(OracleStatement.java:1289)
	at oracle.jdbc.driver.OraclePreparedStatement.executeInternal(OraclePreparedStatement.java:3584)
	at oracle.jdbc.driver.OraclePreparedStatement.executeQuery(OraclePreparedStatement.java:3628)
	at oracle.jdbc.driver.OraclePreparedStatementWrapper.executeQuery(OraclePreparedStatementWrapper.java:1493)
	at com.tlc.common.DbWrapper.QueryDataRows(DbWrapper.java:369)
	at com.tlc.common.SystemInfo.<clinit>(SystemInfo.java:124)
	at com.tlc.gui.modules.common.Model.<init>(Model.java:29)
	at com.psi.tariff.config.util.Tariffs.<init>(Tariffs.java:5)
	at com.psi.tariff.config.m.TariffPlansGroupCollection.hasRows(TariffPlansGroupCollection.java:17)
	at com.psi.tariff.config.c.TariffPlansGroupColCommand.execute(TariffPlansGroupColCommand.java:32)
	at com.psi.tariff.config.test.main.regUser(main.java:35)
	at com.psi.tariff.config.test.main.main(main.java:14)
~U0VMRUNUIEFDQ09VTlRUWVBFLCBERVNDUklQVElPTiBGUk9NIFRCTEFDQ09VTlRUWVBF
11:59:46.790 java.sql.SQLSyntaxErrorException: ORA-00942: table or view does not exist

	at oracle.jdbc.driver.T4CTTIoer.processError(T4CTTIoer.java:445)
	at oracle.jdbc.driver.T4CTTIoer.processError(T4CTTIoer.java:396)
	at oracle.jdbc.driver.T4C8Oall.processError(T4C8Oall.java:879)
	at oracle.jdbc.driver.T4CTTIfun.receive(T4CTTIfun.java:450)
	at oracle.jdbc.driver.T4CTTIfun.doRPC(T4CTTIfun.java:192)
	at oracle.jdbc.driver.T4C8Oall.doOALL(T4C8Oall.java:531)
	at oracle.jdbc.driver.T4CPreparedStatement.doOall8(T4CPreparedStatement.java:207)
	at oracle.jdbc.driver.T4CPreparedStatement.executeForRows(T4CPreparedStatement.java:1044)
	at oracle.jdbc.driver.OracleStatement.doExecuteWithTimeout(OracleStatement.java:1329)
	at oracle.jdbc.driver.OraclePreparedStatement.executeInternal(OraclePreparedStatement.java:3584)
	at oracle.jdbc.driver.OraclePreparedStatement.executeUpdate(OraclePreparedStatement.java:3665)
	at oracle.jdbc.driver.OraclePreparedStatementWrapper.executeUpdate(OraclePreparedStatementWrapper.java:1352)
	at com.tlc.common.DbWrapper.QueryUpdate(DbWrapper.java:271)
	at com.tlc.common.SystemInfo.addAuditTrail(SystemInfo.java:150)
	at com.tlc.common.SystemInfo.<clinit>(SystemInfo.java:86)
	at com.tlc.gui.modules.common.Model.<init>(Model.java:29)
	at com.psi.tariff.config.util.Tariffs.<init>(Tariffs.java:5)
	at com.psi.tariff.config.m.TariffPlansGroupCollection.hasRows(TariffPlansGroupCollection.java:17)
	at com.psi.tariff.config.c.TariffPlansGroupColCommand.execute(TariffPlansGroupColCommand.java:32)
	at com.psi.tariff.config.test.main.regUser(main.java:35)
	at com.psi.tariff.config.test.main.main(main.java:14)
~SU5TRVJUIElOVE8gVEJMWkFVRElUVFJBSUwgKFVTRVJOQU1FLFVTRVJJRCxMT0csSVApIFZBTFVFUyg/LD8sPyw/KQ==
11:59:47.703 java.sql.SQLSyntaxErrorException: ORA-00942: table or view does not exist

	at oracle.jdbc.driver.T4CTTIoer.processError(T4CTTIoer.java:445)
	at oracle.jdbc.driver.T4CTTIoer.processError(T4CTTIoer.java:396)
	at oracle.jdbc.driver.T4C8Oall.processError(T4C8Oall.java:879)
	at oracle.jdbc.driver.T4CTTIfun.receive(T4CTTIfun.java:450)
	at oracle.jdbc.driver.T4CTTIfun.doRPC(T4CTTIfun.java:192)
	at oracle.jdbc.driver.T4C8Oall.doOALL(T4C8Oall.java:531)
	at oracle.jdbc.driver.T4CPreparedStatement.doOall8(T4CPreparedStatement.java:207)
	at oracle.jdbc.driver.T4CPreparedStatement.executeForDescribe(T4CPreparedStatement.java:884)
	at oracle.jdbc.driver.OracleStatement.executeMaybeDescribe(OracleStatement.java:1167)
	at oracle.jdbc.driver.OracleStatement.doExecuteWithTimeout(OracleStatement.java:1289)
	at oracle.jdbc.driver.OraclePreparedStatement.executeInternal(OraclePreparedStatement.java:3584)
	at oracle.jdbc.driver.OraclePreparedStatement.executeQuery(OraclePreparedStatement.java:3628)
	at oracle.jdbc.driver.OraclePreparedStatementWrapper.executeQuery(OraclePreparedStatementWrapper.java:1493)
	at com.tlc.common.DbWrapper.QueryDataRows(DbWrapper.java:369)
	at com.tlc.common.SystemInfo.<clinit>(SystemInfo.java:107)
	at com.tlc.gui.modules.common.Model.<init>(Model.java:29)
	at com.psi.tariff.config.util.Tariffs.<init>(Tariffs.java:5)
	at com.psi.tariff.config.m.TariffPlansGroupCollection.hasRows(TariffPlansGroupCollection.java:17)
	at com.psi.tariff.config.c.TariffPlansGroupColCommand.execute(TariffPlansGroupColCommand.java:32)
	at com.psi.tariff.config.test.main.regUser(main.java:35)
	at com.psi.tariff.config.test.main.main(main.java:14)
~U0VMRUNUIExBTkdVQUdFLCBERVNDUklQVElPTiBGUk9NIFRCTExBTkdVQUdF
11:59:48.309 java.sql.SQLSyntaxErrorException: ORA-00942: table or view does not exist

	at oracle.jdbc.driver.T4CTTIoer.processError(T4CTTIoer.java:445)
	at oracle.jdbc.driver.T4CTTIoer.processError(T4CTTIoer.java:396)
	at oracle.jdbc.driver.T4C8Oall.processError(T4C8Oall.java:879)
	at oracle.jdbc.driver.T4CTTIfun.receive(T4CTTIfun.java:450)
	at oracle.jdbc.driver.T4CTTIfun.doRPC(T4CTTIfun.java:192)
	at oracle.jdbc.driver.T4C8Oall.doOALL(T4C8Oall.java:531)
	at oracle.jdbc.driver.T4CPreparedStatement.doOall8(T4CPreparedStatement.java:207)
	at oracle.jdbc.driver.T4CPreparedStatement.executeForDescribe(T4CPreparedStatement.java:884)
	at oracle.jdbc.driver.OracleStatement.executeMaybeDescribe(OracleStatement.java:1167)
	at oracle.jdbc.driver.OracleStatement.doExecuteWithTimeout(OracleStatement.java:1289)
	at oracle.jdbc.driver.OraclePreparedStatement.executeInternal(OraclePreparedStatement.java:3584)
	at oracle.jdbc.driver.OraclePreparedStatement.executeQuery(OraclePreparedStatement.java:3628)
	at oracle.jdbc.driver.OraclePreparedStatementWrapper.executeQuery(OraclePreparedStatementWrapper.java:1493)
	at com.tlc.common.DbWrapper.QueryDataRows(DbWrapper.java:369)
	at com.tlc.common.SystemInfo.<clinit>(SystemInfo.java:124)
	at com.tlc.gui.modules.common.Model.<init>(Model.java:29)
	at com.psi.tariff.config.util.Tariffs.<init>(Tariffs.java:5)
	at com.psi.tariff.config.m.TariffPlansGroupCollection.hasRows(TariffPlansGroupCollection.java:17)
	at com.psi.tariff.config.c.TariffPlansGroupColCommand.execute(TariffPlansGroupColCommand.java:32)
	at com.psi.tariff.config.test.main.regUser(main.java:35)
	at com.psi.tariff.config.test.main.main(main.java:14)
~U0VMRUNUIEFDQ09VTlRUWVBFLCBERVNDUklQVElPTiBGUk9NIFRCTEFDQ09VTlRUWVBF
