10:05:55.054 java.sql.SQLSyntaxErrorException: ORA-00942: table or view does not exist

	at oracle.jdbc.driver.T4CTTIoer.processError(T4CTTIoer.java:445)
	at oracle.jdbc.driver.T4CTTIoer.processError(T4CTTIoer.java:396)
	at oracle.jdbc.driver.T4C8Oall.processError(T4C8Oall.java:879)
	at oracle.jdbc.driver.T4CTTIfun.receive(T4CTTIfun.java:450)
	at oracle.jdbc.driver.T4CTTIfun.doRPC(T4CTTIfun.java:192)
	at oracle.jdbc.driver.T4C8Oall.doOALL(T4C8Oall.java:531)
	at oracle.jdbc.driver.T4CPreparedStatement.doOall8(T4CPreparedStatement.java:207)
	at oracle.jdbc.driver.T4CPreparedStatement.executeForRows(T4CPreparedStatement.java:1044)
	at oracle.jdbc.driver.OracleStatement.doExecuteWithTimeout(OracleStatement.java:1329)
	at oracle.jdbc.driver.OraclePreparedStatement.executeInternal(OraclePreparedStatement.java:3584)
	at oracle.jdbc.driver.OraclePreparedStatement.executeUpdate(OraclePreparedStatement.java:3665)
	at oracle.jdbc.driver.OraclePreparedStatementWrapper.executeUpdate(OraclePreparedStatementWrapper.java:1352)
	at com.tlc.common.DbWrapper.QueryUpdate(DbWrapper.java:271)
	at com.tlc.common.SystemInfo.addAuditTrail(SystemInfo.java:150)
	at com.tlc.common.SystemInfo.<clinit>(SystemInfo.java:86)
	at com.psi.clearing.m.ClearedCollection.hasRows(ClearedCollection.java:17)
	at com.psi.clearing.c.ClearedCollectionCommand.execute(ClearedCollectionCommand.java:38)
	at com.psi.clearing.test.Tester.Cleared(Tester.java:55)
	at com.psi.clearing.test.Tester.main(Tester.java:20)
~SU5TRVJUIElOVE8gVEJMWkFVRElUVFJBSUwgKFVTRVJOQU1FLFVTRVJJRCxMT0csSVApIFZBTFVFUyg/LD8sPyw/KQ==
10:05:57.329 java.sql.SQLSyntaxErrorException: ORA-00942: table or view does not exist

	at oracle.jdbc.driver.T4CTTIoer.processError(T4CTTIoer.java:445)
	at oracle.jdbc.driver.T4CTTIoer.processError(T4CTTIoer.java:396)
	at oracle.jdbc.driver.T4C8Oall.processError(T4C8Oall.java:879)
	at oracle.jdbc.driver.T4CTTIfun.receive(T4CTTIfun.java:450)
	at oracle.jdbc.driver.T4CTTIfun.doRPC(T4CTTIfun.java:192)
	at oracle.jdbc.driver.T4C8Oall.doOALL(T4C8Oall.java:531)
	at oracle.jdbc.driver.T4CPreparedStatement.doOall8(T4CPreparedStatement.java:207)
	at oracle.jdbc.driver.T4CPreparedStatement.executeForDescribe(T4CPreparedStatement.java:884)
	at oracle.jdbc.driver.OracleStatement.executeMaybeDescribe(OracleStatement.java:1167)
	at oracle.jdbc.driver.OracleStatement.doExecuteWithTimeout(OracleStatement.java:1289)
	at oracle.jdbc.driver.OraclePreparedStatement.executeInternal(OraclePreparedStatement.java:3584)
	at oracle.jdbc.driver.OraclePreparedStatement.executeQuery(OraclePreparedStatement.java:3628)
	at oracle.jdbc.driver.OraclePreparedStatementWrapper.executeQuery(OraclePreparedStatementWrapper.java:1493)
	at com.tlc.common.DbWrapper.QueryDataRows(DbWrapper.java:369)
	at com.tlc.common.SystemInfo.<clinit>(SystemInfo.java:107)
	at com.psi.clearing.m.ClearedCollection.hasRows(ClearedCollection.java:17)
	at com.psi.clearing.c.ClearedCollectionCommand.execute(ClearedCollectionCommand.java:38)
	at com.psi.clearing.test.Tester.Cleared(Tester.java:55)
	at com.psi.clearing.test.Tester.main(Tester.java:20)
~U0VMRUNUIExBTkdVQUdFLCBERVNDUklQVElPTiBGUk9NIFRCTExBTkdVQUdF
10:05:58.190 java.sql.SQLSyntaxErrorException: ORA-00942: table or view does not exist

	at oracle.jdbc.driver.T4CTTIoer.processError(T4CTTIoer.java:445)
	at oracle.jdbc.driver.T4CTTIoer.processError(T4CTTIoer.java:396)
	at oracle.jdbc.driver.T4C8Oall.processError(T4C8Oall.java:879)
	at oracle.jdbc.driver.T4CTTIfun.receive(T4CTTIfun.java:450)
	at oracle.jdbc.driver.T4CTTIfun.doRPC(T4CTTIfun.java:192)
	at oracle.jdbc.driver.T4C8Oall.doOALL(T4C8Oall.java:531)
	at oracle.jdbc.driver.T4CPreparedStatement.doOall8(T4CPreparedStatement.java:207)
	at oracle.jdbc.driver.T4CPreparedStatement.executeForDescribe(T4CPreparedStatement.java:884)
	at oracle.jdbc.driver.OracleStatement.executeMaybeDescribe(OracleStatement.java:1167)
	at oracle.jdbc.driver.OracleStatement.doExecuteWithTimeout(OracleStatement.java:1289)
	at oracle.jdbc.driver.OraclePreparedStatement.executeInternal(OraclePreparedStatement.java:3584)
	at oracle.jdbc.driver.OraclePreparedStatement.executeQuery(OraclePreparedStatement.java:3628)
	at oracle.jdbc.driver.OraclePreparedStatementWrapper.executeQuery(OraclePreparedStatementWrapper.java:1493)
	at com.tlc.common.DbWrapper.QueryDataRows(DbWrapper.java:369)
	at com.tlc.common.SystemInfo.<clinit>(SystemInfo.java:124)
	at com.psi.clearing.m.ClearedCollection.hasRows(ClearedCollection.java:17)
	at com.psi.clearing.c.ClearedCollectionCommand.execute(ClearedCollectionCommand.java:38)
	at com.psi.clearing.test.Tester.Cleared(Tester.java:55)
	at com.psi.clearing.test.Tester.main(Tester.java:20)
~U0VMRUNUIEFDQ09VTlRUWVBFLCBERVNDUklQVElPTiBGUk9NIFRCTEFDQ09VTlRUWVBF
10:05:59.086 java.sql.SQLSyntaxErrorException: ORA-00904: "TIMESTAMP": invalid identifier

	at oracle.jdbc.driver.T4CTTIoer.processError(T4CTTIoer.java:445)
	at oracle.jdbc.driver.T4CTTIoer.processError(T4CTTIoer.java:396)
	at oracle.jdbc.driver.T4C8Oall.processError(T4C8Oall.java:879)
	at oracle.jdbc.driver.T4CTTIfun.receive(T4CTTIfun.java:450)
	at oracle.jdbc.driver.T4CTTIfun.doRPC(T4CTTIfun.java:192)
	at oracle.jdbc.driver.T4C8Oall.doOALL(T4C8Oall.java:531)
	at oracle.jdbc.driver.T4CPreparedStatement.doOall8(T4CPreparedStatement.java:207)
	at oracle.jdbc.driver.T4CPreparedStatement.executeForDescribe(T4CPreparedStatement.java:884)
	at oracle.jdbc.driver.OracleStatement.executeMaybeDescribe(OracleStatement.java:1167)
	at oracle.jdbc.driver.OracleStatement.doExecuteWithTimeout(OracleStatement.java:1289)
	at oracle.jdbc.driver.OraclePreparedStatement.executeInternal(OraclePreparedStatement.java:3584)
	at oracle.jdbc.driver.OraclePreparedStatement.executeQuery(OraclePreparedStatement.java:3628)
	at oracle.jdbc.driver.OraclePreparedStatementWrapper.executeQuery(OraclePreparedStatementWrapper.java:1493)
	at com.tlc.common.DbWrapper.QueryDataRows(DbWrapper.java:369)
	at com.psi.clearing.m.ClearedCollection.hasRows(ClearedCollection.java:17)
	at com.psi.clearing.c.ClearedCollectionCommand.execute(ClearedCollectionCommand.java:38)
	at com.psi.clearing.test.Tester.Cleared(Tester.java:55)
	at com.psi.clearing.test.Tester.main(Tester.java:20)
~U0VMRUNUICogRlJPTSBBRE1EQk1DLlRCTFRSQU5TQUNUSU9OU0NMRUFSRUQgV0hFUkUgQUNDT1VOVE5VTUJFUj0/IEFORCBUT19DSEFSKFRJTUVTVEFNUCwnWVlZWS1NTS1ERCcpIEJFVFdFRU4gPyBBTkQgPw==
10:06:28.796 java.sql.SQLSyntaxErrorException: ORA-00942: table or view does not exist

	at oracle.jdbc.driver.T4CTTIoer.processError(T4CTTIoer.java:445)
	at oracle.jdbc.driver.T4CTTIoer.processError(T4CTTIoer.java:396)
	at oracle.jdbc.driver.T4C8Oall.processError(T4C8Oall.java:879)
	at oracle.jdbc.driver.T4CTTIfun.receive(T4CTTIfun.java:450)
	at oracle.jdbc.driver.T4CTTIfun.doRPC(T4CTTIfun.java:192)
	at oracle.jdbc.driver.T4C8Oall.doOALL(T4C8Oall.java:531)
	at oracle.jdbc.driver.T4CPreparedStatement.doOall8(T4CPreparedStatement.java:207)
	at oracle.jdbc.driver.T4CPreparedStatement.executeForRows(T4CPreparedStatement.java:1044)
	at oracle.jdbc.driver.OracleStatement.doExecuteWithTimeout(OracleStatement.java:1329)
	at oracle.jdbc.driver.OraclePreparedStatement.executeInternal(OraclePreparedStatement.java:3584)
	at oracle.jdbc.driver.OraclePreparedStatement.executeUpdate(OraclePreparedStatement.java:3665)
	at oracle.jdbc.driver.OraclePreparedStatementWrapper.executeUpdate(OraclePreparedStatementWrapper.java:1352)
	at com.tlc.common.DbWrapper.QueryUpdate(DbWrapper.java:271)
	at com.tlc.common.SystemInfo.addAuditTrail(SystemInfo.java:150)
	at com.tlc.common.SystemInfo.<clinit>(SystemInfo.java:86)
	at com.psi.clearing.m.ClearedCollection.hasRows(ClearedCollection.java:17)
	at com.psi.clearing.c.ClearedCollectionCommand.execute(ClearedCollectionCommand.java:38)
	at com.psi.clearing.test.Tester.Cleared(Tester.java:55)
	at com.psi.clearing.test.Tester.main(Tester.java:20)
~SU5TRVJUIElOVE8gVEJMWkFVRElUVFJBSUwgKFVTRVJOQU1FLFVTRVJJRCxMT0csSVApIFZBTFVFUyg/LD8sPyw/KQ==
10:06:30.572 java.sql.SQLSyntaxErrorException: ORA-00942: table or view does not exist

	at oracle.jdbc.driver.T4CTTIoer.processError(T4CTTIoer.java:445)
	at oracle.jdbc.driver.T4CTTIoer.processError(T4CTTIoer.java:396)
	at oracle.jdbc.driver.T4C8Oall.processError(T4C8Oall.java:879)
	at oracle.jdbc.driver.T4CTTIfun.receive(T4CTTIfun.java:450)
	at oracle.jdbc.driver.T4CTTIfun.doRPC(T4CTTIfun.java:192)
	at oracle.jdbc.driver.T4C8Oall.doOALL(T4C8Oall.java:531)
	at oracle.jdbc.driver.T4CPreparedStatement.doOall8(T4CPreparedStatement.java:207)
	at oracle.jdbc.driver.T4CPreparedStatement.executeForDescribe(T4CPreparedStatement.java:884)
	at oracle.jdbc.driver.OracleStatement.executeMaybeDescribe(OracleStatement.java:1167)
	at oracle.jdbc.driver.OracleStatement.doExecuteWithTimeout(OracleStatement.java:1289)
	at oracle.jdbc.driver.OraclePreparedStatement.executeInternal(OraclePreparedStatement.java:3584)
	at oracle.jdbc.driver.OraclePreparedStatement.executeQuery(OraclePreparedStatement.java:3628)
	at oracle.jdbc.driver.OraclePreparedStatementWrapper.executeQuery(OraclePreparedStatementWrapper.java:1493)
	at com.tlc.common.DbWrapper.QueryDataRows(DbWrapper.java:369)
	at com.tlc.common.SystemInfo.<clinit>(SystemInfo.java:107)
	at com.psi.clearing.m.ClearedCollection.hasRows(ClearedCollection.java:17)
	at com.psi.clearing.c.ClearedCollectionCommand.execute(ClearedCollectionCommand.java:38)
	at com.psi.clearing.test.Tester.Cleared(Tester.java:55)
	at com.psi.clearing.test.Tester.main(Tester.java:20)
~U0VMRUNUIExBTkdVQUdFLCBERVNDUklQVElPTiBGUk9NIFRCTExBTkdVQUdF
10:06:31.638 java.sql.SQLSyntaxErrorException: ORA-00942: table or view does not exist

	at oracle.jdbc.driver.T4CTTIoer.processError(T4CTTIoer.java:445)
	at oracle.jdbc.driver.T4CTTIoer.processError(T4CTTIoer.java:396)
	at oracle.jdbc.driver.T4C8Oall.processError(T4C8Oall.java:879)
	at oracle.jdbc.driver.T4CTTIfun.receive(T4CTTIfun.java:450)
	at oracle.jdbc.driver.T4CTTIfun.doRPC(T4CTTIfun.java:192)
	at oracle.jdbc.driver.T4C8Oall.doOALL(T4C8Oall.java:531)
	at oracle.jdbc.driver.T4CPreparedStatement.doOall8(T4CPreparedStatement.java:207)
	at oracle.jdbc.driver.T4CPreparedStatement.executeForDescribe(T4CPreparedStatement.java:884)
	at oracle.jdbc.driver.OracleStatement.executeMaybeDescribe(OracleStatement.java:1167)
	at oracle.jdbc.driver.OracleStatement.doExecuteWithTimeout(OracleStatement.java:1289)
	at oracle.jdbc.driver.OraclePreparedStatement.executeInternal(OraclePreparedStatement.java:3584)
	at oracle.jdbc.driver.OraclePreparedStatement.executeQuery(OraclePreparedStatement.java:3628)
	at oracle.jdbc.driver.OraclePreparedStatementWrapper.executeQuery(OraclePreparedStatementWrapper.java:1493)
	at com.tlc.common.DbWrapper.QueryDataRows(DbWrapper.java:369)
	at com.tlc.common.SystemInfo.<clinit>(SystemInfo.java:124)
	at com.psi.clearing.m.ClearedCollection.hasRows(ClearedCollection.java:17)
	at com.psi.clearing.c.ClearedCollectionCommand.execute(ClearedCollectionCommand.java:38)
	at com.psi.clearing.test.Tester.Cleared(Tester.java:55)
	at com.psi.clearing.test.Tester.main(Tester.java:20)
~U0VMRUNUIEFDQ09VTlRUWVBFLCBERVNDUklQVElPTiBGUk9NIFRCTEFDQ09VTlRUWVBF
10:06:32.563 java.sql.SQLSyntaxErrorException: ORA-00904: "TIMESTAMP": invalid identifier

	at oracle.jdbc.driver.T4CTTIoer.processError(T4CTTIoer.java:445)
	at oracle.jdbc.driver.T4CTTIoer.processError(T4CTTIoer.java:396)
	at oracle.jdbc.driver.T4C8Oall.processError(T4C8Oall.java:879)
	at oracle.jdbc.driver.T4CTTIfun.receive(T4CTTIfun.java:450)
	at oracle.jdbc.driver.T4CTTIfun.doRPC(T4CTTIfun.java:192)
	at oracle.jdbc.driver.T4C8Oall.doOALL(T4C8Oall.java:531)
	at oracle.jdbc.driver.T4CPreparedStatement.doOall8(T4CPreparedStatement.java:207)
	at oracle.jdbc.driver.T4CPreparedStatement.executeForDescribe(T4CPreparedStatement.java:884)
	at oracle.jdbc.driver.OracleStatement.executeMaybeDescribe(OracleStatement.java:1167)
	at oracle.jdbc.driver.OracleStatement.doExecuteWithTimeout(OracleStatement.java:1289)
	at oracle.jdbc.driver.OraclePreparedStatement.executeInternal(OraclePreparedStatement.java:3584)
	at oracle.jdbc.driver.OraclePreparedStatement.executeQuery(OraclePreparedStatement.java:3628)
	at oracle.jdbc.driver.OraclePreparedStatementWrapper.executeQuery(OraclePreparedStatementWrapper.java:1493)
	at com.tlc.common.DbWrapper.QueryDataRows(DbWrapper.java:369)
	at com.psi.clearing.m.ClearedCollection.hasRows(ClearedCollection.java:17)
	at com.psi.clearing.c.ClearedCollectionCommand.execute(ClearedCollectionCommand.java:38)
	at com.psi.clearing.test.Tester.Cleared(Tester.java:55)
	at com.psi.clearing.test.Tester.main(Tester.java:20)
~U0VMRUNUICogRlJPTSBBRE1EQk1DLlRCTFRSQU5TQUNUSU9OU0NMRUFSRUQgV0hFUkUgQUNDT1VOVE5VTUJFUj0/IEFORCBUT19DSEFSKFRJTUVTVEFNUCwnWVlZWS1NTS1ERCcpIEJFVFdFRU4gPyBBTkQgPw==
10:07:55.201 java.sql.SQLSyntaxErrorException: ORA-00942: table or view does not exist

	at oracle.jdbc.driver.T4CTTIoer.processError(T4CTTIoer.java:445)
	at oracle.jdbc.driver.T4CTTIoer.processError(T4CTTIoer.java:396)
	at oracle.jdbc.driver.T4C8Oall.processError(T4C8Oall.java:879)
	at oracle.jdbc.driver.T4CTTIfun.receive(T4CTTIfun.java:450)
	at oracle.jdbc.driver.T4CTTIfun.doRPC(T4CTTIfun.java:192)
	at oracle.jdbc.driver.T4C8Oall.doOALL(T4C8Oall.java:531)
	at oracle.jdbc.driver.T4CPreparedStatement.doOall8(T4CPreparedStatement.java:207)
	at oracle.jdbc.driver.T4CPreparedStatement.executeForRows(T4CPreparedStatement.java:1044)
	at oracle.jdbc.driver.OracleStatement.doExecuteWithTimeout(OracleStatement.java:1329)
	at oracle.jdbc.driver.OraclePreparedStatement.executeInternal(OraclePreparedStatement.java:3584)
	at oracle.jdbc.driver.OraclePreparedStatement.executeUpdate(OraclePreparedStatement.java:3665)
	at oracle.jdbc.driver.OraclePreparedStatementWrapper.executeUpdate(OraclePreparedStatementWrapper.java:1352)
	at com.tlc.common.DbWrapper.QueryUpdate(DbWrapper.java:271)
	at com.tlc.common.SystemInfo.addAuditTrail(SystemInfo.java:150)
	at com.tlc.common.SystemInfo.<clinit>(SystemInfo.java:86)
	at com.psi.clearing.m.ClearedCollection.hasRows(ClearedCollection.java:17)
	at com.psi.clearing.c.ClearedCollectionCommand.execute(ClearedCollectionCommand.java:38)
	at com.psi.clearing.test.Tester.Cleared(Tester.java:55)
	at com.psi.clearing.test.Tester.main(Tester.java:20)
~SU5TRVJUIElOVE8gVEJMWkFVRElUVFJBSUwgKFVTRVJOQU1FLFVTRVJJRCxMT0csSVApIFZBTFVFUyg/LD8sPyw/KQ==
10:07:56.501 java.sql.SQLSyntaxErrorException: ORA-00942: table or view does not exist

	at oracle.jdbc.driver.T4CTTIoer.processError(T4CTTIoer.java:445)
	at oracle.jdbc.driver.T4CTTIoer.processError(T4CTTIoer.java:396)
	at oracle.jdbc.driver.T4C8Oall.processError(T4C8Oall.java:879)
	at oracle.jdbc.driver.T4CTTIfun.receive(T4CTTIfun.java:450)
	at oracle.jdbc.driver.T4CTTIfun.doRPC(T4CTTIfun.java:192)
	at oracle.jdbc.driver.T4C8Oall.doOALL(T4C8Oall.java:531)
	at oracle.jdbc.driver.T4CPreparedStatement.doOall8(T4CPreparedStatement.java:207)
	at oracle.jdbc.driver.T4CPreparedStatement.executeForDescribe(T4CPreparedStatement.java:884)
	at oracle.jdbc.driver.OracleStatement.executeMaybeDescribe(OracleStatement.java:1167)
	at oracle.jdbc.driver.OracleStatement.doExecuteWithTimeout(OracleStatement.java:1289)
	at oracle.jdbc.driver.OraclePreparedStatement.executeInternal(OraclePreparedStatement.java:3584)
	at oracle.jdbc.driver.OraclePreparedStatement.executeQuery(OraclePreparedStatement.java:3628)
	at oracle.jdbc.driver.OraclePreparedStatementWrapper.executeQuery(OraclePreparedStatementWrapper.java:1493)
	at com.tlc.common.DbWrapper.QueryDataRows(DbWrapper.java:369)
	at com.tlc.common.SystemInfo.<clinit>(SystemInfo.java:107)
	at com.psi.clearing.m.ClearedCollection.hasRows(ClearedCollection.java:17)
	at com.psi.clearing.c.ClearedCollectionCommand.execute(ClearedCollectionCommand.java:38)
	at com.psi.clearing.test.Tester.Cleared(Tester.java:55)
	at com.psi.clearing.test.Tester.main(Tester.java:20)
~U0VMRUNUIExBTkdVQUdFLCBERVNDUklQVElPTiBGUk9NIFRCTExBTkdVQUdF
10:07:57.360 java.sql.SQLSyntaxErrorException: ORA-00942: table or view does not exist

	at oracle.jdbc.driver.T4CTTIoer.processError(T4CTTIoer.java:445)
	at oracle.jdbc.driver.T4CTTIoer.processError(T4CTTIoer.java:396)
	at oracle.jdbc.driver.T4C8Oall.processError(T4C8Oall.java:879)
	at oracle.jdbc.driver.T4CTTIfun.receive(T4CTTIfun.java:450)
	at oracle.jdbc.driver.T4CTTIfun.doRPC(T4CTTIfun.java:192)
	at oracle.jdbc.driver.T4C8Oall.doOALL(T4C8Oall.java:531)
	at oracle.jdbc.driver.T4CPreparedStatement.doOall8(T4CPreparedStatement.java:207)
	at oracle.jdbc.driver.T4CPreparedStatement.executeForDescribe(T4CPreparedStatement.java:884)
	at oracle.jdbc.driver.OracleStatement.executeMaybeDescribe(OracleStatement.java:1167)
	at oracle.jdbc.driver.OracleStatement.doExecuteWithTimeout(OracleStatement.java:1289)
	at oracle.jdbc.driver.OraclePreparedStatement.executeInternal(OraclePreparedStatement.java:3584)
	at oracle.jdbc.driver.OraclePreparedStatement.executeQuery(OraclePreparedStatement.java:3628)
	at oracle.jdbc.driver.OraclePreparedStatementWrapper.executeQuery(OraclePreparedStatementWrapper.java:1493)
	at com.tlc.common.DbWrapper.QueryDataRows(DbWrapper.java:369)
	at com.tlc.common.SystemInfo.<clinit>(SystemInfo.java:124)
	at com.psi.clearing.m.ClearedCollection.hasRows(ClearedCollection.java:17)
	at com.psi.clearing.c.ClearedCollectionCommand.execute(ClearedCollectionCommand.java:38)
	at com.psi.clearing.test.Tester.Cleared(Tester.java:55)
	at com.psi.clearing.test.Tester.main(Tester.java:20)
~U0VMRUNUIEFDQ09VTlRUWVBFLCBERVNDUklQVElPTiBGUk9NIFRCTEFDQ09VTlRUWVBF
