18:05:15.718 2
18:05:15.721 java.sql.SQLException: Invalid column index
	at oracle.jdbc.driver.OraclePreparedStatement.setStringInternal(OraclePreparedStatement.java:5321)
	at oracle.jdbc.driver.OraclePreparedStatement.setObjectCritical(OraclePreparedStatement.java:8364)
	at oracle.jdbc.driver.OraclePreparedStatement.setObjectInternal(OraclePreparedStatement.java:8286)
	at oracle.jdbc.driver.OraclePreparedStatement.setObjectInternal(OraclePreparedStatement.java:9060)
	at oracle.jdbc.driver.OraclePreparedStatement.setObject(OraclePreparedStatement.java:9041)
	at oracle.jdbc.driver.OraclePreparedStatementWrapper.setObject(OraclePreparedStatementWrapper.java:232)
	at com.tlc.common.DbWrapper.SetParams(DbWrapper.java:178)
	at com.tlc.common.DbWrapper.QueryDataRows(DbWrapper.java:326)
	at com.tlc.common.DbWrapper.QueryDataRow(DbWrapper.java:311)
	at com.tlc.gui.absmobile.modules.session.m.ExistingSession.exists(ExistingSession.java:43)
	at com.tlc.absmobile.bp.session.AbstractExistingSession.<init>(AbstractExistingSession.java:14)
	at com.tlc.gui.absmobile.modules.session.m.ExistingSession.<init>(ExistingSession.java:32)
	at com.tlc.gui.absmobile.modules.session.m.ExistingSession.parse(ExistingSession.java:23)
	at com.tlc.gui.absmobile.modules.session.c.MonitorCommand.execute(MonitorCommand.java:19)
	at com.tlc.gui.absmobile.modules.session.unit.Test.monitor(Test.java:36)
	at com.tlc.gui.absmobile.modules.session.unit.Test.main(Test.java:16)
~U0VMRUNUIFdVLlVTRVJJRCxXVS5VU0VSTkFNRSxMQVNUTkFNRSxGSVJTVE5BTUUsTEFTVExPR0lOLFUuSUQgQVMgR1JPVVBJRCxVLlVTRVJTTEVWRUwgQVMgR1JPVVBOQU1FLEFMTE9XRURJUApGUk9NIFRCTFVTRVJTIFdVIAogICAgSU5ORVIgSk9JTiBUQkxVU0VSU0xFVkVMIFUgT04gVS5VU0VSU0xFVkVMPVdVLlVTRVJTTEVWRUwKV0hFUkUgVVNFUklEPT8gQU5EIFNFU1NJT05JRD0/Owo=
18:06:08.187 2
18:06:08.190 java.sql.SQLException: Invalid column index
	at oracle.jdbc.driver.OraclePreparedStatement.setStringInternal(OraclePreparedStatement.java:5321)
	at oracle.jdbc.driver.OraclePreparedStatement.setObjectCritical(OraclePreparedStatement.java:8364)
	at oracle.jdbc.driver.OraclePreparedStatement.setObjectInternal(OraclePreparedStatement.java:8286)
	at oracle.jdbc.driver.OraclePreparedStatement.setObjectInternal(OraclePreparedStatement.java:9060)
	at oracle.jdbc.driver.OraclePreparedStatement.setObject(OraclePreparedStatement.java:9041)
	at oracle.jdbc.driver.OraclePreparedStatementWrapper.setObject(OraclePreparedStatementWrapper.java:232)
	at com.tlc.common.DbWrapper.SetParams(DbWrapper.java:178)
	at com.tlc.common.DbWrapper.QueryDataRows(DbWrapper.java:326)
	at com.tlc.common.DbWrapper.QueryDataRow(DbWrapper.java:311)
	at com.tlc.gui.absmobile.modules.session.m.ExistingSession.exists(ExistingSession.java:43)
	at com.tlc.absmobile.bp.session.AbstractExistingSession.<init>(AbstractExistingSession.java:14)
	at com.tlc.gui.absmobile.modules.session.m.ExistingSession.<init>(ExistingSession.java:32)
	at com.tlc.gui.absmobile.modules.session.m.ExistingSession.parse(ExistingSession.java:23)
	at com.tlc.gui.absmobile.modules.session.c.MonitorCommand.execute(MonitorCommand.java:19)
	at com.tlc.gui.absmobile.modules.session.unit.Test.monitor(Test.java:36)
	at com.tlc.gui.absmobile.modules.session.unit.Test.main(Test.java:16)
~U0VMRUNUIFdVLlVTRVJJRCxXVS5VU0VSTkFNRSxMQVNUTkFNRSxGSVJTVE5BTUUsTEFTVExPR0lOLFUuSUQgQVMgR1JPVVBJRCxVLlVTRVJTTEVWRUwgQVMgR1JPVVBOQU1FLEFMTE9XRURJUApGUk9NIFRCTFVTRVJTIFdVIAogICAgSU5ORVIgSk9JTiBUQkxVU0VSU0xFVkVMIFUgT04gVS5VU0VSU0xFVkVMPVdVLlVTRVJTTEVWRUwKV0hFUkUgVVNFUklEPT8gQU5EIFNFU1NJT05JRD0/Owo=
18:07:44.728 2
18:07:44.741 java.sql.SQLException: Invalid column index
	at oracle.jdbc.driver.OraclePreparedStatement.setStringInternal(OraclePreparedStatement.java:5321)
	at oracle.jdbc.driver.OraclePreparedStatement.setObjectCritical(OraclePreparedStatement.java:8364)
	at oracle.jdbc.driver.OraclePreparedStatement.setObjectInternal(OraclePreparedStatement.java:8286)
	at oracle.jdbc.driver.OraclePreparedStatement.setObjectInternal(OraclePreparedStatement.java:9060)
	at oracle.jdbc.driver.OraclePreparedStatement.setObject(OraclePreparedStatement.java:9041)
	at oracle.jdbc.driver.OraclePreparedStatementWrapper.setObject(OraclePreparedStatementWrapper.java:232)
	at com.tlc.common.DbWrapper.SetParams(DbWrapper.java:178)
	at com.tlc.common.DbWrapper.QueryDataRows(DbWrapper.java:326)
	at com.tlc.common.DbWrapper.QueryDataRow(DbWrapper.java:311)
	at com.tlc.gui.absmobile.modules.session.m.ExistingSession.exists(ExistingSession.java:43)
	at com.tlc.absmobile.bp.session.AbstractExistingSession.<init>(AbstractExistingSession.java:14)
	at com.tlc.gui.absmobile.modules.session.m.ExistingSession.<init>(ExistingSession.java:32)
	at com.tlc.gui.absmobile.modules.session.m.ExistingSession.parse(ExistingSession.java:23)
	at com.tlc.gui.absmobile.modules.session.c.MonitorCommand.execute(MonitorCommand.java:19)
	at com.tlc.gui.absmobile.modules.session.unit.Test.monitor(Test.java:36)
	at com.tlc.gui.absmobile.modules.session.unit.Test.main(Test.java:16)
~U0VMRUNUIFdVLlVTRVJJRCxXVS5VU0VSTkFNRSxMQVNUTkFNRSxGSVJTVE5BTUUsTEFTVExPR0lOLFUuSUQgQVMgR1JPVVBJRCxVLlVTRVJTTEVWRUwgQVMgR1JPVVBOQU1FLEFMTE9XRURJUApGUk9NIFRCTFVTRVJTIFdVIAogICAgSU5ORVIgSk9JTiBUQkxVU0VSU0xFVkVMIFUgT04gVS5VU0VSU0xFVkVMPVdVLlVTRVJTTEVWRUwKV0hFUkUgVVNFUklEPT8gQU5EIFNFU1NJT05JRD0/Owo=
18:08:22.407 java.sql.SQLSyntaxErrorException: ORA-00911: invalid character

	at oracle.jdbc.driver.T4CTTIoer.processError(T4CTTIoer.java:445)
	at oracle.jdbc.driver.T4CTTIoer.processError(T4CTTIoer.java:396)
	at oracle.jdbc.driver.T4C8Oall.processError(T4C8Oall.java:879)
	at oracle.jdbc.driver.T4CTTIfun.receive(T4CTTIfun.java:450)
	at oracle.jdbc.driver.T4CTTIfun.doRPC(T4CTTIfun.java:192)
	at oracle.jdbc.driver.T4C8Oall.doOALL(T4C8Oall.java:531)
	at oracle.jdbc.driver.T4CPreparedStatement.doOall8(T4CPreparedStatement.java:207)
	at oracle.jdbc.driver.T4CPreparedStatement.executeForDescribe(T4CPreparedStatement.java:884)
	at oracle.jdbc.driver.OracleStatement.executeMaybeDescribe(OracleStatement.java:1167)
	at oracle.jdbc.driver.OracleStatement.doExecuteWithTimeout(OracleStatement.java:1289)
	at oracle.jdbc.driver.OraclePreparedStatement.executeInternal(OraclePreparedStatement.java:3584)
	at oracle.jdbc.driver.OraclePreparedStatement.executeQuery(OraclePreparedStatement.java:3628)
	at oracle.jdbc.driver.OraclePreparedStatementWrapper.executeQuery(OraclePreparedStatementWrapper.java:1493)
	at com.tlc.common.DbWrapper.QueryDataRows(DbWrapper.java:327)
	at com.tlc.common.DbWrapper.QueryDataRow(DbWrapper.java:311)
	at com.tlc.gui.absmobile.modules.session.m.ExistingSession.exists(ExistingSession.java:43)
	at com.tlc.absmobile.bp.session.AbstractExistingSession.<init>(AbstractExistingSession.java:14)
	at com.tlc.gui.absmobile.modules.session.m.ExistingSession.<init>(ExistingSession.java:32)
	at com.tlc.gui.absmobile.modules.session.m.ExistingSession.parse(ExistingSession.java:23)
	at com.tlc.gui.absmobile.modules.session.c.MonitorCommand.execute(MonitorCommand.java:19)
	at com.tlc.gui.absmobile.modules.session.unit.Test.monitor(Test.java:36)
	at com.tlc.gui.absmobile.modules.session.unit.Test.main(Test.java:16)
~U0VMRUNUIFdVLlVTRVJJRCxXVS5VU0VSTkFNRSxMQVNUTkFNRSxGSVJTVE5BTUUsTEFTVExPR0lOLFUuSUQgQVMgR1JPVVBJRCxVLlVTRVJTTEVWRUwgQVMgR1JPVVBOQU1FLEFMTE9XRURJUApGUk9NIFRCTFVTRVJTIFdVIAogICAgSU5ORVIgSk9JTiBUQkxVU0VSU0xFVkVMIFUgT04gVS5VU0VSU0xFVkVMPVdVLlVTRVJTTEVWRUwKV0hFUkUgVVNFUklEPT8gQU5EIFNFU1NJT05JRD0/Owo=
18:08:57.333 java.sql.SQLSyntaxErrorException: ORA-00911: invalid character

	at oracle.jdbc.driver.T4CTTIoer.processError(T4CTTIoer.java:445)
	at oracle.jdbc.driver.T4CTTIoer.processError(T4CTTIoer.java:396)
	at oracle.jdbc.driver.T4C8Oall.processError(T4C8Oall.java:879)
	at oracle.jdbc.driver.T4CTTIfun.receive(T4CTTIfun.java:450)
	at oracle.jdbc.driver.T4CTTIfun.doRPC(T4CTTIfun.java:192)
	at oracle.jdbc.driver.T4C8Oall.doOALL(T4C8Oall.java:531)
	at oracle.jdbc.driver.T4CPreparedStatement.doOall8(T4CPreparedStatement.java:207)
	at oracle.jdbc.driver.T4CPreparedStatement.executeForDescribe(T4CPreparedStatement.java:884)
	at oracle.jdbc.driver.OracleStatement.executeMaybeDescribe(OracleStatement.java:1167)
	at oracle.jdbc.driver.OracleStatement.doExecuteWithTimeout(OracleStatement.java:1289)
	at oracle.jdbc.driver.OraclePreparedStatement.executeInternal(OraclePreparedStatement.java:3584)
	at oracle.jdbc.driver.OraclePreparedStatement.executeQuery(OraclePreparedStatement.java:3628)
	at oracle.jdbc.driver.OraclePreparedStatementWrapper.executeQuery(OraclePreparedStatementWrapper.java:1493)
	at com.tlc.common.DbWrapper.QueryDataRows(DbWrapper.java:327)
	at com.tlc.common.DbWrapper.QueryDataRow(DbWrapper.java:311)
	at com.tlc.gui.absmobile.modules.session.m.ExistingSession.exists(ExistingSession.java:43)
	at com.tlc.absmobile.bp.session.AbstractExistingSession.<init>(AbstractExistingSession.java:14)
	at com.tlc.gui.absmobile.modules.session.m.ExistingSession.<init>(ExistingSession.java:32)
	at com.tlc.gui.absmobile.modules.session.m.ExistingSession.parse(ExistingSession.java:23)
	at com.tlc.gui.absmobile.modules.session.c.MonitorCommand.execute(MonitorCommand.java:19)
	at com.tlc.gui.absmobile.modules.session.unit.Test.monitor(Test.java:36)
	at com.tlc.gui.absmobile.modules.session.unit.Test.main(Test.java:16)
~U0VMRUNUIFdVLlVTRVJJRCxXVS5VU0VSTkFNRSxMQVNUTkFNRSxGSVJTVE5BTUUsTEFTVExPR0lOLFUuSUQgQVMgR1JPVVBJRCxVLlVTRVJTTEVWRUwgQVMgR1JPVVBOQU1FLEFMTE9XRURJUApGUk9NIFRCTFVTRVJTIFdVIAogICAgSU5ORVIgSk9JTiBUQkxVU0VSU0xFVkVMIFUgT04gVS5VU0VSU0xFVkVMPVdVLlVTRVJTTEVWRUwKV0hFUkUgVVNFUklEPT8gQU5EIFNFU1NJT05JRD0/Owo=
