23:05:42.491 TBLLANGUAGE not configured!
23:05:43.414 TBLACCOUNTTYPE not configured!
23:05:43.899 java.lang.NullPointerException
	at com.psi.clearing.c.TransactionClearingCommand.execute(TransactionClearingCommand.java:75)
	at com.psi.clearing.test.Tester.RemitClaimsCollection(Tester.java:36)
	at com.psi.clearing.test.Tester.main(Tester.java:19)

23:07:33.797 TBLLANGUAGE not configured!
23:07:34.726 TBLACCOUNTTYPE not configured!
23:07:35.212 java.lang.NullPointerException
	at com.psi.clearing.c.TransactionClearingCommand.execute(TransactionClearingCommand.java:75)
	at com.psi.clearing.test.Tester.RemitClaimsCollection(Tester.java:36)
	at com.psi.clearing.test.Tester.main(Tester.java:19)

23:10:33.765 TBLLANGUAGE not configured!
23:10:34.708 TBLACCOUNTTYPE not configured!
23:10:55.753 TBLLANGUAGE not configured!
23:10:57.488 TBLACCOUNTTYPE not configured!
23:11:19.417 TBLLANGUAGE not configured!
23:11:20.459 TBLACCOUNTTYPE not configured!
23:11:22.549 deallocate url:http://localhost:9992/core/181234591346/funds/clearing?request-id=90001806210000027&clearing-id=1051806080000525
23:11:22.550 deallocate response:
23:17:33.919 DBConnection unavailable!
23:17:33.920 java.sql.SQLRecoverableException: IO Error: The Network Adapter could not establish the connection
	at oracle.jdbc.driver.T4CConnection.logon(T4CConnection.java:458)
	at oracle.jdbc.driver.PhysicalConnection.<init>(PhysicalConnection.java:546)
	at oracle.jdbc.driver.T4CConnection.<init>(T4CConnection.java:236)
	at oracle.jdbc.driver.T4CDriverExtension.getConnection(T4CDriverExtension.java:32)
	at oracle.jdbc.driver.OracleDriver.connect(OracleDriver.java:521)
	at oracle.jdbc.pool.OracleDataSource.getPhysicalConnection(OracleDataSource.java:280)
	at oracle.jdbc.pool.OracleDataSource.getConnection(OracleDataSource.java:207)
	at oracle.jdbc.pool.OracleConnectionPoolDataSource.getPhysicalConnection(OracleConnectionPoolDataSource.java:139)
	at oracle.jdbc.pool.OracleConnectionPoolDataSource.getPooledConnection(OracleConnectionPoolDataSource.java:88)
	at oracle.jdbc.pool.OracleImplicitConnectionCache.makeCacheConnection(OracleImplicitConnectionCache.java:1598)
	at oracle.jdbc.pool.OracleImplicitConnectionCache.makeOneConnection(OracleImplicitConnectionCache.java:515)
	at oracle.jdbc.pool.OracleImplicitConnectionCache.getCacheConnection(OracleImplicitConnectionCache.java:475)
	at oracle.jdbc.pool.OracleImplicitConnectionCache.getConnection(OracleImplicitConnectionCache.java:357)
	at oracle.jdbc.pool.OracleDataSource.getConnection(OracleDataSource.java:395)
	at oracle.jdbc.pool.OracleDataSource.getConnection(OracleDataSource.java:179)
	at oracle.jdbc.pool.OracleDataSource.getConnection(OracleDataSource.java:157)
	at com.tlc.common.DbWrapper.GetConnection(DbWrapper.java:443)
	at com.tlc.common.DbWrapper.QueryUpdate(DbWrapper.java:268)
	at com.tlc.common.SystemInfo.addAuditTrail(SystemInfo.java:150)
	at com.tlc.common.SystemInfo.<clinit>(SystemInfo.java:86)
	at com.tlc.gui.modules.common.Model.<init>(Model.java:29)
	at com.psi.clearing.m.Clearing.<init>(Clearing.java:21)
	at com.psi.clearing.c.TransactionClearingCommand.execute(TransactionClearingCommand.java:29)
	at com.psi.clearing.test.Tester.RemitClaimsCollection(Tester.java:36)
	at com.psi.clearing.test.Tester.main(Tester.java:19)
Caused by: oracle.net.ns.NetException: The Network Adapter could not establish the connection
	at oracle.net.nt.ConnStrategy.execute(ConnStrategy.java:392)
	at oracle.net.resolver.AddrResolution.resolveAndExecute(AddrResolution.java:434)
	at oracle.net.ns.NSProtocol.establishConnection(NSProtocol.java:687)
	at oracle.net.ns.NSProtocol.connect(NSProtocol.java:363)
	at oracle.jdbc.driver.T4CConnection.connect(T4CConnection.java:1102)
	at oracle.jdbc.driver.T4CConnection.logon(T4CConnection.java:320)
	... 24 more
Caused by: java.net.ConnectException: Connection refused: connect
	at java.net.PlainSocketImpl.socketConnect(Native Method)
	at java.net.PlainSocketImpl.doConnect(Unknown Source)
	at java.net.PlainSocketImpl.connectToAddress(Unknown Source)
	at java.net.PlainSocketImpl.connect(Unknown Source)
	at java.net.SocksSocketImpl.connect(Unknown Source)
	at java.net.Socket.connect(Unknown Source)
	at oracle.net.nt.TcpNTAdapter.connect(TcpNTAdapter.java:150)
	at oracle.net.nt.ConnOption.connect(ConnOption.java:133)
	at oracle.net.nt.ConnStrategy.execute(ConnStrategy.java:370)
	... 29 more

23:21:07.336 TBLLANGUAGE not configured!
23:21:08.488 TBLACCOUNTTYPE not configured!
23:21:11.614 deallocate url:http://localhost:9992/core/181234591346/funds/clearing?request-id=90001806210000028&clearing-id=1051806080000525
23:21:11.615 deallocate response:
23:22:13.317 TBLLANGUAGE not configured!
23:22:14.248 TBLACCOUNTTYPE not configured!
23:22:16.747 deallocate url:http://localhost:9992/core/181234591346/funds/clearing?request-id=90001806210000029&clearing-id=1051806080000525
23:22:16.748 deallocate response:
23:23:27.867 TBLLANGUAGE not configured!
23:23:28.842 TBLACCOUNTTYPE not configured!
23:23:31.363 deallocate url:http://localhost:9992/core/181234591346/funds/clearing?request-id=90001806210000030&clearing-id=1051806080000525
23:23:31.364 deallocate response:
23:27:07.621 TBLLANGUAGE not configured!
23:27:08.551 TBLACCOUNTTYPE not configured!
23:27:11.015 deallocate url:http://localhost:9992/core/181234591346/funds/clearing?request-id=90001806210000031&clearing-id=1051806080000525
23:27:11.016 deallocate response:
23:30:27.901 TBLLANGUAGE not configured!
23:30:28.843 TBLACCOUNTTYPE not configured!
23:30:31.341 deallocate url:http://localhost:9992/core/181234591346/funds/clearing?request-id=90001806210000032&clearing-id=1051806080000525
23:30:31.342 deallocate response:
23:31:32.244 TBLLANGUAGE not configured!
23:31:33.198 TBLACCOUNTTYPE not configured!
23:32:27.188 TBLLANGUAGE not configured!
23:32:28.182 TBLACCOUNTTYPE not configured!
