15:54:15.729 TBLLANGUAGE not configured!
15:54:16.363 TBLACCOUNTTYPE not configured!
15:54:16.365 TblSystemInfo.TIMEFORMAT not available
15:54:16.367 TblSystemInfo.DATEFORMAT not available
15:54:16.368 TblSystemInfo.MONEYFORMAT not available
15:55:01.501 TBLLANGUAGE not configured!
15:55:01.828 TBLACCOUNTTYPE not configured!
15:55:01.831 TblSystemInfo.TIMEFORMAT not available
15:55:01.833 TblSystemInfo.DATEFORMAT not available
15:55:01.834 TblSystemInfo.MONEYFORMAT not available
15:56:01.006 TBLLANGUAGE not configured!
15:56:01.436 TBLACCOUNTTYPE not configured!
15:56:01.437 TblSystemInfo.TIMEFORMAT not available
15:56:01.438 TblSystemInfo.DATEFORMAT not available
15:56:01.439 TblSystemInfo.MONEYFORMAT not available
15:56:40.686 TBLLANGUAGE not configured!
15:56:41.032 TBLACCOUNTTYPE not configured!
15:56:41.034 TblSystemInfo.TIMEFORMAT not available
15:56:41.037 TblSystemInfo.DATEFORMAT not available
15:56:41.040 TblSystemInfo.MONEYFORMAT not available
15:58:24.140 TBLLANGUAGE not configured!
15:58:24.506 TBLACCOUNTTYPE not configured!
15:58:24.510 TblSystemInfo.TIMEFORMAT not available
15:58:24.512 TblSystemInfo.DATEFORMAT not available
15:58:24.515 TblSystemInfo.MONEYFORMAT not available
