16:00:29.157 TBLLANGUAGE not configured!
16:00:29.481 TBLACCOUNTTYPE not configured!
16:00:29.483 TblSystemInfo.TIMEFORMAT not available
16:00:29.484 TblSystemInfo.DATEFORMAT not available
16:00:29.485 TblSystemInfo.MONEYFORMAT not available
16:06:04.863 TBLLANGUAGE not configured!
16:06:05.211 TBLACCOUNTTYPE not configured!
16:06:05.213 TblSystemInfo.TIMEFORMAT not available
16:06:05.216 TblSystemInfo.DATEFORMAT not available
16:06:05.217 TblSystemInfo.MONEYFORMAT not available
16:07:18.706 TBLLANGUAGE not configured!
16:07:19.143 TBLACCOUNTTYPE not configured!
16:07:19.144 TblSystemInfo.TIMEFORMAT not available
16:07:19.145 TblSystemInfo.DATEFORMAT not available
16:07:19.146 TblSystemInfo.MONEYFORMAT not available
16:08:06.278 TBLLANGUAGE not configured!
16:08:06.663 TBLACCOUNTTYPE not configured!
16:08:06.664 TblSystemInfo.TIMEFORMAT not available
16:08:06.666 TblSystemInfo.DATEFORMAT not available
16:08:06.667 TblSystemInfo.MONEYFORMAT not available
16:09:13.447 TBLLANGUAGE not configured!
16:09:13.797 TBLACCOUNTTYPE not configured!
16:09:13.799 TblSystemInfo.TIMEFORMAT not available
16:09:13.802 TblSystemInfo.DATEFORMAT not available
16:09:13.804 TblSystemInfo.MONEYFORMAT not available
16:10:41.793 TBLLANGUAGE not configured!
16:10:43.134 TBLACCOUNTTYPE not configured!
16:10:43.137 TblSystemInfo.TIMEFORMAT not available
16:10:43.139 TblSystemInfo.DATEFORMAT not available
16:10:43.141 TblSystemInfo.MONEYFORMAT not available
16:11:17.267 TBLLANGUAGE not configured!
16:11:17.775 TBLACCOUNTTYPE not configured!
16:11:17.776 TblSystemInfo.TIMEFORMAT not available
16:11:17.778 TblSystemInfo.DATEFORMAT not available
16:11:17.779 TblSystemInfo.MONEYFORMAT not available
16:13:01.132 TBLLANGUAGE not configured!
16:13:01.472 TBLACCOUNTTYPE not configured!
16:13:01.475 TblSystemInfo.TIMEFORMAT not available
16:13:01.477 TblSystemInfo.DATEFORMAT not available
16:13:01.480 TblSystemInfo.MONEYFORMAT not available
16:13:18.183 TBLLANGUAGE not configured!
16:13:18.527 TBLACCOUNTTYPE not configured!
16:13:18.529 TblSystemInfo.TIMEFORMAT not available
16:13:18.530 TblSystemInfo.DATEFORMAT not available
16:13:18.531 TblSystemInfo.MONEYFORMAT not available
16:16:52.446 TBLLANGUAGE not configured!
16:16:52.794 TBLACCOUNTTYPE not configured!
16:16:52.797 TblSystemInfo.TIMEFORMAT not available
16:16:52.799 TblSystemInfo.DATEFORMAT not available
16:16:52.801 TblSystemInfo.MONEYFORMAT not available
16:17:30.421 TBLLANGUAGE not configured!
16:17:30.770 TBLACCOUNTTYPE not configured!
16:17:30.773 TblSystemInfo.TIMEFORMAT not available
16:17:30.776 TblSystemInfo.DATEFORMAT not available
16:17:30.778 TblSystemInfo.MONEYFORMAT not available
16:29:13.675 TBLLANGUAGE not configured!
16:29:14.015 TBLACCOUNTTYPE not configured!
16:29:14.017 TblSystemInfo.TIMEFORMAT not available
16:29:14.019 TblSystemInfo.DATEFORMAT not available
16:29:14.020 TblSystemInfo.MONEYFORMAT not available
16:36:01.844 TBLLANGUAGE not configured!
16:36:02.170 TBLACCOUNTTYPE not configured!
16:36:02.172 TblSystemInfo.TIMEFORMAT not available
16:36:02.175 TblSystemInfo.DATEFORMAT not available
16:36:02.176 TblSystemInfo.MONEYFORMAT not available
16:36:46.916 TBLLANGUAGE not configured!
16:36:47.240 TBLACCOUNTTYPE not configured!
16:36:47.243 TblSystemInfo.TIMEFORMAT not available
16:36:47.246 TblSystemInfo.DATEFORMAT not available
16:36:47.248 TblSystemInfo.MONEYFORMAT not available
16:37:16.996 TBLLANGUAGE not configured!
16:37:17.319 TBLACCOUNTTYPE not configured!
16:37:17.321 TblSystemInfo.TIMEFORMAT not available
16:37:17.323 TblSystemInfo.DATEFORMAT not available
16:37:17.325 TblSystemInfo.MONEYFORMAT not available
16:38:07.336 TBLLANGUAGE not configured!
16:38:07.661 TBLACCOUNTTYPE not configured!
16:38:07.664 TblSystemInfo.TIMEFORMAT not available
16:38:07.666 TblSystemInfo.DATEFORMAT not available
16:38:07.667 TblSystemInfo.MONEYFORMAT not available
16:38:57.023 TBLLANGUAGE not configured!
16:38:57.344 TBLACCOUNTTYPE not configured!
16:38:57.346 TblSystemInfo.TIMEFORMAT not available
16:38:57.347 TblSystemInfo.DATEFORMAT not available
16:38:57.348 TblSystemInfo.MONEYFORMAT not available
16:42:25.721 TBLLANGUAGE not configured!
16:42:26.090 TBLACCOUNTTYPE not configured!
16:42:26.093 TblSystemInfo.TIMEFORMAT not available
16:42:26.096 TblSystemInfo.DATEFORMAT not available
16:42:26.098 TblSystemInfo.MONEYFORMAT not available
16:43:06.356 TBLLANGUAGE not configured!
16:43:06.723 TBLACCOUNTTYPE not configured!
16:43:06.725 TblSystemInfo.TIMEFORMAT not available
16:43:06.726 TblSystemInfo.DATEFORMAT not available
16:43:06.728 TblSystemInfo.MONEYFORMAT not available
16:43:23.215 TBLLANGUAGE not configured!
16:43:23.601 TBLACCOUNTTYPE not configured!
16:43:23.603 TblSystemInfo.TIMEFORMAT not available
16:43:23.606 TblSystemInfo.DATEFORMAT not available
16:43:23.609 TblSystemInfo.MONEYFORMAT not available
16:44:13.178 TBLLANGUAGE not configured!
16:44:14.221 TBLACCOUNTTYPE not configured!
16:44:14.224 TblSystemInfo.TIMEFORMAT not available
16:44:14.226 TblSystemInfo.DATEFORMAT not available
16:44:14.228 TblSystemInfo.MONEYFORMAT not available
16:44:43.372 TBLLANGUAGE not configured!
16:44:43.923 TBLACCOUNTTYPE not configured!
16:44:43.925 TblSystemInfo.TIMEFORMAT not available
16:44:43.928 TblSystemInfo.DATEFORMAT not available
16:44:43.929 TblSystemInfo.MONEYFORMAT not available
16:48:58.939 TBLLANGUAGE not configured!
16:48:59.315 TBLACCOUNTTYPE not configured!
16:48:59.317 TblSystemInfo.TIMEFORMAT not available
16:48:59.319 TblSystemInfo.DATEFORMAT not available
16:48:59.321 TblSystemInfo.MONEYFORMAT not available
16:51:31.189 TBLLANGUAGE not configured!
16:51:31.546 TBLACCOUNTTYPE not configured!
16:51:31.548 TblSystemInfo.TIMEFORMAT not available
16:51:31.550 TblSystemInfo.DATEFORMAT not available
16:51:31.553 TblSystemInfo.MONEYFORMAT not available
16:51:46.802 TBLLANGUAGE not configured!
16:51:47.208 TBLACCOUNTTYPE not configured!
16:51:47.211 TblSystemInfo.TIMEFORMAT not available
16:51:47.214 TblSystemInfo.DATEFORMAT not available
16:51:47.217 TblSystemInfo.MONEYFORMAT not available
16:52:19.229 TBLLANGUAGE not configured!
16:52:19.608 TBLACCOUNTTYPE not configured!
16:52:19.610 TblSystemInfo.TIMEFORMAT not available
16:52:19.611 TblSystemInfo.DATEFORMAT not available
16:52:19.612 TblSystemInfo.MONEYFORMAT not available
16:52:41.530 TBLLANGUAGE not configured!
16:52:41.961 TBLACCOUNTTYPE not configured!
16:52:41.963 TblSystemInfo.TIMEFORMAT not available
16:52:41.964 TblSystemInfo.DATEFORMAT not available
16:52:41.965 TblSystemInfo.MONEYFORMAT not available
16:54:41.438 TBLLANGUAGE not configured!
16:54:41.781 TBLACCOUNTTYPE not configured!
16:54:41.783 TblSystemInfo.TIMEFORMAT not available
16:54:41.784 TblSystemInfo.DATEFORMAT not available
16:54:41.785 TblSystemInfo.MONEYFORMAT not available
16:56:17.748 TBLLANGUAGE not configured!
16:56:18.104 TBLACCOUNTTYPE not configured!
16:56:18.106 TblSystemInfo.TIMEFORMAT not available
16:56:18.109 TblSystemInfo.DATEFORMAT not available
16:56:18.110 TblSystemInfo.MONEYFORMAT not available
16:56:51.806 TBLLANGUAGE not configured!
16:56:52.156 TBLACCOUNTTYPE not configured!
16:56:52.159 TblSystemInfo.TIMEFORMAT not available
16:56:52.161 TblSystemInfo.DATEFORMAT not available
16:56:52.162 TblSystemInfo.MONEYFORMAT not available
