18:48:25.345 DBConnection unavailable!
18:48:25.352 java.sql.SQLRecoverableException: IO Error: The Network Adapter could not establish the connection
	at oracle.jdbc.driver.T4CConnection.logon(T4CConnection.java:458)
	at oracle.jdbc.driver.PhysicalConnection.<init>(PhysicalConnection.java:546)
	at oracle.jdbc.driver.T4CConnection.<init>(T4CConnection.java:236)
	at oracle.jdbc.driver.T4CDriverExtension.getConnection(T4CDriverExtension.java:32)
	at oracle.jdbc.driver.OracleDriver.connect(OracleDriver.java:521)
	at oracle.jdbc.pool.OracleDataSource.getPhysicalConnection(OracleDataSource.java:280)
	at oracle.jdbc.pool.OracleDataSource.getConnection(OracleDataSource.java:207)
	at oracle.jdbc.pool.OracleConnectionPoolDataSource.getPhysicalConnection(OracleConnectionPoolDataSource.java:139)
	at oracle.jdbc.pool.OracleConnectionPoolDataSource.getPooledConnection(OracleConnectionPoolDataSource.java:88)
	at oracle.jdbc.pool.OracleImplicitConnectionCache.makeCacheConnection(OracleImplicitConnectionCache.java:1598)
	at oracle.jdbc.pool.OracleImplicitConnectionCache.makeOneConnection(OracleImplicitConnectionCache.java:515)
	at oracle.jdbc.pool.OracleImplicitConnectionCache.getCacheConnection(OracleImplicitConnectionCache.java:475)
	at oracle.jdbc.pool.OracleImplicitConnectionCache.getConnection(OracleImplicitConnectionCache.java:357)
	at oracle.jdbc.pool.OracleDataSource.getConnection(OracleDataSource.java:395)
	at oracle.jdbc.pool.OracleDataSource.getConnection(OracleDataSource.java:179)
	at oracle.jdbc.pool.OracleDataSource.getConnection(OracleDataSource.java:157)
	at com.tlc.common.DbWrapper.GetConnection(DbWrapper.java:443)
	at com.tlc.common.DbWrapper.QueryUpdate(DbWrapper.java:268)
	at com.tlc.common.SystemInfo.addAuditTrail(SystemInfo.java:150)
	at com.tlc.common.SystemInfo.<clinit>(SystemInfo.java:86)
	at com.tlc.gui.modules.common.Model.<init>(Model.java:29)
	at com.psi.business.util.Business.<init>(Business.java:9)
	at com.psi.business.test.Tester.main(Tester.java:43)
Caused by: oracle.net.ns.NetException: The Network Adapter could not establish the connection
	at oracle.net.nt.ConnStrategy.execute(ConnStrategy.java:392)
	at oracle.net.resolver.AddrResolution.resolveAndExecute(AddrResolution.java:434)
	at oracle.net.ns.NSProtocol.establishConnection(NSProtocol.java:687)
	at oracle.net.ns.NSProtocol.connect(NSProtocol.java:247)
	at oracle.jdbc.driver.T4CConnection.connect(T4CConnection.java:1102)
	at oracle.jdbc.driver.T4CConnection.logon(T4CConnection.java:320)
	... 22 more
Caused by: java.net.ConnectException: Connection refused: connect
	at java.net.DualStackPlainSocketImpl.waitForConnect(Native Method)
	at java.net.DualStackPlainSocketImpl.socketConnect(Unknown Source)
	at java.net.AbstractPlainSocketImpl.doConnect(Unknown Source)
	at java.net.AbstractPlainSocketImpl.connectToAddress(Unknown Source)
	at java.net.AbstractPlainSocketImpl.connect(Unknown Source)
	at java.net.PlainSocketImpl.connect(Unknown Source)
	at java.net.SocksSocketImpl.connect(Unknown Source)
	at java.net.Socket.connect(Unknown Source)
	at oracle.net.nt.TcpNTAdapter.connect(TcpNTAdapter.java:150)
	at oracle.net.nt.ConnOption.connect(ConnOption.java:133)
	at oracle.net.nt.ConnStrategy.execute(ConnStrategy.java:370)
	... 27 more

18:48:32.358 DBConnection unavailable!
18:48:32.360 java.sql.SQLRecoverableException: IO Error: The Network Adapter could not establish the connection
	at oracle.jdbc.driver.T4CConnection.logon(T4CConnection.java:458)
	at oracle.jdbc.driver.PhysicalConnection.<init>(PhysicalConnection.java:546)
	at oracle.jdbc.driver.T4CConnection.<init>(T4CConnection.java:236)
	at oracle.jdbc.driver.T4CDriverExtension.getConnection(T4CDriverExtension.java:32)
	at oracle.jdbc.driver.OracleDriver.connect(OracleDriver.java:521)
	at oracle.jdbc.pool.OracleDataSource.getPhysicalConnection(OracleDataSource.java:280)
	at oracle.jdbc.pool.OracleDataSource.getConnection(OracleDataSource.java:207)
	at oracle.jdbc.pool.OracleConnectionPoolDataSource.getPhysicalConnection(OracleConnectionPoolDataSource.java:139)
	at oracle.jdbc.pool.OracleConnectionPoolDataSource.getPooledConnection(OracleConnectionPoolDataSource.java:88)
	at oracle.jdbc.pool.OracleImplicitConnectionCache.makeCacheConnection(OracleImplicitConnectionCache.java:1598)
	at oracle.jdbc.pool.OracleImplicitConnectionCache.makeOneConnection(OracleImplicitConnectionCache.java:515)
	at oracle.jdbc.pool.OracleImplicitConnectionCache.getCacheConnection(OracleImplicitConnectionCache.java:475)
	at oracle.jdbc.pool.OracleImplicitConnectionCache.getConnection(OracleImplicitConnectionCache.java:357)
	at oracle.jdbc.pool.OracleDataSource.getConnection(OracleDataSource.java:395)
	at oracle.jdbc.pool.OracleDataSource.getConnection(OracleDataSource.java:179)
	at oracle.jdbc.pool.OracleDataSource.getConnection(OracleDataSource.java:157)
	at com.tlc.common.DbWrapper.GetConnection(DbWrapper.java:443)
	at com.tlc.common.DbWrapper.QueryUpdate(DbWrapper.java:268)
	at com.tlc.common.SystemInfo.addAuditTrail(SystemInfo.java:150)
	at com.tlc.common.SystemInfo.<clinit>(SystemInfo.java:86)
	at com.tlc.gui.modules.common.Model.<init>(Model.java:29)
	at com.psi.business.util.Business.<init>(Business.java:9)
	at com.psi.business.test.Tester.main(Tester.java:43)
Caused by: oracle.net.ns.NetException: The Network Adapter could not establish the connection
	at oracle.net.nt.ConnStrategy.execute(ConnStrategy.java:392)
	at oracle.net.resolver.AddrResolution.resolveAndExecute(AddrResolution.java:434)
	at oracle.net.ns.NSProtocol.establishConnection(NSProtocol.java:687)
	at oracle.net.ns.NSProtocol.connect(NSProtocol.java:247)
	at oracle.jdbc.driver.T4CConnection.connect(T4CConnection.java:1102)
	at oracle.jdbc.driver.T4CConnection.logon(T4CConnection.java:320)
	... 22 more
Caused by: java.net.ConnectException: Connection refused: connect
	at java.net.DualStackPlainSocketImpl.waitForConnect(Native Method)
	at java.net.DualStackPlainSocketImpl.socketConnect(Unknown Source)
	at java.net.AbstractPlainSocketImpl.doConnect(Unknown Source)
	at java.net.AbstractPlainSocketImpl.connectToAddress(Unknown Source)
	at java.net.AbstractPlainSocketImpl.connect(Unknown Source)
	at java.net.PlainSocketImpl.connect(Unknown Source)
	at java.net.SocksSocketImpl.connect(Unknown Source)
	at java.net.Socket.connect(Unknown Source)
	at oracle.net.nt.TcpNTAdapter.connect(TcpNTAdapter.java:150)
	at oracle.net.nt.ConnOption.connect(ConnOption.java:133)
	at oracle.net.nt.ConnStrategy.execute(ConnStrategy.java:370)
	... 27 more

18:48:39.368 DBConnection unavailable!
18:48:39.370 java.sql.SQLRecoverableException: IO Error: The Network Adapter could not establish the connection
	at oracle.jdbc.driver.T4CConnection.logon(T4CConnection.java:458)
	at oracle.jdbc.driver.PhysicalConnection.<init>(PhysicalConnection.java:546)
	at oracle.jdbc.driver.T4CConnection.<init>(T4CConnection.java:236)
	at oracle.jdbc.driver.T4CDriverExtension.getConnection(T4CDriverExtension.java:32)
	at oracle.jdbc.driver.OracleDriver.connect(OracleDriver.java:521)
	at oracle.jdbc.pool.OracleDataSource.getPhysicalConnection(OracleDataSource.java:280)
	at oracle.jdbc.pool.OracleDataSource.getConnection(OracleDataSource.java:207)
	at oracle.jdbc.pool.OracleConnectionPoolDataSource.getPhysicalConnection(OracleConnectionPoolDataSource.java:139)
	at oracle.jdbc.pool.OracleConnectionPoolDataSource.getPooledConnection(OracleConnectionPoolDataSource.java:88)
	at oracle.jdbc.pool.OracleImplicitConnectionCache.makeCacheConnection(OracleImplicitConnectionCache.java:1598)
	at oracle.jdbc.pool.OracleImplicitConnectionCache.makeOneConnection(OracleImplicitConnectionCache.java:515)
	at oracle.jdbc.pool.OracleImplicitConnectionCache.getCacheConnection(OracleImplicitConnectionCache.java:475)
	at oracle.jdbc.pool.OracleImplicitConnectionCache.getConnection(OracleImplicitConnectionCache.java:357)
	at oracle.jdbc.pool.OracleDataSource.getConnection(OracleDataSource.java:395)
	at oracle.jdbc.pool.OracleDataSource.getConnection(OracleDataSource.java:179)
	at oracle.jdbc.pool.OracleDataSource.getConnection(OracleDataSource.java:157)
	at com.tlc.common.DbWrapper.GetConnection(DbWrapper.java:443)
	at com.tlc.common.DbWrapper.QueryUpdate(DbWrapper.java:268)
	at com.tlc.common.SystemInfo.addAuditTrail(SystemInfo.java:150)
	at com.tlc.common.SystemInfo.<clinit>(SystemInfo.java:86)
	at com.tlc.gui.modules.common.Model.<init>(Model.java:29)
	at com.psi.business.util.Business.<init>(Business.java:9)
	at com.psi.business.test.Tester.main(Tester.java:43)
Caused by: oracle.net.ns.NetException: The Network Adapter could not establish the connection
	at oracle.net.nt.ConnStrategy.execute(ConnStrategy.java:392)
	at oracle.net.resolver.AddrResolution.resolveAndExecute(AddrResolution.java:434)
	at oracle.net.ns.NSProtocol.establishConnection(NSProtocol.java:687)
	at oracle.net.ns.NSProtocol.connect(NSProtocol.java:247)
	at oracle.jdbc.driver.T4CConnection.connect(T4CConnection.java:1102)
	at oracle.jdbc.driver.T4CConnection.logon(T4CConnection.java:320)
	... 22 more
Caused by: java.net.ConnectException: Connection refused: connect
	at java.net.DualStackPlainSocketImpl.waitForConnect(Native Method)
	at java.net.DualStackPlainSocketImpl.socketConnect(Unknown Source)
	at java.net.AbstractPlainSocketImpl.doConnect(Unknown Source)
	at java.net.AbstractPlainSocketImpl.connectToAddress(Unknown Source)
	at java.net.AbstractPlainSocketImpl.connect(Unknown Source)
	at java.net.PlainSocketImpl.connect(Unknown Source)
	at java.net.SocksSocketImpl.connect(Unknown Source)
	at java.net.Socket.connect(Unknown Source)
	at oracle.net.nt.TcpNTAdapter.connect(TcpNTAdapter.java:150)
	at oracle.net.nt.ConnOption.connect(ConnOption.java:133)
	at oracle.net.nt.ConnStrategy.execute(ConnStrategy.java:370)
	... 27 more

18:48:46.378 DBConnection unavailable!
18:48:46.381 java.sql.SQLRecoverableException: IO Error: The Network Adapter could not establish the connection
	at oracle.jdbc.driver.T4CConnection.logon(T4CConnection.java:458)
	at oracle.jdbc.driver.PhysicalConnection.<init>(PhysicalConnection.java:546)
	at oracle.jdbc.driver.T4CConnection.<init>(T4CConnection.java:236)
	at oracle.jdbc.driver.T4CDriverExtension.getConnection(T4CDriverExtension.java:32)
	at oracle.jdbc.driver.OracleDriver.connect(OracleDriver.java:521)
	at oracle.jdbc.pool.OracleDataSource.getPhysicalConnection(OracleDataSource.java:280)
	at oracle.jdbc.pool.OracleDataSource.getConnection(OracleDataSource.java:207)
	at oracle.jdbc.pool.OracleConnectionPoolDataSource.getPhysicalConnection(OracleConnectionPoolDataSource.java:139)
	at oracle.jdbc.pool.OracleConnectionPoolDataSource.getPooledConnection(OracleConnectionPoolDataSource.java:88)
	at oracle.jdbc.pool.OracleImplicitConnectionCache.makeCacheConnection(OracleImplicitConnectionCache.java:1598)
	at oracle.jdbc.pool.OracleImplicitConnectionCache.makeOneConnection(OracleImplicitConnectionCache.java:515)
	at oracle.jdbc.pool.OracleImplicitConnectionCache.getCacheConnection(OracleImplicitConnectionCache.java:475)
	at oracle.jdbc.pool.OracleImplicitConnectionCache.getConnection(OracleImplicitConnectionCache.java:357)
	at oracle.jdbc.pool.OracleDataSource.getConnection(OracleDataSource.java:395)
	at oracle.jdbc.pool.OracleDataSource.getConnection(OracleDataSource.java:179)
	at oracle.jdbc.pool.OracleDataSource.getConnection(OracleDataSource.java:157)
	at com.tlc.common.DbWrapper.GetConnection(DbWrapper.java:443)
	at com.tlc.common.DbWrapper.QueryUpdate(DbWrapper.java:268)
	at com.tlc.common.SystemInfo.addAuditTrail(SystemInfo.java:150)
	at com.tlc.common.SystemInfo.<clinit>(SystemInfo.java:86)
	at com.tlc.gui.modules.common.Model.<init>(Model.java:29)
	at com.psi.business.util.Business.<init>(Business.java:9)
	at com.psi.business.test.Tester.main(Tester.java:43)
Caused by: oracle.net.ns.NetException: The Network Adapter could not establish the connection
	at oracle.net.nt.ConnStrategy.execute(ConnStrategy.java:392)
	at oracle.net.resolver.AddrResolution.resolveAndExecute(AddrResolution.java:434)
	at oracle.net.ns.NSProtocol.establishConnection(NSProtocol.java:687)
	at oracle.net.ns.NSProtocol.connect(NSProtocol.java:247)
	at oracle.jdbc.driver.T4CConnection.connect(T4CConnection.java:1102)
	at oracle.jdbc.driver.T4CConnection.logon(T4CConnection.java:320)
	... 22 more
Caused by: java.net.ConnectException: Connection refused: connect
	at java.net.DualStackPlainSocketImpl.waitForConnect(Native Method)
	at java.net.DualStackPlainSocketImpl.socketConnect(Unknown Source)
	at java.net.AbstractPlainSocketImpl.doConnect(Unknown Source)
	at java.net.AbstractPlainSocketImpl.connectToAddress(Unknown Source)
	at java.net.AbstractPlainSocketImpl.connect(Unknown Source)
	at java.net.PlainSocketImpl.connect(Unknown Source)
	at java.net.SocksSocketImpl.connect(Unknown Source)
	at java.net.Socket.connect(Unknown Source)
	at oracle.net.nt.TcpNTAdapter.connect(TcpNTAdapter.java:150)
	at oracle.net.nt.ConnOption.connect(ConnOption.java:133)
	at oracle.net.nt.ConnStrategy.execute(ConnStrategy.java:370)
	... 27 more

18:48:53.384 DBConnection unavailable!
18:48:53.386 java.sql.SQLRecoverableException: IO Error: The Network Adapter could not establish the connection
	at oracle.jdbc.driver.T4CConnection.logon(T4CConnection.java:458)
	at oracle.jdbc.driver.PhysicalConnection.<init>(PhysicalConnection.java:546)
	at oracle.jdbc.driver.T4CConnection.<init>(T4CConnection.java:236)
	at oracle.jdbc.driver.T4CDriverExtension.getConnection(T4CDriverExtension.java:32)
	at oracle.jdbc.driver.OracleDriver.connect(OracleDriver.java:521)
	at oracle.jdbc.pool.OracleDataSource.getPhysicalConnection(OracleDataSource.java:280)
	at oracle.jdbc.pool.OracleDataSource.getConnection(OracleDataSource.java:207)
	at oracle.jdbc.pool.OracleConnectionPoolDataSource.getPhysicalConnection(OracleConnectionPoolDataSource.java:139)
	at oracle.jdbc.pool.OracleConnectionPoolDataSource.getPooledConnection(OracleConnectionPoolDataSource.java:88)
	at oracle.jdbc.pool.OracleImplicitConnectionCache.makeCacheConnection(OracleImplicitConnectionCache.java:1598)
	at oracle.jdbc.pool.OracleImplicitConnectionCache.makeOneConnection(OracleImplicitConnectionCache.java:515)
	at oracle.jdbc.pool.OracleImplicitConnectionCache.getCacheConnection(OracleImplicitConnectionCache.java:475)
	at oracle.jdbc.pool.OracleImplicitConnectionCache.getConnection(OracleImplicitConnectionCache.java:357)
	at oracle.jdbc.pool.OracleDataSource.getConnection(OracleDataSource.java:395)
	at oracle.jdbc.pool.OracleDataSource.getConnection(OracleDataSource.java:179)
	at oracle.jdbc.pool.OracleDataSource.getConnection(OracleDataSource.java:157)
	at com.tlc.common.DbWrapper.GetConnection(DbWrapper.java:443)
	at com.tlc.common.DbWrapper.QueryUpdate(DbWrapper.java:268)
	at com.tlc.common.SystemInfo.addAuditTrail(SystemInfo.java:150)
	at com.tlc.common.SystemInfo.<clinit>(SystemInfo.java:86)
	at com.tlc.gui.modules.common.Model.<init>(Model.java:29)
	at com.psi.business.util.Business.<init>(Business.java:9)
	at com.psi.business.test.Tester.main(Tester.java:43)
Caused by: oracle.net.ns.NetException: The Network Adapter could not establish the connection
	at oracle.net.nt.ConnStrategy.execute(ConnStrategy.java:392)
	at oracle.net.resolver.AddrResolution.resolveAndExecute(AddrResolution.java:434)
	at oracle.net.ns.NSProtocol.establishConnection(NSProtocol.java:687)
	at oracle.net.ns.NSProtocol.connect(NSProtocol.java:247)
	at oracle.jdbc.driver.T4CConnection.connect(T4CConnection.java:1102)
	at oracle.jdbc.driver.T4CConnection.logon(T4CConnection.java:320)
	... 22 more
Caused by: java.net.ConnectException: Connection refused: connect
	at java.net.DualStackPlainSocketImpl.waitForConnect(Native Method)
	at java.net.DualStackPlainSocketImpl.socketConnect(Unknown Source)
	at java.net.AbstractPlainSocketImpl.doConnect(Unknown Source)
	at java.net.AbstractPlainSocketImpl.connectToAddress(Unknown Source)
	at java.net.AbstractPlainSocketImpl.connect(Unknown Source)
	at java.net.PlainSocketImpl.connect(Unknown Source)
	at java.net.SocksSocketImpl.connect(Unknown Source)
	at java.net.Socket.connect(Unknown Source)
	at oracle.net.nt.TcpNTAdapter.connect(TcpNTAdapter.java:150)
	at oracle.net.nt.ConnOption.connect(ConnOption.java:133)
	at oracle.net.nt.ConnStrategy.execute(ConnStrategy.java:370)
	... 27 more

18:49:00.392 DBConnection unavailable!
18:49:00.394 java.sql.SQLRecoverableException: IO Error: The Network Adapter could not establish the connection
	at oracle.jdbc.driver.T4CConnection.logon(T4CConnection.java:458)
	at oracle.jdbc.driver.PhysicalConnection.<init>(PhysicalConnection.java:546)
	at oracle.jdbc.driver.T4CConnection.<init>(T4CConnection.java:236)
	at oracle.jdbc.driver.T4CDriverExtension.getConnection(T4CDriverExtension.java:32)
	at oracle.jdbc.driver.OracleDriver.connect(OracleDriver.java:521)
	at oracle.jdbc.pool.OracleDataSource.getPhysicalConnection(OracleDataSource.java:280)
	at oracle.jdbc.pool.OracleDataSource.getConnection(OracleDataSource.java:207)
	at oracle.jdbc.pool.OracleConnectionPoolDataSource.getPhysicalConnection(OracleConnectionPoolDataSource.java:139)
	at oracle.jdbc.pool.OracleConnectionPoolDataSource.getPooledConnection(OracleConnectionPoolDataSource.java:88)
	at oracle.jdbc.pool.OracleImplicitConnectionCache.makeCacheConnection(OracleImplicitConnectionCache.java:1598)
	at oracle.jdbc.pool.OracleImplicitConnectionCache.makeOneConnection(OracleImplicitConnectionCache.java:515)
	at oracle.jdbc.pool.OracleImplicitConnectionCache.getCacheConnection(OracleImplicitConnectionCache.java:475)
	at oracle.jdbc.pool.OracleImplicitConnectionCache.getConnection(OracleImplicitConnectionCache.java:357)
	at oracle.jdbc.pool.OracleDataSource.getConnection(OracleDataSource.java:395)
	at oracle.jdbc.pool.OracleDataSource.getConnection(OracleDataSource.java:179)
	at oracle.jdbc.pool.OracleDataSource.getConnection(OracleDataSource.java:157)
	at com.tlc.common.DbWrapper.GetConnection(DbWrapper.java:443)
	at com.tlc.common.DbWrapper.QueryUpdate(DbWrapper.java:268)
	at com.tlc.common.SystemInfo.addAuditTrail(SystemInfo.java:150)
	at com.tlc.common.SystemInfo.<clinit>(SystemInfo.java:86)
	at com.tlc.gui.modules.common.Model.<init>(Model.java:29)
	at com.psi.business.util.Business.<init>(Business.java:9)
	at com.psi.business.test.Tester.main(Tester.java:43)
Caused by: oracle.net.ns.NetException: The Network Adapter could not establish the connection
	at oracle.net.nt.ConnStrategy.execute(ConnStrategy.java:392)
	at oracle.net.resolver.AddrResolution.resolveAndExecute(AddrResolution.java:434)
	at oracle.net.ns.NSProtocol.establishConnection(NSProtocol.java:687)
	at oracle.net.ns.NSProtocol.connect(NSProtocol.java:247)
	at oracle.jdbc.driver.T4CConnection.connect(T4CConnection.java:1102)
	at oracle.jdbc.driver.T4CConnection.logon(T4CConnection.java:320)
	... 22 more
Caused by: java.net.ConnectException: Connection refused: connect
	at java.net.DualStackPlainSocketImpl.waitForConnect(Native Method)
	at java.net.DualStackPlainSocketImpl.socketConnect(Unknown Source)
	at java.net.AbstractPlainSocketImpl.doConnect(Unknown Source)
	at java.net.AbstractPlainSocketImpl.connectToAddress(Unknown Source)
	at java.net.AbstractPlainSocketImpl.connect(Unknown Source)
	at java.net.PlainSocketImpl.connect(Unknown Source)
	at java.net.SocksSocketImpl.connect(Unknown Source)
	at java.net.Socket.connect(Unknown Source)
	at oracle.net.nt.TcpNTAdapter.connect(TcpNTAdapter.java:150)
	at oracle.net.nt.ConnOption.connect(ConnOption.java:133)
	at oracle.net.nt.ConnStrategy.execute(ConnStrategy.java:370)
	... 27 more

18:49:07.407 DBConnection unavailable!
18:49:07.409 java.sql.SQLRecoverableException: IO Error: The Network Adapter could not establish the connection
	at oracle.jdbc.driver.T4CConnection.logon(T4CConnection.java:458)
	at oracle.jdbc.driver.PhysicalConnection.<init>(PhysicalConnection.java:546)
	at oracle.jdbc.driver.T4CConnection.<init>(T4CConnection.java:236)
	at oracle.jdbc.driver.T4CDriverExtension.getConnection(T4CDriverExtension.java:32)
	at oracle.jdbc.driver.OracleDriver.connect(OracleDriver.java:521)
	at oracle.jdbc.pool.OracleDataSource.getPhysicalConnection(OracleDataSource.java:280)
	at oracle.jdbc.pool.OracleDataSource.getConnection(OracleDataSource.java:207)
	at oracle.jdbc.pool.OracleConnectionPoolDataSource.getPhysicalConnection(OracleConnectionPoolDataSource.java:139)
	at oracle.jdbc.pool.OracleConnectionPoolDataSource.getPooledConnection(OracleConnectionPoolDataSource.java:88)
	at oracle.jdbc.pool.OracleImplicitConnectionCache.makeCacheConnection(OracleImplicitConnectionCache.java:1598)
	at oracle.jdbc.pool.OracleImplicitConnectionCache.makeOneConnection(OracleImplicitConnectionCache.java:515)
	at oracle.jdbc.pool.OracleImplicitConnectionCache.getCacheConnection(OracleImplicitConnectionCache.java:475)
	at oracle.jdbc.pool.OracleImplicitConnectionCache.getConnection(OracleImplicitConnectionCache.java:357)
	at oracle.jdbc.pool.OracleDataSource.getConnection(OracleDataSource.java:395)
	at oracle.jdbc.pool.OracleDataSource.getConnection(OracleDataSource.java:179)
	at oracle.jdbc.pool.OracleDataSource.getConnection(OracleDataSource.java:157)
	at com.tlc.common.DbWrapper.GetConnection(DbWrapper.java:443)
	at com.tlc.common.DbWrapper.QueryUpdate(DbWrapper.java:268)
	at com.tlc.common.SystemInfo.addAuditTrail(SystemInfo.java:150)
	at com.tlc.common.SystemInfo.<clinit>(SystemInfo.java:86)
	at com.tlc.gui.modules.common.Model.<init>(Model.java:29)
	at com.psi.business.util.Business.<init>(Business.java:9)
	at com.psi.business.test.Tester.main(Tester.java:43)
Caused by: oracle.net.ns.NetException: The Network Adapter could not establish the connection
	at oracle.net.nt.ConnStrategy.execute(ConnStrategy.java:392)
	at oracle.net.resolver.AddrResolution.resolveAndExecute(AddrResolution.java:434)
	at oracle.net.ns.NSProtocol.establishConnection(NSProtocol.java:687)
	at oracle.net.ns.NSProtocol.connect(NSProtocol.java:247)
	at oracle.jdbc.driver.T4CConnection.connect(T4CConnection.java:1102)
	at oracle.jdbc.driver.T4CConnection.logon(T4CConnection.java:320)
	... 22 more
Caused by: java.net.ConnectException: Connection refused: connect
	at java.net.DualStackPlainSocketImpl.waitForConnect(Native Method)
	at java.net.DualStackPlainSocketImpl.socketConnect(Unknown Source)
	at java.net.AbstractPlainSocketImpl.doConnect(Unknown Source)
	at java.net.AbstractPlainSocketImpl.connectToAddress(Unknown Source)
	at java.net.AbstractPlainSocketImpl.connect(Unknown Source)
	at java.net.PlainSocketImpl.connect(Unknown Source)
	at java.net.SocksSocketImpl.connect(Unknown Source)
	at java.net.Socket.connect(Unknown Source)
	at oracle.net.nt.TcpNTAdapter.connect(TcpNTAdapter.java:150)
	at oracle.net.nt.ConnOption.connect(ConnOption.java:133)
	at oracle.net.nt.ConnStrategy.execute(ConnStrategy.java:370)
	... 27 more

18:49:14.424 DBConnection unavailable!
18:49:14.426 java.sql.SQLRecoverableException: IO Error: The Network Adapter could not establish the connection
	at oracle.jdbc.driver.T4CConnection.logon(T4CConnection.java:458)
	at oracle.jdbc.driver.PhysicalConnection.<init>(PhysicalConnection.java:546)
	at oracle.jdbc.driver.T4CConnection.<init>(T4CConnection.java:236)
	at oracle.jdbc.driver.T4CDriverExtension.getConnection(T4CDriverExtension.java:32)
	at oracle.jdbc.driver.OracleDriver.connect(OracleDriver.java:521)
	at oracle.jdbc.pool.OracleDataSource.getPhysicalConnection(OracleDataSource.java:280)
	at oracle.jdbc.pool.OracleDataSource.getConnection(OracleDataSource.java:207)
	at oracle.jdbc.pool.OracleConnectionPoolDataSource.getPhysicalConnection(OracleConnectionPoolDataSource.java:139)
	at oracle.jdbc.pool.OracleConnectionPoolDataSource.getPooledConnection(OracleConnectionPoolDataSource.java:88)
	at oracle.jdbc.pool.OracleImplicitConnectionCache.makeCacheConnection(OracleImplicitConnectionCache.java:1598)
	at oracle.jdbc.pool.OracleImplicitConnectionCache.makeOneConnection(OracleImplicitConnectionCache.java:515)
	at oracle.jdbc.pool.OracleImplicitConnectionCache.getCacheConnection(OracleImplicitConnectionCache.java:475)
	at oracle.jdbc.pool.OracleImplicitConnectionCache.getConnection(OracleImplicitConnectionCache.java:357)
	at oracle.jdbc.pool.OracleDataSource.getConnection(OracleDataSource.java:395)
	at oracle.jdbc.pool.OracleDataSource.getConnection(OracleDataSource.java:179)
	at oracle.jdbc.pool.OracleDataSource.getConnection(OracleDataSource.java:157)
	at com.tlc.common.DbWrapper.GetConnection(DbWrapper.java:443)
	at com.tlc.common.DbWrapper.QueryUpdate(DbWrapper.java:268)
	at com.tlc.common.SystemInfo.addAuditTrail(SystemInfo.java:150)
	at com.tlc.common.SystemInfo.<clinit>(SystemInfo.java:86)
	at com.tlc.gui.modules.common.Model.<init>(Model.java:29)
	at com.psi.business.util.Business.<init>(Business.java:9)
	at com.psi.business.test.Tester.main(Tester.java:43)
Caused by: oracle.net.ns.NetException: The Network Adapter could not establish the connection
	at oracle.net.nt.ConnStrategy.execute(ConnStrategy.java:392)
	at oracle.net.resolver.AddrResolution.resolveAndExecute(AddrResolution.java:434)
	at oracle.net.ns.NSProtocol.establishConnection(NSProtocol.java:687)
	at oracle.net.ns.NSProtocol.connect(NSProtocol.java:247)
	at oracle.jdbc.driver.T4CConnection.connect(T4CConnection.java:1102)
	at oracle.jdbc.driver.T4CConnection.logon(T4CConnection.java:320)
	... 22 more
Caused by: java.net.ConnectException: Connection refused: connect
	at java.net.DualStackPlainSocketImpl.waitForConnect(Native Method)
	at java.net.DualStackPlainSocketImpl.socketConnect(Unknown Source)
	at java.net.AbstractPlainSocketImpl.doConnect(Unknown Source)
	at java.net.AbstractPlainSocketImpl.connectToAddress(Unknown Source)
	at java.net.AbstractPlainSocketImpl.connect(Unknown Source)
	at java.net.PlainSocketImpl.connect(Unknown Source)
	at java.net.SocksSocketImpl.connect(Unknown Source)
	at java.net.Socket.connect(Unknown Source)
	at oracle.net.nt.TcpNTAdapter.connect(TcpNTAdapter.java:150)
	at oracle.net.nt.ConnOption.connect(ConnOption.java:133)
	at oracle.net.nt.ConnStrategy.execute(ConnStrategy.java:370)
	... 27 more

18:49:21.435 DBConnection unavailable!
18:49:21.437 java.sql.SQLRecoverableException: IO Error: The Network Adapter could not establish the connection
	at oracle.jdbc.driver.T4CConnection.logon(T4CConnection.java:458)
	at oracle.jdbc.driver.PhysicalConnection.<init>(PhysicalConnection.java:546)
	at oracle.jdbc.driver.T4CConnection.<init>(T4CConnection.java:236)
	at oracle.jdbc.driver.T4CDriverExtension.getConnection(T4CDriverExtension.java:32)
	at oracle.jdbc.driver.OracleDriver.connect(OracleDriver.java:521)
	at oracle.jdbc.pool.OracleDataSource.getPhysicalConnection(OracleDataSource.java:280)
	at oracle.jdbc.pool.OracleDataSource.getConnection(OracleDataSource.java:207)
	at oracle.jdbc.pool.OracleConnectionPoolDataSource.getPhysicalConnection(OracleConnectionPoolDataSource.java:139)
	at oracle.jdbc.pool.OracleConnectionPoolDataSource.getPooledConnection(OracleConnectionPoolDataSource.java:88)
	at oracle.jdbc.pool.OracleImplicitConnectionCache.makeCacheConnection(OracleImplicitConnectionCache.java:1598)
	at oracle.jdbc.pool.OracleImplicitConnectionCache.makeOneConnection(OracleImplicitConnectionCache.java:515)
	at oracle.jdbc.pool.OracleImplicitConnectionCache.getCacheConnection(OracleImplicitConnectionCache.java:475)
	at oracle.jdbc.pool.OracleImplicitConnectionCache.getConnection(OracleImplicitConnectionCache.java:357)
	at oracle.jdbc.pool.OracleDataSource.getConnection(OracleDataSource.java:395)
	at oracle.jdbc.pool.OracleDataSource.getConnection(OracleDataSource.java:179)
	at oracle.jdbc.pool.OracleDataSource.getConnection(OracleDataSource.java:157)
	at com.tlc.common.DbWrapper.GetConnection(DbWrapper.java:443)
	at com.tlc.common.DbWrapper.QueryUpdate(DbWrapper.java:268)
	at com.tlc.common.SystemInfo.addAuditTrail(SystemInfo.java:150)
	at com.tlc.common.SystemInfo.<clinit>(SystemInfo.java:86)
	at com.tlc.gui.modules.common.Model.<init>(Model.java:29)
	at com.psi.business.util.Business.<init>(Business.java:9)
	at com.psi.business.test.Tester.main(Tester.java:43)
Caused by: oracle.net.ns.NetException: The Network Adapter could not establish the connection
	at oracle.net.nt.ConnStrategy.execute(ConnStrategy.java:392)
	at oracle.net.resolver.AddrResolution.resolveAndExecute(AddrResolution.java:434)
	at oracle.net.ns.NSProtocol.establishConnection(NSProtocol.java:687)
	at oracle.net.ns.NSProtocol.connect(NSProtocol.java:247)
	at oracle.jdbc.driver.T4CConnection.connect(T4CConnection.java:1102)
	at oracle.jdbc.driver.T4CConnection.logon(T4CConnection.java:320)
	... 22 more
Caused by: java.net.ConnectException: Connection refused: connect
	at java.net.DualStackPlainSocketImpl.waitForConnect(Native Method)
	at java.net.DualStackPlainSocketImpl.socketConnect(Unknown Source)
	at java.net.AbstractPlainSocketImpl.doConnect(Unknown Source)
	at java.net.AbstractPlainSocketImpl.connectToAddress(Unknown Source)
	at java.net.AbstractPlainSocketImpl.connect(Unknown Source)
	at java.net.PlainSocketImpl.connect(Unknown Source)
	at java.net.SocksSocketImpl.connect(Unknown Source)
	at java.net.Socket.connect(Unknown Source)
	at oracle.net.nt.TcpNTAdapter.connect(TcpNTAdapter.java:150)
	at oracle.net.nt.ConnOption.connect(ConnOption.java:133)
	at oracle.net.nt.ConnStrategy.execute(ConnStrategy.java:370)
	... 27 more

18:49:28.446 DBConnection unavailable!
18:49:28.449 java.sql.SQLRecoverableException: IO Error: The Network Adapter could not establish the connection
	at oracle.jdbc.driver.T4CConnection.logon(T4CConnection.java:458)
	at oracle.jdbc.driver.PhysicalConnection.<init>(PhysicalConnection.java:546)
	at oracle.jdbc.driver.T4CConnection.<init>(T4CConnection.java:236)
	at oracle.jdbc.driver.T4CDriverExtension.getConnection(T4CDriverExtension.java:32)
	at oracle.jdbc.driver.OracleDriver.connect(OracleDriver.java:521)
	at oracle.jdbc.pool.OracleDataSource.getPhysicalConnection(OracleDataSource.java:280)
	at oracle.jdbc.pool.OracleDataSource.getConnection(OracleDataSource.java:207)
	at oracle.jdbc.pool.OracleConnectionPoolDataSource.getPhysicalConnection(OracleConnectionPoolDataSource.java:139)
	at oracle.jdbc.pool.OracleConnectionPoolDataSource.getPooledConnection(OracleConnectionPoolDataSource.java:88)
	at oracle.jdbc.pool.OracleImplicitConnectionCache.makeCacheConnection(OracleImplicitConnectionCache.java:1598)
	at oracle.jdbc.pool.OracleImplicitConnectionCache.makeOneConnection(OracleImplicitConnectionCache.java:515)
	at oracle.jdbc.pool.OracleImplicitConnectionCache.getCacheConnection(OracleImplicitConnectionCache.java:475)
	at oracle.jdbc.pool.OracleImplicitConnectionCache.getConnection(OracleImplicitConnectionCache.java:357)
	at oracle.jdbc.pool.OracleDataSource.getConnection(OracleDataSource.java:395)
	at oracle.jdbc.pool.OracleDataSource.getConnection(OracleDataSource.java:179)
	at oracle.jdbc.pool.OracleDataSource.getConnection(OracleDataSource.java:157)
	at com.tlc.common.DbWrapper.GetConnection(DbWrapper.java:443)
	at com.tlc.common.DbWrapper.QueryUpdate(DbWrapper.java:268)
	at com.tlc.common.SystemInfo.addAuditTrail(SystemInfo.java:150)
	at com.tlc.common.SystemInfo.<clinit>(SystemInfo.java:86)
	at com.tlc.gui.modules.common.Model.<init>(Model.java:29)
	at com.psi.business.util.Business.<init>(Business.java:9)
	at com.psi.business.test.Tester.main(Tester.java:43)
Caused by: oracle.net.ns.NetException: The Network Adapter could not establish the connection
	at oracle.net.nt.ConnStrategy.execute(ConnStrategy.java:392)
	at oracle.net.resolver.AddrResolution.resolveAndExecute(AddrResolution.java:434)
	at oracle.net.ns.NSProtocol.establishConnection(NSProtocol.java:687)
	at oracle.net.ns.NSProtocol.connect(NSProtocol.java:247)
	at oracle.jdbc.driver.T4CConnection.connect(T4CConnection.java:1102)
	at oracle.jdbc.driver.T4CConnection.logon(T4CConnection.java:320)
	... 22 more
Caused by: java.net.ConnectException: Connection refused: connect
	at java.net.DualStackPlainSocketImpl.waitForConnect(Native Method)
	at java.net.DualStackPlainSocketImpl.socketConnect(Unknown Source)
	at java.net.AbstractPlainSocketImpl.doConnect(Unknown Source)
	at java.net.AbstractPlainSocketImpl.connectToAddress(Unknown Source)
	at java.net.AbstractPlainSocketImpl.connect(Unknown Source)
	at java.net.PlainSocketImpl.connect(Unknown Source)
	at java.net.SocksSocketImpl.connect(Unknown Source)
	at java.net.Socket.connect(Unknown Source)
	at oracle.net.nt.TcpNTAdapter.connect(TcpNTAdapter.java:150)
	at oracle.net.nt.ConnOption.connect(ConnOption.java:133)
	at oracle.net.nt.ConnStrategy.execute(ConnStrategy.java:370)
	... 27 more

18:49:40.985 TBLLANGUAGE not configured!
18:49:41.655 TBLACCOUNTTYPE not configured!
18:53:38.031 TBLLANGUAGE not configured!
18:53:38.626 TBLACCOUNTTYPE not configured!
18:56:53.053 TBLLANGUAGE not configured!
18:56:53.648 TBLACCOUNTTYPE not configured!
18:57:26.976 TBLLANGUAGE not configured!
18:57:27.570 TBLACCOUNTTYPE not configured!
